{"C:\\Development\\sn-client-js\\src\\BinaryField.ts": {"path":"C:\\Development\\sn-client-js\\src\\BinaryField.ts","statementMap":{"0":{"start":{"line":62,"column":33},"end":{"line":62,"column":74}},"1":{"start":{"line":63,"column":33},"end":{"line":63,"column":67}},"2":{"start":{"line":64,"column":33},"end":{"line":64,"column":67}},"3":{"start":{"line":21,"column":11},"end":{"line":30,"column":10}},"4":{"start":{"line":24,"column":8},"end":{"line":30,"column":10}},"5":{"start":{"line":26,"column":40},"end":{"line":26,"column":80}},"6":{"start":{"line":37,"column":11},"end":{"line":37,"column":166}},"7":{"start":{"line":37,"column":99},"end":{"line":37,"column":165}},"8":{"start":{"line":43,"column":8},"end":{"line":45,"column":9}},"9":{"start":{"line":44,"column":12},"end":{"line":44,"column":118}},"10":{"start":{"line":46,"column":8},"end":{"line":46,"column":67}},"11":{"start":{"line":53,"column":8},"end":{"line":53,"column":60}},"12":{"start":{"line":14,"column":0},"end":{"line":66,"column":1}}},"fnMap":{"0":{"name":"(anonymous_0)","decl":{"start":{"line":62,"column":4},"end":{"line":62,"column":32}},"loc":{"start":{"line":64,"column":67},"end":{"line":65,"column":5}}},"1":{"name":"(anonymous_1)","decl":{"start":{"line":22,"column":6},"end":{"line":22,"column":7}},"loc":{"start":{"line":24,"column":8},"end":{"line":30,"column":10}}},"2":{"name":"(anonymous_2)","decl":{"start":{"line":26,"column":34},"end":{"line":26,"column":36}},"loc":{"start":{"line":26,"column":40},"end":{"line":26,"column":80}}},"3":{"name":"(anonymous_3)","decl":{"start":{"line":37,"column":81},"end":{"line":37,"column":82}},"loc":{"start":{"line":37,"column":99},"end":{"line":37,"column":165}}},"4":{"name":"(anonymous_4)","decl":{"start":{"line":42,"column":11},"end":{"line":42,"column":24}},"loc":{"start":{"line":42,"column":25},"end":{"line":47,"column":5}}},"5":{"name":"(anonymous_5)","decl":{"start":{"line":52,"column":11},"end":{"line":52,"column":32}},"loc":{"start":{"line":52,"column":33},"end":{"line":54,"column":5}}}},"branchMap":{"0":{"loc":{"start":{"line":43,"column":8},"end":{"line":45,"column":9}},"type":"if","locations":[{"start":{"line":43,"column":8},"end":{"line":45,"column":9}},{"start":{"line":43,"column":8},"end":{"line":45,"column":9}}]},"1":{"loc":{"start":{"line":43,"column":12},"end":{"line":43,"column":38}},"type":"binary-expr","locations":[{"start":{"line":43,"column":12},"end":{"line":43,"column":38}},{"start":{"line":43,"column":42},"end":{"line":43,"column":87}}]}},"s":{"0":411,"1":411,"2":411,"3":411,"4":4,"5":1,"6":411,"7":2,"8":4,"9":2,"10":2,"11":3,"12":1},"f":{"0":411,"1":4,"2":1,"3":2,"4":4,"5":3},"b":{"0":[2,2],"1":[4,2]}}
,"C:\\Development\\sn-client-js\\src\\Collection.ts": {"path":"C:\\Development\\sn-client-js\\src\\Collection.ts","statementMap":{"0":{"start":{"line":12,"column":1},"end":{"line":12,"column":78}},"1":{"start":{"line":15,"column":1},"end":{"line":15,"column":35}},"2":{"start":{"line":29,"column":24},"end":{"line":29,"column":44}},"3":{"start":{"line":30,"column":24},"end":{"line":30,"column":51}},"4":{"start":{"line":18,"column":11},"end":{"line":18,"column":29}},"5":{"start":{"line":21,"column":8},"end":{"line":21,"column":46}},"6":{"start":{"line":43,"column":8},"end":{"line":43,"column":27}},"7":{"start":{"line":55,"column":8},"end":{"line":55,"column":52}},"8":{"start":{"line":55,"column":39},"end":{"line":55,"column":50}},"9":{"start":{"line":66,"column":8},"end":{"line":66,"column":34}},"10":{"start":{"line":87,"column":27},"end":{"line":90,"column":14}},"11":{"start":{"line":89,"column":16},"end":{"line":89,"column":69}},"12":{"start":{"line":91,"column":8},"end":{"line":99,"column":15}},"13":{"start":{"line":94,"column":20},"end":{"line":97,"column":22}},"14":{"start":{"line":100,"column":8},"end":{"line":100,"column":26}},"15":{"start":{"line":141,"column":25},"end":{"line":141,"column":91}},"16":{"start":{"line":141,"column":54},"end":{"line":141,"column":90}},"17":{"start":{"line":142,"column":8},"end":{"line":142,"column":67}},"18":{"start":{"line":167,"column":8},"end":{"line":167,"column":25}},"19":{"start":{"line":168,"column":25},"end":{"line":175,"column":14}},"20":{"start":{"line":173,"column":16},"end":{"line":174,"column":64}},"21":{"start":{"line":174,"column":20},"end":{"line":174,"column":62}},"22":{"start":{"line":176,"column":8},"end":{"line":176,"column":24}},"23":{"start":{"line":213,"column":8},"end":{"line":225,"column":9}},"24":{"start":{"line":214,"column":12},"end":{"line":216,"column":56}},"25":{"start":{"line":217,"column":27},"end":{"line":217,"column":118}},"26":{"start":{"line":218,"column":12},"end":{"line":218,"column":86}},"27":{"start":{"line":220,"column":24},"end":{"line":220,"column":57}},"28":{"start":{"line":220,"column":39},"end":{"line":220,"column":56}},"29":{"start":{"line":221,"column":12},"end":{"line":222,"column":69}},"30":{"start":{"line":222,"column":48},"end":{"line":222,"column":67}},"31":{"start":{"line":223,"column":27},"end":{"line":223,"column":140}},"32":{"start":{"line":224,"column":12},"end":{"line":224,"column":98}},"33":{"start":{"line":263,"column":8},"end":{"line":270,"column":9}},"34":{"start":{"line":264,"column":27},"end":{"line":264,"column":118}},"35":{"start":{"line":265,"column":12},"end":{"line":265,"column":86}},"36":{"start":{"line":267,"column":24},"end":{"line":267,"column":57}},"37":{"start":{"line":267,"column":39},"end":{"line":267,"column":56}},"38":{"start":{"line":268,"column":27},"end":{"line":268,"column":140}},"39":{"start":{"line":269,"column":12},"end":{"line":269,"column":98}},"40":{"start":{"line":288,"column":23},"end":{"line":288,"column":25}},"41":{"start":{"line":289,"column":8},"end":{"line":291,"column":9}},"42":{"start":{"line":290,"column":12},"end":{"line":290,"column":31}},"43":{"start":{"line":292,"column":8},"end":{"line":292,"column":60}},"44":{"start":{"line":293,"column":27},"end":{"line":293,"column":55}},"45":{"start":{"line":294,"column":8},"end":{"line":294,"column":46}},"46":{"start":{"line":312,"column":30},"end":{"line":312,"column":72}},"47":{"start":{"line":313,"column":8},"end":{"line":315,"column":11}},"48":{"start":{"line":314,"column":12},"end":{"line":314,"column":81}},"49":{"start":{"line":316,"column":8},"end":{"line":316,"column":29}},"50":{"start":{"line":17,"column":1},"end":{"line":318,"column":1}}},"fnMap":{"0":{"name":"(anonymous_0)","decl":{"start":{"line":29,"column":4},"end":{"line":29,"column":23}},"loc":{"start":{"line":31,"column":55},"end":{"line":33,"column":5}}},"1":{"name":"(anonymous_1)","decl":{"start":{"line":20,"column":4},"end":{"line":20,"column":15}},"loc":{"start":{"line":20,"column":22},"end":{"line":22,"column":5}}},"2":{"name":"(anonymous_2)","decl":{"start":{"line":42,"column":11},"end":{"line":42,"column":15}},"loc":{"start":{"line":42,"column":16},"end":{"line":44,"column":5}}},"3":{"name":"(anonymous_3)","decl":{"start":{"line":54,"column":11},"end":{"line":54,"column":14}},"loc":{"start":{"line":54,"column":26},"end":{"line":56,"column":5}}},"4":{"name":"(anonymous_4)","decl":{"start":{"line":55,"column":32},"end":{"line":55,"column":33}},"loc":{"start":{"line":55,"column":39},"end":{"line":55,"column":50}}},"5":{"name":"(anonymous_5)","decl":{"start":{"line":65,"column":11},"end":{"line":65,"column":15}},"loc":{"start":{"line":65,"column":16},"end":{"line":67,"column":5}}},"6":{"name":"(anonymous_6)","decl":{"start":{"line":86,"column":11},"end":{"line":86,"column":13}},"loc":{"start":{"line":86,"column":34},"end":{"line":101,"column":5}}},"7":{"name":"(anonymous_7)","decl":{"start":{"line":88,"column":17},"end":{"line":88,"column":18}},"loc":{"start":{"line":88,"column":26},"end":{"line":90,"column":13}}},"8":{"name":"(anonymous_8)","decl":{"start":{"line":93,"column":22},"end":{"line":93,"column":23}},"loc":{"start":{"line":93,"column":35},"end":{"line":98,"column":17}}},"9":{"name":"(anonymous_9)","decl":{"start":{"line":140,"column":11},"end":{"line":140,"column":16}},"loc":{"start":{"line":140,"column":61},"end":{"line":143,"column":5}}},"10":{"name":"(anonymous_10)","decl":{"start":{"line":141,"column":44},"end":{"line":141,"column":45}},"loc":{"start":{"line":141,"column":54},"end":{"line":141,"column":90}}},"11":{"name":"(anonymous_11)","decl":{"start":{"line":166,"column":11},"end":{"line":166,"column":14}},"loc":{"start":{"line":166,"column":55},"end":{"line":177,"column":5}}},"12":{"name":"(anonymous_12)","decl":{"start":{"line":172,"column":17},"end":{"line":172,"column":18}},"loc":{"start":{"line":172,"column":27},"end":{"line":175,"column":13}}},"13":{"name":"(anonymous_13)","decl":{"start":{"line":173,"column":43},"end":{"line":173,"column":44}},"loc":{"start":{"line":174,"column":20},"end":{"line":174,"column":62}}},"14":{"name":"(anonymous_14)","decl":{"start":{"line":212,"column":11},"end":{"line":212,"column":14}},"loc":{"start":{"line":212,"column":58},"end":{"line":226,"column":5}}},"15":{"name":"(anonymous_15)","decl":{"start":{"line":220,"column":32},"end":{"line":220,"column":33}},"loc":{"start":{"line":220,"column":39},"end":{"line":220,"column":56}}},"16":{"name":"(anonymous_16)","decl":{"start":{"line":222,"column":35},"end":{"line":222,"column":36}},"loc":{"start":{"line":222,"column":48},"end":{"line":222,"column":67}}},"17":{"name":"(anonymous_17)","decl":{"start":{"line":262,"column":11},"end":{"line":262,"column":14}},"loc":{"start":{"line":262,"column":58},"end":{"line":271,"column":5}}},"18":{"name":"(anonymous_18)","decl":{"start":{"line":267,"column":32},"end":{"line":267,"column":33}},"loc":{"start":{"line":267,"column":39},"end":{"line":267,"column":56}}},"19":{"name":"(anonymous_19)","decl":{"start":{"line":287,"column":11},"end":{"line":287,"column":27}},"loc":{"start":{"line":287,"column":42},"end":{"line":295,"column":5}}},"20":{"name":"(anonymous_20)","decl":{"start":{"line":311,"column":11},"end":{"line":311,"column":16}},"loc":{"start":{"line":311,"column":66},"end":{"line":317,"column":5}}},"21":{"name":"(anonymous_21)","decl":{"start":{"line":313,"column":40},"end":{"line":313,"column":41}},"loc":{"start":{"line":313,"column":53},"end":{"line":315,"column":9}}}},"branchMap":{"0":{"loc":{"start":{"line":140,"column":56},"end":{"line":140,"column":61}},"type":"default-arg","locations":[{"start":{"line":140,"column":56},"end":{"line":140,"column":61}}]},"1":{"loc":{"start":{"line":141,"column":54},"end":{"line":141,"column":61}},"type":"binary-expr","locations":[{"start":{"line":141,"column":54},"end":{"line":141,"column":61}},{"start":{"line":141,"column":65},"end":{"line":141,"column":90}}]},"2":{"loc":{"start":{"line":213,"column":8},"end":{"line":225,"column":9}},"type":"if","locations":[{"start":{"line":213,"column":8},"end":{"line":225,"column":9}},{"start":{"line":213,"column":8},"end":{"line":225,"column":9}}]},"3":{"loc":{"start":{"line":263,"column":8},"end":{"line":270,"column":9}},"type":"if","locations":[{"start":{"line":263,"column":8},"end":{"line":270,"column":9}},{"start":{"line":263,"column":8},"end":{"line":270,"column":9}}]},"4":{"loc":{"start":{"line":289,"column":8},"end":{"line":291,"column":9}},"type":"if","locations":[{"start":{"line":289,"column":8},"end":{"line":291,"column":9}},{"start":{"line":289,"column":8},"end":{"line":291,"column":9}}]}},"s":{"0":1,"1":1,"2":20,"3":20,"4":20,"5":10,"6":3,"7":1,"8":1,"9":1,"10":2,"11":2,"12":2,"13":1,"14":2,"15":5,"16":10,"17":5,"18":2,"19":2,"20":1,"21":1,"22":2,"23":2,"24":1,"25":1,"26":1,"27":1,"28":2,"29":1,"30":2,"31":1,"32":1,"33":2,"34":1,"35":1,"36":1,"37":2,"38":1,"39":1,"40":2,"41":2,"42":1,"43":2,"44":2,"45":2,"46":1,"47":1,"48":0,"49":1,"50":1},"f":{"0":20,"1":10,"2":3,"3":1,"4":1,"5":1,"6":2,"7":2,"8":1,"9":5,"10":10,"11":2,"12":1,"13":1,"14":2,"15":2,"16":2,"17":2,"18":2,"19":2,"20":1,"21":0},"b":{"0":[3],"1":[10,10],"2":[1,1],"3":[1,1],"4":[1,1]}}
,"C:\\Development\\sn-client-js\\src\\ComplexTypes.ts": {"path":"C:\\Development\\sn-client-js\\src\\ComplexTypes.ts","statementMap":{"0":{"start":{"line":37,"column":8},"end":{"line":37,"column":27}},"1":{"start":{"line":38,"column":8},"end":{"line":38,"column":25}},"2":{"start":{"line":39,"column":8},"end":{"line":39,"column":31}},"3":{"start":{"line":40,"column":8},"end":{"line":40,"column":33}},"4":{"start":{"line":30,"column":0},"end":{"line":42,"column":1}},"5":{"start":{"line":44,"column":0},"end":{"line":46,"column":1}},"6":{"start":{"line":48,"column":0},"end":{"line":50,"column":1}},"7":{"start":{"line":52,"column":0},"end":{"line":57,"column":1}},"8":{"start":{"line":59,"column":0},"end":{"line":61,"column":1}}},"fnMap":{"0":{"name":"(anonymous_0)","decl":{"start":{"line":36,"column":4},"end":{"line":36,"column":15}},"loc":{"start":{"line":36,"column":83},"end":{"line":41,"column":5}}}},"branchMap":{},"s":{"0":1,"1":1,"2":1,"3":1,"4":1,"5":1,"6":1,"7":1,"8":1},"f":{"0":1},"b":{}}
,"C:\\Development\\sn-client-js\\src\\ContentReferences.ts": {"path":"C:\\Development\\sn-client-js\\src\\ContentReferences.ts","statementMap":{"0":{"start":{"line":5,"column":0},"end":{"line":5,"column":44}},"1":{"start":{"line":7,"column":0},"end":{"line":7,"column":74}},"2":{"start":{"line":10,"column":0},"end":{"line":10,"column":41}},"3":{"start":{"line":11,"column":0},"end":{"line":11,"column":41}},"4":{"start":{"line":13,"column":0},"end":{"line":13,"column":51}},"5":{"start":{"line":19,"column":14},"end":{"line":19,"column":40}},"6":{"start":{"line":21,"column":8},"end":{"line":21,"column":29}},"7":{"start":{"line":40,"column":8},"end":{"line":70,"column":50}},"8":{"start":{"line":41,"column":24},"end":{"line":41,"column":54}},"9":{"start":{"line":42,"column":12},"end":{"line":52,"column":13}},"10":{"start":{"line":43,"column":16},"end":{"line":51,"column":19}},"11":{"start":{"line":44,"column":20},"end":{"line":49,"column":23}},"12":{"start":{"line":45,"column":25},"end":{"line":45,"column":68}},"13":{"start":{"line":46,"column":24},"end":{"line":48,"column":25}},"14":{"start":{"line":47,"column":28},"end":{"line":47,"column":62}},"15":{"start":{"line":50,"column":20},"end":{"line":50,"column":37}},"16":{"start":{"line":54,"column":12},"end":{"line":67,"column":13}},"17":{"start":{"line":55,"column":35},"end":{"line":55,"column":167}},"18":{"start":{"line":55,"column":81},"end":{"line":55,"column":135}},"19":{"start":{"line":55,"column":151},"end":{"line":55,"column":166}},"20":{"start":{"line":56,"column":16},"end":{"line":66,"column":17}},"21":{"start":{"line":57,"column":20},"end":{"line":65,"column":23}},"22":{"start":{"line":58,"column":24},"end":{"line":63,"column":27}},"23":{"start":{"line":59,"column":29},"end":{"line":59,"column":72}},"24":{"start":{"line":60,"column":28},"end":{"line":62,"column":29}},"25":{"start":{"line":61,"column":32},"end":{"line":61,"column":68}},"26":{"start":{"line":64,"column":24},"end":{"line":64,"column":42}},"27":{"start":{"line":68,"column":12},"end":{"line":68,"column":45}},"28":{"start":{"line":15,"column":0},"end":{"line":73,"column":1}},"29":{"start":{"line":145,"column":8},"end":{"line":145,"column":16}},"30":{"start":{"line":142,"column":32},"end":{"line":142,"column":67}},"31":{"start":{"line":143,"column":33},"end":{"line":143,"column":60}},"32":{"start":{"line":144,"column":32},"end":{"line":144,"column":58}},"33":{"start":{"line":146,"column":8},"end":{"line":146,"column":37}},"34":{"start":{"line":95,"column":8},"end":{"line":95,"column":41}},"35":{"start":{"line":96,"column":8},"end":{"line":96,"column":29}},"36":{"start":{"line":105,"column":8},"end":{"line":107,"column":9}},"37":{"start":{"line":106,"column":12},"end":{"line":106,"column":57}},"38":{"start":{"line":108,"column":24},"end":{"line":113,"column":22}},"39":{"start":{"line":112,"column":16},"end":{"line":112,"column":79}},"40":{"start":{"line":114,"column":8},"end":{"line":116,"column":11}},"41":{"start":{"line":115,"column":12},"end":{"line":115,"column":39}},"42":{"start":{"line":118,"column":8},"end":{"line":118,"column":23}},"43":{"start":{"line":125,"column":8},"end":{"line":125,"column":69}},"44":{"start":{"line":133,"column":8},"end":{"line":137,"column":9}},"45":{"start":{"line":134,"column":12},"end":{"line":134,"column":105}},"46":{"start":{"line":135,"column":15},"end":{"line":137,"column":9}},"47":{"start":{"line":136,"column":12},"end":{"line":136,"column":87}},"48":{"start":{"line":138,"column":8},"end":{"line":138,"column":30}},"49":{"start":{"line":86,"column":0},"end":{"line":148,"column":1}},"50":{"start":{"line":227,"column":8},"end":{"line":227,"column":16}},"51":{"start":{"line":223,"column":32},"end":{"line":223,"column":67}},"52":{"start":{"line":224,"column":33},"end":{"line":224,"column":60}},"53":{"start":{"line":226,"column":32},"end":{"line":226,"column":58}},"54":{"start":{"line":228,"column":8},"end":{"line":228,"column":37}},"55":{"start":{"line":171,"column":8},"end":{"line":171,"column":42}},"56":{"start":{"line":172,"column":8},"end":{"line":172,"column":29}},"57":{"start":{"line":181,"column":8},"end":{"line":183,"column":9}},"58":{"start":{"line":182,"column":12},"end":{"line":182,"column":58}},"59":{"start":{"line":185,"column":24},"end":{"line":190,"column":18}},"60":{"start":{"line":189,"column":12},"end":{"line":189,"column":112}},"61":{"start":{"line":189,"column":63},"end":{"line":189,"column":104}},"62":{"start":{"line":192,"column":8},"end":{"line":194,"column":11}},"63":{"start":{"line":193,"column":12},"end":{"line":193,"column":40}},"64":{"start":{"line":196,"column":8},"end":{"line":196,"column":23}},"65":{"start":{"line":203,"column":8},"end":{"line":205,"column":42}},"66":{"start":{"line":204,"column":27},"end":{"line":204,"column":50}},"67":{"start":{"line":205,"column":24},"end":{"line":205,"column":40}},"68":{"start":{"line":213,"column":8},"end":{"line":217,"column":9}},"69":{"start":{"line":214,"column":12},"end":{"line":214,"column":105}},"70":{"start":{"line":215,"column":15},"end":{"line":217,"column":9}},"71":{"start":{"line":216,"column":12},"end":{"line":216,"column":115}},"72":{"start":{"line":216,"column":59},"end":{"line":216,"column":113}},"73":{"start":{"line":219,"column":8},"end":{"line":219,"column":30}},"74":{"start":{"line":161,"column":0},"end":{"line":230,"column":1}}},"fnMap":{"0":{"name":"(anonymous_0)","decl":{"start":{"line":15,"column":0},"end":{"line":null,"column":-1}},"loc":{"start":{"line":15,"column":0},"end":{"line":73,"column":1}}},"1":{"name":"(anonymous_1)","decl":{"start":{"line":20,"column":4},"end":{"line":20,"column":14}},"loc":{"start":{"line":20,"column":22},"end":{"line":22,"column":5}}},"2":{"name":"(anonymous_2)","decl":{"start":{"line":39,"column":11},"end":{"line":39,"column":16}},"loc":{"start":{"line":39,"column":101},"end":{"line":71,"column":5}}},"3":{"name":"(anonymous_3)","decl":{"start":{"line":40,"column":35},"end":{"line":40,"column":36}},"loc":{"start":{"line":40,"column":41},"end":{"line":70,"column":9}}},"4":{"name":"(anonymous_4)","decl":{"start":{"line":43,"column":40},"end":{"line":43,"column":41}},"loc":{"start":{"line":43,"column":54},"end":{"line":51,"column":17}}},"5":{"name":"(anonymous_5)","decl":{"start":{"line":44,"column":97},"end":{"line":44,"column":98}},"loc":{"start":{"line":44,"column":124},"end":{"line":49,"column":21}}},"6":{"name":"(anonymous_6)","decl":{"start":{"line":55,"column":70},"end":{"line":55,"column":71}},"loc":{"start":{"line":55,"column":81},"end":{"line":55,"column":135}}},"7":{"name":"(anonymous_7)","decl":{"start":{"line":55,"column":144},"end":{"line":55,"column":145}},"loc":{"start":{"line":55,"column":151},"end":{"line":55,"column":166}}},"8":{"name":"(anonymous_8)","decl":{"start":{"line":57,"column":44},"end":{"line":57,"column":45}},"loc":{"start":{"line":57,"column":59},"end":{"line":65,"column":21}}},"9":{"name":"(anonymous_9)","decl":{"start":{"line":58,"column":43},"end":{"line":58,"column":44}},"loc":{"start":{"line":58,"column":70},"end":{"line":63,"column":25}}},"10":{"name":"(anonymous_10)","decl":{"start":{"line":141,"column":4},"end":{"line":141,"column":15}},"loc":{"start":{"line":144,"column":58},"end":{"line":147,"column":5}}},"11":{"name":"(anonymous_11)","decl":{"start":{"line":94,"column":11},"end":{"line":94,"column":20}},"loc":{"start":{"line":94,"column":46},"end":{"line":97,"column":5}}},"12":{"name":"(anonymous_12)","decl":{"start":{"line":104,"column":11},"end":{"line":104,"column":20}},"loc":{"start":{"line":104,"column":52},"end":{"line":119,"column":5}}},"13":{"name":"(anonymous_13)","decl":{"start":{"line":111,"column":17},"end":{"line":111,"column":18}},"loc":{"start":{"line":111,"column":23},"end":{"line":113,"column":13}}},"14":{"name":"(anonymous_14)","decl":{"start":{"line":114,"column":26},"end":{"line":114,"column":27}},"loc":{"start":{"line":114,"column":32},"end":{"line":116,"column":9}}},"15":{"name":"(anonymous_15)","decl":{"start":{"line":124,"column":11},"end":{"line":124,"column":18}},"loc":{"start":{"line":124,"column":19},"end":{"line":126,"column":5}}},"16":{"name":"(anonymous_16)","decl":{"start":{"line":132,"column":11},"end":{"line":132,"column":22}},"loc":{"start":{"line":132,"column":67},"end":{"line":139,"column":5}}},"17":{"name":"(anonymous_17)","decl":{"start":{"line":222,"column":4},"end":{"line":222,"column":15}},"loc":{"start":{"line":226,"column":58},"end":{"line":229,"column":5}}},"18":{"name":"(anonymous_18)","decl":{"start":{"line":170,"column":11},"end":{"line":170,"column":20}},"loc":{"start":{"line":170,"column":48},"end":{"line":173,"column":5}}},"19":{"name":"(anonymous_19)","decl":{"start":{"line":180,"column":11},"end":{"line":180,"column":20}},"loc":{"start":{"line":180,"column":52},"end":{"line":197,"column":5}}},"20":{"name":"(anonymous_20)","decl":{"start":{"line":188,"column":15},"end":{"line":188,"column":16}},"loc":{"start":{"line":188,"column":24},"end":{"line":190,"column":9}}},"21":{"name":"(anonymous_21)","decl":{"start":{"line":189,"column":56},"end":{"line":189,"column":57}},"loc":{"start":{"line":189,"column":63},"end":{"line":189,"column":104}}},"22":{"name":"(anonymous_22)","decl":{"start":{"line":192,"column":26},"end":{"line":192,"column":27}},"loc":{"start":{"line":192,"column":32},"end":{"line":194,"column":9}}},"23":{"name":"(anonymous_23)","decl":{"start":{"line":202,"column":11},"end":{"line":202,"column":18}},"loc":{"start":{"line":202,"column":19},"end":{"line":206,"column":5}}},"24":{"name":"(anonymous_24)","decl":{"start":{"line":204,"column":20},"end":{"line":204,"column":21}},"loc":{"start":{"line":204,"column":27},"end":{"line":204,"column":50}}},"25":{"name":"(anonymous_25)","decl":{"start":{"line":205,"column":17},"end":{"line":205,"column":18}},"loc":{"start":{"line":205,"column":24},"end":{"line":205,"column":40}}},"26":{"name":"(anonymous_26)","decl":{"start":{"line":212,"column":11},"end":{"line":212,"column":22}},"loc":{"start":{"line":212,"column":55},"end":{"line":220,"column":5}}},"27":{"name":"(anonymous_27)","decl":{"start":{"line":216,"column":52},"end":{"line":216,"column":53}},"loc":{"start":{"line":216,"column":59},"end":{"line":216,"column":113}}}},"branchMap":{"0":{"loc":{"start":{"line":39,"column":46},"end":{"line":39,"column":48}},"type":"default-arg","locations":[{"start":{"line":39,"column":46},"end":{"line":39,"column":48}}]},"1":{"loc":{"start":{"line":39,"column":65},"end":{"line":39,"column":66}},"type":"default-arg","locations":[{"start":{"line":39,"column":65},"end":{"line":39,"column":66}}]},"2":{"loc":{"start":{"line":39,"column":99},"end":{"line":39,"column":101}},"type":"default-arg","locations":[{"start":{"line":39,"column":99},"end":{"line":39,"column":101}}]},"3":{"loc":{"start":{"line":42,"column":12},"end":{"line":52,"column":13}},"type":"if","locations":[{"start":{"line":42,"column":12},"end":{"line":52,"column":13}},{"start":{"line":42,"column":12},"end":{"line":52,"column":13}}]},"4":{"loc":{"start":{"line":42,"column":16},"end":{"line":42,"column":48}},"type":"binary-expr","locations":[{"start":{"line":42,"column":16},"end":{"line":42,"column":48}},{"start":{"line":42,"column":52},"end":{"line":42,"column":91}}]},"5":{"loc":{"start":{"line":44,"column":20},"end":{"line":44,"column":52}},"type":"binary-expr","locations":[{"start":{"line":44,"column":20},"end":{"line":44,"column":52}},{"start":{"line":44,"column":56},"end":{"line":49,"column":22}}]},"6":{"loc":{"start":{"line":46,"column":24},"end":{"line":48,"column":25}},"type":"if","locations":[{"start":{"line":46,"column":24},"end":{"line":48,"column":25}},{"start":{"line":46,"column":24},"end":{"line":48,"column":25}}]},"7":{"loc":{"start":{"line":54,"column":12},"end":{"line":67,"column":13}},"type":"if","locations":[{"start":{"line":54,"column":12},"end":{"line":67,"column":13}},{"start":{"line":54,"column":12},"end":{"line":67,"column":13}}]},"8":{"loc":{"start":{"line":54,"column":16},"end":{"line":54,"column":46}},"type":"binary-expr","locations":[{"start":{"line":54,"column":16},"end":{"line":54,"column":46}},{"start":{"line":54,"column":50},"end":{"line":54,"column":87}}]},"9":{"loc":{"start":{"line":56,"column":16},"end":{"line":66,"column":17}},"type":"if","locations":[{"start":{"line":56,"column":16},"end":{"line":66,"column":17}},{"start":{"line":56,"column":16},"end":{"line":66,"column":17}}]},"10":{"loc":{"start":{"line":60,"column":28},"end":{"line":62,"column":29}},"type":"if","locations":[{"start":{"line":60,"column":28},"end":{"line":62,"column":29}},{"start":{"line":60,"column":28},"end":{"line":62,"column":29}}]},"11":{"loc":{"start":{"line":105,"column":8},"end":{"line":107,"column":9}},"type":"if","locations":[{"start":{"line":105,"column":8},"end":{"line":107,"column":9}},{"start":{"line":105,"column":8},"end":{"line":107,"column":9}}]},"12":{"loc":{"start":{"line":105,"column":12},"end":{"line":105,"column":39}},"type":"binary-expr","locations":[{"start":{"line":105,"column":12},"end":{"line":105,"column":39}},{"start":{"line":105,"column":43},"end":{"line":105,"column":79}}]},"13":{"loc":{"start":{"line":109,"column":18},"end":{"line":109,"column":36}},"type":"binary-expr","locations":[{"start":{"line":109,"column":18},"end":{"line":109,"column":36}},{"start":{"line":109,"column":40},"end":{"line":109,"column":107}}]},"14":{"loc":{"start":{"line":112,"column":23},"end":{"line":112,"column":24}},"type":"binary-expr","locations":[{"start":{"line":112,"column":23},"end":{"line":112,"column":24}},{"start":{"line":112,"column":28},"end":{"line":112,"column":31}},{"start":{"line":112,"column":35},"end":{"line":112,"column":78}}]},"15":{"loc":{"start":{"line":125,"column":15},"end":{"line":125,"column":37}},"type":"binary-expr","locations":[{"start":{"line":125,"column":15},"end":{"line":125,"column":37}},{"start":{"line":125,"column":41},"end":{"line":125,"column":68}}]},"16":{"loc":{"start":{"line":133,"column":8},"end":{"line":137,"column":9}},"type":"if","locations":[{"start":{"line":133,"column":8},"end":{"line":137,"column":9}},{"start":{"line":133,"column":8},"end":{"line":137,"column":9}}]},"17":{"loc":{"start":{"line":135,"column":15},"end":{"line":137,"column":9}},"type":"if","locations":[{"start":{"line":135,"column":15},"end":{"line":137,"column":9}},{"start":{"line":135,"column":15},"end":{"line":137,"column":9}}]},"18":{"loc":{"start":{"line":181,"column":8},"end":{"line":183,"column":9}},"type":"if","locations":[{"start":{"line":181,"column":8},"end":{"line":183,"column":9}},{"start":{"line":181,"column":8},"end":{"line":183,"column":9}}]},"19":{"loc":{"start":{"line":181,"column":12},"end":{"line":181,"column":39}},"type":"binary-expr","locations":[{"start":{"line":181,"column":12},"end":{"line":181,"column":39}},{"start":{"line":181,"column":43},"end":{"line":181,"column":66}}]},"20":{"loc":{"start":{"line":186,"column":18},"end":{"line":186,"column":36}},"type":"binary-expr","locations":[{"start":{"line":186,"column":18},"end":{"line":186,"column":36}},{"start":{"line":186,"column":40},"end":{"line":186,"column":107}}]},"21":{"loc":{"start":{"line":189,"column":19},"end":{"line":189,"column":23}},"type":"binary-expr","locations":[{"start":{"line":189,"column":19},"end":{"line":189,"column":23}},{"start":{"line":189,"column":27},"end":{"line":189,"column":33}},{"start":{"line":189,"column":37},"end":{"line":189,"column":105}},{"start":{"line":189,"column":109},"end":{"line":189,"column":111}}]},"22":{"loc":{"start":{"line":203,"column":15},"end":{"line":203,"column":38}},"type":"binary-expr","locations":[{"start":{"line":203,"column":15},"end":{"line":203,"column":38}},{"start":{"line":203,"column":42},"end":{"line":205,"column":41}}]},"23":{"loc":{"start":{"line":204,"column":27},"end":{"line":204,"column":33}},"type":"binary-expr","locations":[{"start":{"line":204,"column":27},"end":{"line":204,"column":33}},{"start":{"line":204,"column":37},"end":{"line":204,"column":50}}]},"24":{"loc":{"start":{"line":213,"column":8},"end":{"line":217,"column":9}},"type":"if","locations":[{"start":{"line":213,"column":8},"end":{"line":217,"column":9}},{"start":{"line":213,"column":8},"end":{"line":217,"column":9}}]},"25":{"loc":{"start":{"line":215,"column":15},"end":{"line":217,"column":9}},"type":"if","locations":[{"start":{"line":215,"column":15},"end":{"line":217,"column":9}},{"start":{"line":215,"column":15},"end":{"line":217,"column":9}}]}},"s":{"0":1,"1":1,"2":1,"3":1,"4":1,"5":13807,"6":2,"7":5,"8":5,"9":5,"10":1,"11":1,"12":2,"13":2,"14":1,"15":1,"16":5,"17":1,"18":2,"19":2,"20":1,"21":1,"22":1,"23":2,"24":2,"25":1,"26":1,"27":5,"28":1,"29":8900,"30":8900,"31":8900,"32":8900,"33":8900,"34":2,"35":2,"36":14,"37":3,"38":11,"39":1,"40":11,"41":1,"42":11,"43":327,"44":9310,"45":12,"46":9298,"47":14,"48":9310,"49":1,"50":4907,"51":4907,"52":4907,"53":4907,"54":4907,"55":2,"56":2,"57":9,"58":2,"59":7,"60":2,"61":2,"62":7,"63":2,"64":7,"65":211,"66":3,"67":3,"68":5145,"69":7,"70":5138,"71":8,"72":7,"73":5145,"74":1},"f":{"0":13807,"1":2,"2":5,"3":5,"4":1,"5":2,"6":2,"7":2,"8":1,"9":2,"10":8900,"11":2,"12":14,"13":1,"14":1,"15":327,"16":9310,"17":4907,"18":2,"19":9,"20":2,"21":2,"22":2,"23":211,"24":3,"25":3,"26":5145,"27":7},"b":{"0":[5],"1":[5],"2":[5],"3":[1,4],"4":[5,1],"5":[1,1],"6":[1,1],"7":[1,4],"8":[5,2],"9":[1,0],"10":[1,1],"11":[3,11],"12":[14,14],"13":[11,10],"14":[1,1,1],"15":[327,3],"16":[12,9298],"17":[14,9284],"18":[2,7],"19":[9,9],"20":[7,6],"21":[2,2,2,0],"22":[211,3],"23":[3,3],"24":[7,5138],"25":[8,5130]}}
,"C:\\Development\\sn-client-js\\src\\ContentSerializer.ts": {"path":"C:\\Development\\sn-client-js\\src\\ContentSerializer.ts","statementMap":{"0":{"start":{"line":9,"column":0},"end":{"line":9,"column":34}},"1":{"start":{"line":14,"column":0},"end":{"line":23,"column":1}},"2":{"start":{"line":33,"column":24},"end":{"line":33,"column":60}},"3":{"start":{"line":34,"column":8},"end":{"line":37,"column":10}},"4":{"start":{"line":46,"column":8},"end":{"line":46,"column":55}},"5":{"start":{"line":53,"column":8},"end":{"line":53,"column":79}},"6":{"start":{"line":25,"column":0},"end":{"line":55,"column":1}}},"fnMap":{"0":{"name":"(anonymous_0)","decl":{"start":{"line":32,"column":11},"end":{"line":32,"column":16}},"loc":{"start":{"line":32,"column":72},"end":{"line":38,"column":5}}},"1":{"name":"(anonymous_1)","decl":{"start":{"line":45,"column":11},"end":{"line":45,"column":16}},"loc":{"start":{"line":45,"column":72},"end":{"line":47,"column":5}}},"2":{"name":"(anonymous_2)","decl":{"start":{"line":52,"column":11},"end":{"line":52,"column":16}},"loc":{"start":{"line":52,"column":65},"end":{"line":54,"column":5}}}},"branchMap":{},"s":{"0":1,"1":1,"2":1,"3":1,"4":1,"5":2,"6":1},"f":{"0":1,"1":1,"2":2},"b":{}}
,"C:\\Development\\sn-client-js\\src\\ContentTypes.ts": {"path":"C:\\Development\\sn-client-js\\src\\ContentTypes.ts","statementMap":{"0":{"start":{"line":28,"column":2},"end":{"line":51,"column":2}},"1":{"start":{"line":57,"column":2},"end":{"line":111,"column":2}},"2":{"start":{"line":118,"column":2},"end":{"line":121,"column":2}},"3":{"start":{"line":128,"column":2},"end":{"line":138,"column":2}},"4":{"start":{"line":145,"column":2},"end":{"line":147,"column":2}},"5":{"start":{"line":154,"column":2},"end":{"line":156,"column":2}},"6":{"start":{"line":163,"column":2},"end":{"line":166,"column":2}},"7":{"start":{"line":173,"column":2},"end":{"line":179,"column":2}},"8":{"start":{"line":186,"column":2},"end":{"line":188,"column":2}},"9":{"start":{"line":195,"column":2},"end":{"line":198,"column":2}},"10":{"start":{"line":205,"column":2},"end":{"line":208,"column":2}},"11":{"start":{"line":215,"column":2},"end":{"line":217,"column":2}},"12":{"start":{"line":224,"column":2},"end":{"line":226,"column":2}},"13":{"start":{"line":233,"column":2},"end":{"line":235,"column":2}},"14":{"start":{"line":242,"column":2},"end":{"line":245,"column":2}},"15":{"start":{"line":252,"column":2},"end":{"line":254,"column":2}},"16":{"start":{"line":261,"column":2},"end":{"line":277,"column":2}},"17":{"start":{"line":284,"column":2},"end":{"line":287,"column":2}},"18":{"start":{"line":294,"column":2},"end":{"line":296,"column":2}},"19":{"start":{"line":303,"column":2},"end":{"line":305,"column":2}},"20":{"start":{"line":312,"column":2},"end":{"line":314,"column":2}},"21":{"start":{"line":321,"column":2},"end":{"line":323,"column":2}},"22":{"start":{"line":330,"column":2},"end":{"line":332,"column":2}},"23":{"start":{"line":339,"column":2},"end":{"line":341,"column":2}},"24":{"start":{"line":348,"column":2},"end":{"line":351,"column":2}},"25":{"start":{"line":358,"column":2},"end":{"line":361,"column":2}},"26":{"start":{"line":368,"column":2},"end":{"line":372,"column":2}},"27":{"start":{"line":379,"column":2},"end":{"line":381,"column":2}},"28":{"start":{"line":388,"column":2},"end":{"line":393,"column":2}},"29":{"start":{"line":400,"column":2},"end":{"line":404,"column":2}},"30":{"start":{"line":411,"column":2},"end":{"line":413,"column":2}},"31":{"start":{"line":420,"column":2},"end":{"line":422,"column":2}},"32":{"start":{"line":429,"column":2},"end":{"line":431,"column":2}},"33":{"start":{"line":438,"column":2},"end":{"line":440,"column":2}},"34":{"start":{"line":447,"column":2},"end":{"line":449,"column":2}},"35":{"start":{"line":456,"column":2},"end":{"line":461,"column":2}},"36":{"start":{"line":468,"column":2},"end":{"line":470,"column":2}},"37":{"start":{"line":477,"column":2},"end":{"line":479,"column":2}},"38":{"start":{"line":486,"column":2},"end":{"line":493,"column":2}},"39":{"start":{"line":500,"column":2},"end":{"line":509,"column":2}},"40":{"start":{"line":516,"column":2},"end":{"line":526,"column":2}},"41":{"start":{"line":533,"column":2},"end":{"line":538,"column":2}},"42":{"start":{"line":545,"column":2},"end":{"line":548,"column":2}},"43":{"start":{"line":555,"column":2},"end":{"line":560,"column":2}},"44":{"start":{"line":567,"column":2},"end":{"line":569,"column":2}},"45":{"start":{"line":576,"column":2},"end":{"line":579,"column":2}},"46":{"start":{"line":586,"column":2},"end":{"line":591,"column":2}},"47":{"start":{"line":598,"column":2},"end":{"line":609,"column":2}},"48":{"start":{"line":616,"column":2},"end":{"line":620,"column":2}},"49":{"start":{"line":627,"column":2},"end":{"line":656,"column":2}}},"fnMap":{},"branchMap":{},"s":{"0":1,"1":1,"2":1,"3":1,"4":1,"5":1,"6":1,"7":1,"8":1,"9":1,"10":1,"11":1,"12":1,"13":1,"14":1,"15":1,"16":1,"17":1,"18":1,"19":1,"20":1,"21":1,"22":1,"23":1,"24":1,"25":1,"26":1,"27":1,"28":1,"29":1,"30":1,"31":1,"32":1,"33":1,"34":1,"35":1,"36":1,"37":1,"38":1,"39":1,"40":1,"41":1,"42":1,"43":1,"44":1,"45":1,"46":1,"47":1,"48":1,"49":1},"f":{},"b":{}}
,"C:\\Development\\sn-client-js\\src\\ControlMapper.ts": {"path":"C:\\Development\\sn-client-js\\src\\ControlMapper.ts","statementMap":{"0":{"start":{"line":27,"column":0},"end":{"line":27,"column":48}},"1":{"start":{"line":33,"column":0},"end":{"line":37,"column":1}},"2":{"start":{"line":42,"column":25},"end":{"line":42,"column":52}},"3":{"start":{"line":43,"column":24},"end":{"line":43,"column":82}},"4":{"start":{"line":44,"column":25},"end":{"line":44,"column":124}},"5":{"start":{"line":45,"column":25},"end":{"line":45,"column":88}},"6":{"start":{"line":46,"column":25},"end":{"line":46,"column":100}},"7":{"start":{"line":73,"column":12},"end":{"line":73,"column":104}},"8":{"start":{"line":99,"column":12},"end":{"line":99,"column":150}},"9":{"start":{"line":124,"column":12},"end":{"line":124,"column":159}},"10":{"start":{"line":167,"column":12},"end":{"line":167,"column":145}},"11":{"start":{"line":56,"column":23},"end":{"line":56,"column":62}},"12":{"start":{"line":58,"column":8},"end":{"line":69,"column":9}},"13":{"start":{"line":59,"column":12},"end":{"line":68,"column":15}},"14":{"start":{"line":60,"column":16},"end":{"line":67,"column":17}},"15":{"start":{"line":62,"column":24},"end":{"line":62,"column":83}},"16":{"start":{"line":64,"column":24},"end":{"line":64,"column":84}},"17":{"start":{"line":66,"column":24},"end":{"line":66,"column":86}},"18":{"start":{"line":70,"column":8},"end":{"line":70,"column":22}},"19":{"start":{"line":82,"column":8},"end":{"line":82,"column":68}},"20":{"start":{"line":83,"column":8},"end":{"line":83,"column":20}},"21":{"start":{"line":92,"column":24},"end":{"line":92,"column":102}},"22":{"start":{"line":93,"column":8},"end":{"line":95,"column":9}},"23":{"start":{"line":94,"column":12},"end":{"line":94,"column":28}},"24":{"start":{"line":96,"column":8},"end":{"line":96,"column":70}},"25":{"start":{"line":111,"column":8},"end":{"line":111,"column":163}},"26":{"start":{"line":112,"column":8},"end":{"line":112,"column":20}},"27":{"start":{"line":120,"column":34},"end":{"line":120,"column":151}},"28":{"start":{"line":121,"column":8},"end":{"line":121,"column":108}},"29":{"start":{"line":141,"column":8},"end":{"line":141,"column":105}},"30":{"start":{"line":142,"column":8},"end":{"line":142,"column":20}},"31":{"start":{"line":158,"column":29},"end":{"line":158,"column":125}},"32":{"start":{"line":158,"column":101},"end":{"line":158,"column":121}},"33":{"start":{"line":160,"column":8},"end":{"line":164,"column":9}},"34":{"start":{"line":161,"column":12},"end":{"line":161,"column":118}},"35":{"start":{"line":163,"column":12},"end":{"line":163,"column":64}},"36":{"start":{"line":175,"column":8},"end":{"line":175,"column":103}},"37":{"start":{"line":176,"column":8},"end":{"line":176,"column":20}},"38":{"start":{"line":185,"column":30},"end":{"line":185,"column":136}},"39":{"start":{"line":186,"column":8},"end":{"line":186,"column":43}},"40":{"start":{"line":199,"column":23},"end":{"line":199,"column":66}},"41":{"start":{"line":200,"column":25},"end":{"line":208,"column":10}},"42":{"start":{"line":201,"column":58},"end":{"line":201,"column":85}},"43":{"start":{"line":202,"column":71},"end":{"line":202,"column":156}},"44":{"start":{"line":203,"column":12},"end":{"line":207,"column":14}},"45":{"start":{"line":209,"column":8},"end":{"line":213,"column":10}},"46":{"start":{"line":223,"column":8},"end":{"line":223,"column":122}},"47":{"start":{"line":39,"column":0},"end":{"line":225,"column":1}}},"fnMap":{"0":{"name":"(anonymous_0)","decl":{"start":{"line":41,"column":4},"end":{"line":42,"column":24}},"loc":{"start":{"line":46,"column":100},"end":{"line":48,"column":5}}},"1":{"name":"(anonymous_1)","decl":{"start":{"line":55,"column":12},"end":{"line":55,"column":24}},"loc":{"start":{"line":55,"column":128},"end":{"line":71,"column":5}}},"2":{"name":"(anonymous_2)","decl":{"start":{"line":59,"column":63},"end":{"line":59,"column":64}},"loc":{"start":{"line":59,"column":69},"end":{"line":68,"column":13}}},"3":{"name":"(anonymous_3)","decl":{"start":{"line":81,"column":11},"end":{"line":81,"column":33}},"loc":{"start":{"line":81,"column":133},"end":{"line":84,"column":5}}},"4":{"name":"(anonymous_4)","decl":{"start":{"line":91,"column":11},"end":{"line":91,"column":34}},"loc":{"start":{"line":91,"column":117},"end":{"line":97,"column":5}}},"5":{"name":"(anonymous_5)","decl":{"start":{"line":107,"column":11},"end":{"line":107,"column":34}},"loc":{"start":{"line":109,"column":100},"end":{"line":113,"column":5}}},"6":{"name":"(anonymous_6)","decl":{"start":{"line":119,"column":11},"end":{"line":119,"column":35}},"loc":{"start":{"line":119,"column":122},"end":{"line":122,"column":5}}},"7":{"name":"(anonymous_7)","decl":{"start":{"line":134,"column":11},"end":{"line":134,"column":37}},"loc":{"start":{"line":138,"column":65},"end":{"line":143,"column":5}}},"8":{"name":"(anonymous_8)","decl":{"start":{"line":152,"column":11},"end":{"line":152,"column":35}},"loc":{"start":{"line":155,"column":30},"end":{"line":165,"column":5}}},"9":{"name":"(anonymous_9)","decl":{"start":{"line":158,"column":94},"end":{"line":158,"column":95}},"loc":{"start":{"line":158,"column":101},"end":{"line":158,"column":121}}},"10":{"name":"(anonymous_10)","decl":{"start":{"line":174,"column":11},"end":{"line":174,"column":33}},"loc":{"start":{"line":174,"column":208},"end":{"line":177,"column":5}}},"11":{"name":"(anonymous_11)","decl":{"start":{"line":184,"column":11},"end":{"line":184,"column":29}},"loc":{"start":{"line":184,"column":108},"end":{"line":187,"column":5}}},"12":{"name":"(anonymous_12)","decl":{"start":{"line":195,"column":11},"end":{"line":195,"column":37}},"loc":{"start":{"line":197,"column":30},"end":{"line":214,"column":5}}},"13":{"name":"(anonymous_13)","decl":{"start":{"line":200,"column":50},"end":{"line":200,"column":51}},"loc":{"start":{"line":200,"column":56},"end":{"line":208,"column":9}}},"14":{"name":"(anonymous_14)","decl":{"start":{"line":222,"column":11},"end":{"line":222,"column":33}},"loc":{"start":{"line":222,"column":111},"end":{"line":224,"column":5}}}},"branchMap":{"0":{"loc":{"start":{"line":58,"column":8},"end":{"line":69,"column":9}},"type":"if","locations":[{"start":{"line":58,"column":8},"end":{"line":69,"column":9}},{"start":{"line":58,"column":8},"end":{"line":69,"column":9}}]},"1":{"loc":{"start":{"line":61,"column":20},"end":{"line":62,"column":83}},"type":"switch","locations":[{"start":{"line":61,"column":20},"end":{"line":62,"column":83}},{"start":{"line":63,"column":20},"end":{"line":64,"column":84}},{"start":{"line":65,"column":20},"end":{"line":66,"column":86}}]},"2":{"loc":{"start":{"line":92,"column":24},"end":{"line":92,"column":74}},"type":"binary-expr","locations":[{"start":{"line":92,"column":24},"end":{"line":92,"column":74}},{"start":{"line":92,"column":78},"end":{"line":92,"column":102}}]},"3":{"loc":{"start":{"line":93,"column":8},"end":{"line":95,"column":9}},"type":"if","locations":[{"start":{"line":93,"column":8},"end":{"line":95,"column":9}},{"start":{"line":93,"column":8},"end":{"line":95,"column":9}}]},"4":{"loc":{"start":{"line":121,"column":15},"end":{"line":121,"column":32}},"type":"binary-expr","locations":[{"start":{"line":121,"column":15},"end":{"line":121,"column":32}},{"start":{"line":121,"column":36},"end":{"line":121,"column":67}},{"start":{"line":121,"column":71},"end":{"line":121,"column":107}}]},"5":{"loc":{"start":{"line":160,"column":8},"end":{"line":164,"column":9}},"type":"if","locations":[{"start":{"line":160,"column":8},"end":{"line":164,"column":9}},{"start":{"line":160,"column":8},"end":{"line":164,"column":9}}]},"6":{"loc":{"start":{"line":185,"column":30},"end":{"line":185,"column":98}},"type":"binary-expr","locations":[{"start":{"line":185,"column":30},"end":{"line":185,"column":98}},{"start":{"line":185,"column":102},"end":{"line":185,"column":136}}]}},"s":{"0":1,"1":1,"2":19,"3":19,"4":19,"5":19,"6":19,"7":19,"8":19,"9":19,"10":19,"11":327,"12":327,"13":327,"14":5386,"15":5104,"16":141,"17":141,"18":327,"19":1,"20":1,"21":56,"22":56,"23":0,"24":56,"25":2,"26":2,"27":275,"28":275,"29":1,"30":1,"31":273,"32":1903,"33":273,"34":1,"35":272,"36":1,"37":1,"38":269,"39":269,"40":54,"41":54,"42":267,"43":267,"44":267,"45":54,"46":1,"47":1},"f":{"0":19,"1":327,"2":5386,"3":1,"4":56,"5":2,"6":275,"7":1,"8":273,"9":1903,"10":1,"11":269,"12":54,"13":267,"14":1},"b":{"0":[327,0],"1":[5104,141,141],"2":[56,55],"3":[0,56],"4":[275,4,271],"5":[1,272],"6":[269,268]}}
,"C:\\Development\\sn-client-js\\src\\Enums.ts": {"path":"C:\\Development\\sn-client-js\\src\\Enums.ts","statementMap":{"0":{"start":{"line":23,"column":0},"end":{"line":28,"column":1}},"1":{"start":{"line":24,"column":5},"end":{"line":24,"column":18}},"2":{"start":{"line":25,"column":5},"end":{"line":25,"column":18}},"3":{"start":{"line":26,"column":5},"end":{"line":26,"column":18}},"4":{"start":{"line":27,"column":5},"end":{"line":27,"column":18}},"5":{"start":{"line":29,"column":0},"end":{"line":34,"column":1}},"6":{"start":{"line":30,"column":5},"end":{"line":30,"column":18}},"7":{"start":{"line":31,"column":5},"end":{"line":31,"column":18}},"8":{"start":{"line":32,"column":5},"end":{"line":32,"column":18}},"9":{"start":{"line":33,"column":5},"end":{"line":33,"column":18}},"10":{"start":{"line":35,"column":0},"end":{"line":39,"column":1}},"11":{"start":{"line":36,"column":5},"end":{"line":36,"column":18}},"12":{"start":{"line":37,"column":5},"end":{"line":37,"column":18}},"13":{"start":{"line":38,"column":5},"end":{"line":38,"column":18}},"14":{"start":{"line":40,"column":0},"end":{"line":44,"column":1}},"15":{"start":{"line":41,"column":5},"end":{"line":41,"column":18}},"16":{"start":{"line":42,"column":5},"end":{"line":42,"column":18}},"17":{"start":{"line":43,"column":5},"end":{"line":43,"column":18}},"18":{"start":{"line":45,"column":0},"end":{"line":50,"column":1}},"19":{"start":{"line":46,"column":5},"end":{"line":46,"column":20}},"20":{"start":{"line":47,"column":5},"end":{"line":47,"column":19}},"21":{"start":{"line":48,"column":5},"end":{"line":48,"column":20}},"22":{"start":{"line":49,"column":5},"end":{"line":49,"column":26}},"23":{"start":{"line":51,"column":0},"end":{"line":56,"column":1}},"24":{"start":{"line":52,"column":5},"end":{"line":52,"column":20}},"25":{"start":{"line":53,"column":5},"end":{"line":53,"column":18}},"26":{"start":{"line":54,"column":5},"end":{"line":54,"column":24}},"27":{"start":{"line":55,"column":5},"end":{"line":55,"column":22}},"28":{"start":{"line":57,"column":0},"end":{"line":61,"column":1}},"29":{"start":{"line":58,"column":5},"end":{"line":58,"column":18}},"30":{"start":{"line":59,"column":5},"end":{"line":59,"column":18}},"31":{"start":{"line":60,"column":5},"end":{"line":60,"column":19}},"32":{"start":{"line":62,"column":0},"end":{"line":66,"column":1}},"33":{"start":{"line":63,"column":5},"end":{"line":63,"column":18}},"34":{"start":{"line":64,"column":5},"end":{"line":64,"column":18}},"35":{"start":{"line":65,"column":5},"end":{"line":65,"column":19}},"36":{"start":{"line":67,"column":0},"end":{"line":70,"column":1}},"37":{"start":{"line":68,"column":5},"end":{"line":68,"column":14}},"38":{"start":{"line":69,"column":5},"end":{"line":69,"column":14}},"39":{"start":{"line":71,"column":0},"end":{"line":75,"column":1}},"40":{"start":{"line":72,"column":5},"end":{"line":72,"column":24}},"41":{"start":{"line":73,"column":5},"end":{"line":73,"column":16}},"42":{"start":{"line":74,"column":5},"end":{"line":74,"column":22}},"43":{"start":{"line":76,"column":0},"end":{"line":80,"column":1}},"44":{"start":{"line":77,"column":5},"end":{"line":77,"column":18}},"45":{"start":{"line":78,"column":5},"end":{"line":78,"column":18}},"46":{"start":{"line":79,"column":5},"end":{"line":79,"column":18}},"47":{"start":{"line":81,"column":0},"end":{"line":87,"column":1}},"48":{"start":{"line":82,"column":5},"end":{"line":82,"column":24}},"49":{"start":{"line":83,"column":5},"end":{"line":83,"column":22}},"50":{"start":{"line":84,"column":5},"end":{"line":84,"column":28}},"51":{"start":{"line":85,"column":5},"end":{"line":85,"column":26}},"52":{"start":{"line":86,"column":5},"end":{"line":86,"column":24}},"53":{"start":{"line":88,"column":0},"end":{"line":91,"column":1}},"54":{"start":{"line":89,"column":5},"end":{"line":89,"column":22}},"55":{"start":{"line":90,"column":5},"end":{"line":90,"column":24}},"56":{"start":{"line":92,"column":0},"end":{"line":96,"column":1}},"57":{"start":{"line":93,"column":5},"end":{"line":93,"column":20}},"58":{"start":{"line":94,"column":5},"end":{"line":94,"column":22}},"59":{"start":{"line":95,"column":5},"end":{"line":95,"column":18}},"60":{"start":{"line":97,"column":0},"end":{"line":101,"column":1}},"61":{"start":{"line":98,"column":5},"end":{"line":98,"column":20}},"62":{"start":{"line":99,"column":5},"end":{"line":99,"column":22}},"63":{"start":{"line":100,"column":5},"end":{"line":100,"column":24}}},"fnMap":{"0":{"name":"(anonymous_0)","decl":{"start":{"line":23,"column":0},"end":{"line":23,"column":11}},"loc":{"start":{"line":23,"column":26},"end":{"line":28,"column":1}}},"1":{"name":"(anonymous_1)","decl":{"start":{"line":29,"column":0},"end":{"line":29,"column":11}},"loc":{"start":{"line":29,"column":37},"end":{"line":34,"column":1}}},"2":{"name":"(anonymous_2)","decl":{"start":{"line":35,"column":0},"end":{"line":35,"column":11}},"loc":{"start":{"line":35,"column":25},"end":{"line":39,"column":1}}},"3":{"name":"(anonymous_3)","decl":{"start":{"line":40,"column":0},"end":{"line":40,"column":11}},"loc":{"start":{"line":40,"column":36},"end":{"line":44,"column":1}}},"4":{"name":"(anonymous_4)","decl":{"start":{"line":45,"column":0},"end":{"line":45,"column":11}},"loc":{"start":{"line":45,"column":23},"end":{"line":50,"column":1}}},"5":{"name":"(anonymous_5)","decl":{"start":{"line":51,"column":0},"end":{"line":51,"column":11}},"loc":{"start":{"line":51,"column":28},"end":{"line":56,"column":1}}},"6":{"name":"(anonymous_6)","decl":{"start":{"line":57,"column":0},"end":{"line":57,"column":11}},"loc":{"start":{"line":57,"column":29},"end":{"line":61,"column":1}}},"7":{"name":"(anonymous_7)","decl":{"start":{"line":62,"column":0},"end":{"line":62,"column":11}},"loc":{"start":{"line":62,"column":32},"end":{"line":66,"column":1}}},"8":{"name":"(anonymous_8)","decl":{"start":{"line":67,"column":0},"end":{"line":67,"column":11}},"loc":{"start":{"line":67,"column":20},"end":{"line":70,"column":1}}},"9":{"name":"(anonymous_9)","decl":{"start":{"line":71,"column":0},"end":{"line":71,"column":11}},"loc":{"start":{"line":71,"column":20},"end":{"line":75,"column":1}}},"10":{"name":"(anonymous_10)","decl":{"start":{"line":76,"column":0},"end":{"line":76,"column":11}},"loc":{"start":{"line":76,"column":20},"end":{"line":80,"column":1}}},"11":{"name":"(anonymous_11)","decl":{"start":{"line":81,"column":0},"end":{"line":81,"column":11}},"loc":{"start":{"line":81,"column":18},"end":{"line":87,"column":1}}},"12":{"name":"(anonymous_12)","decl":{"start":{"line":88,"column":0},"end":{"line":88,"column":11}},"loc":{"start":{"line":88,"column":21},"end":{"line":91,"column":1}}},"13":{"name":"(anonymous_13)","decl":{"start":{"line":92,"column":0},"end":{"line":92,"column":11}},"loc":{"start":{"line":92,"column":18},"end":{"line":96,"column":1}}},"14":{"name":"(anonymous_14)","decl":{"start":{"line":97,"column":0},"end":{"line":97,"column":11}},"loc":{"start":{"line":97,"column":25},"end":{"line":101,"column":1}}}},"branchMap":{"0":{"loc":{"start":{"line":23,"column":12},"end":{"line":23,"column":26}},"type":"binary-expr","locations":[{"start":{"line":23,"column":12},"end":{"line":23,"column":26}},{"start":{"line":23,"column":12},"end":{"line":23,"column":26}}]},"1":{"loc":{"start":{"line":29,"column":12},"end":{"line":29,"column":37}},"type":"binary-expr","locations":[{"start":{"line":29,"column":12},"end":{"line":29,"column":37}},{"start":{"line":29,"column":12},"end":{"line":29,"column":37}}]},"2":{"loc":{"start":{"line":35,"column":12},"end":{"line":35,"column":25}},"type":"binary-expr","locations":[{"start":{"line":35,"column":12},"end":{"line":35,"column":25}},{"start":{"line":35,"column":12},"end":{"line":35,"column":25}}]},"3":{"loc":{"start":{"line":40,"column":12},"end":{"line":40,"column":36}},"type":"binary-expr","locations":[{"start":{"line":40,"column":12},"end":{"line":40,"column":36}},{"start":{"line":40,"column":12},"end":{"line":40,"column":36}}]},"4":{"loc":{"start":{"line":45,"column":12},"end":{"line":45,"column":23}},"type":"binary-expr","locations":[{"start":{"line":45,"column":12},"end":{"line":45,"column":23}},{"start":{"line":45,"column":12},"end":{"line":45,"column":23}}]},"5":{"loc":{"start":{"line":51,"column":12},"end":{"line":51,"column":28}},"type":"binary-expr","locations":[{"start":{"line":51,"column":12},"end":{"line":51,"column":28}},{"start":{"line":51,"column":12},"end":{"line":51,"column":28}}]},"6":{"loc":{"start":{"line":57,"column":12},"end":{"line":57,"column":29}},"type":"binary-expr","locations":[{"start":{"line":57,"column":12},"end":{"line":57,"column":29}},{"start":{"line":57,"column":12},"end":{"line":57,"column":29}}]},"7":{"loc":{"start":{"line":62,"column":12},"end":{"line":62,"column":32}},"type":"binary-expr","locations":[{"start":{"line":62,"column":12},"end":{"line":62,"column":32}},{"start":{"line":62,"column":12},"end":{"line":62,"column":32}}]},"8":{"loc":{"start":{"line":67,"column":12},"end":{"line":67,"column":20}},"type":"binary-expr","locations":[{"start":{"line":67,"column":12},"end":{"line":67,"column":20}},{"start":{"line":67,"column":12},"end":{"line":67,"column":20}}]},"9":{"loc":{"start":{"line":71,"column":12},"end":{"line":71,"column":20}},"type":"binary-expr","locations":[{"start":{"line":71,"column":12},"end":{"line":71,"column":20}},{"start":{"line":71,"column":12},"end":{"line":71,"column":20}}]},"10":{"loc":{"start":{"line":76,"column":12},"end":{"line":76,"column":20}},"type":"binary-expr","locations":[{"start":{"line":76,"column":12},"end":{"line":76,"column":20}},{"start":{"line":76,"column":12},"end":{"line":76,"column":20}}]},"11":{"loc":{"start":{"line":81,"column":12},"end":{"line":81,"column":18}},"type":"binary-expr","locations":[{"start":{"line":81,"column":12},"end":{"line":81,"column":18}},{"start":{"line":81,"column":12},"end":{"line":81,"column":18}}]},"12":{"loc":{"start":{"line":88,"column":12},"end":{"line":88,"column":21}},"type":"binary-expr","locations":[{"start":{"line":88,"column":12},"end":{"line":88,"column":21}},{"start":{"line":88,"column":12},"end":{"line":88,"column":21}}]},"13":{"loc":{"start":{"line":92,"column":12},"end":{"line":92,"column":18}},"type":"binary-expr","locations":[{"start":{"line":92,"column":12},"end":{"line":92,"column":18}},{"start":{"line":92,"column":12},"end":{"line":92,"column":18}}]},"14":{"loc":{"start":{"line":97,"column":12},"end":{"line":97,"column":25}},"type":"binary-expr","locations":[{"start":{"line":97,"column":12},"end":{"line":97,"column":25}},{"start":{"line":97,"column":12},"end":{"line":97,"column":25}}]}},"s":{"0":1,"1":1,"2":1,"3":1,"4":1,"5":1,"6":1,"7":1,"8":1,"9":1,"10":1,"11":1,"12":1,"13":1,"14":1,"15":1,"16":1,"17":1,"18":1,"19":1,"20":1,"21":1,"22":1,"23":1,"24":1,"25":1,"26":1,"27":1,"28":1,"29":1,"30":1,"31":1,"32":1,"33":1,"34":1,"35":1,"36":1,"37":1,"38":1,"39":1,"40":1,"41":1,"42":1,"43":1,"44":1,"45":1,"46":1,"47":1,"48":1,"49":1,"50":1,"51":1,"52":1,"53":1,"54":1,"55":1,"56":1,"57":1,"58":1,"59":1,"60":1,"61":1,"62":1,"63":1},"f":{"0":1,"1":1,"2":1,"3":1,"4":1,"5":1,"6":1,"7":1,"8":1,"9":1,"10":1,"11":1,"12":1,"13":1,"14":1},"b":{"0":[1,1],"1":[1,1],"2":[1,1],"3":[1,1],"4":[1,1],"5":[1,1],"6":[1,1],"7":[1,1],"8":[1,1],"9":[1,1],"10":[1,1],"11":[1,1],"12":[1,1],"13":[1,1],"14":[1,1]}}
,"C:\\Development\\sn-client-js\\src\\FieldSettings.ts": {"path":"C:\\Development\\sn-client-js\\src\\FieldSettings.ts","statementMap":{"0":{"start":{"line":20,"column":0},"end":{"line":20,"column":52}},"1":{"start":{"line":20,"column":30},"end":{"line":20,"column":34}},"2":{"start":{"line":20,"column":36},"end":{"line":20,"column":40}},"3":{"start":{"line":20,"column":42},"end":{"line":20,"column":50}},"4":{"start":{"line":24,"column":0},"end":{"line":24,"column":53}},"5":{"start":{"line":24,"column":27},"end":{"line":24,"column":34}},"6":{"start":{"line":24,"column":36},"end":{"line":24,"column":39}},"7":{"start":{"line":24,"column":41},"end":{"line":24,"column":45}},"8":{"start":{"line":24,"column":47},"end":{"line":24,"column":51}},"9":{"start":{"line":28,"column":0},"end":{"line":28,"column":64}},"10":{"start":{"line":28,"column":28},"end":{"line":28,"column":36}},"11":{"start":{"line":28,"column":38},"end":{"line":28,"column":50}},"12":{"start":{"line":28,"column":52},"end":{"line":28,"column":62}},"13":{"start":{"line":32,"column":0},"end":{"line":32,"column":52}},"14":{"start":{"line":32,"column":27},"end":{"line":32,"column":31}},"15":{"start":{"line":32,"column":33},"end":{"line":32,"column":37}},"16":{"start":{"line":32,"column":39},"end":{"line":32,"column":50}},"17":{"start":{"line":36,"column":0},"end":{"line":36,"column":72}},"18":{"start":{"line":36,"column":32},"end":{"line":36,"column":43}},"19":{"start":{"line":36,"column":45},"end":{"line":36,"column":51}},"20":{"start":{"line":36,"column":53},"end":{"line":36,"column":59}},"21":{"start":{"line":36,"column":61},"end":{"line":36,"column":65}},"22":{"start":{"line":36,"column":67},"end":{"line":36,"column":70}},"23":{"start":{"line":40,"column":0},"end":{"line":40,"column":61}},"24":{"start":{"line":40,"column":23},"end":{"line":40,"column":31}},"25":{"start":{"line":40,"column":33},"end":{"line":40,"column":41}},"26":{"start":{"line":40,"column":43},"end":{"line":40,"column":59}},"27":{"start":{"line":44,"column":0},"end":{"line":44,"column":44}},"28":{"start":{"line":44,"column":24},"end":{"line":44,"column":33}},"29":{"start":{"line":44,"column":35},"end":{"line":44,"column":42}},"30":{"start":{"line":48,"column":4},"end":{"line":48,"column":38}},"31":{"start":{"line":47,"column":0},"end":{"line":49,"column":1}},"32":{"start":{"line":51,"column":0},"end":{"line":68,"column":5}},"33":{"start":{"line":71,"column":0},"end":{"line":76,"column":5}},"34":{"start":{"line":79,"column":0},"end":{"line":82,"column":5}},"35":{"start":{"line":85,"column":0},"end":{"line":87,"column":5}},"36":{"start":{"line":90,"column":0},"end":{"line":91,"column":5}},"37":{"start":{"line":94,"column":0},"end":{"line":98,"column":5}},"38":{"start":{"line":101,"column":0},"end":{"line":103,"column":5}},"39":{"start":{"line":106,"column":0},"end":{"line":113,"column":5}},"40":{"start":{"line":116,"column":0},"end":{"line":119,"column":5}},"41":{"start":{"line":122,"column":0},"end":{"line":129,"column":5}},"42":{"start":{"line":132,"column":0},"end":{"line":139,"column":5}},"43":{"start":{"line":142,"column":0},"end":{"line":146,"column":5}},"44":{"start":{"line":149,"column":0},"end":{"line":154,"column":5}},"45":{"start":{"line":157,"column":0},"end":{"line":159,"column":5}}},"fnMap":{"0":{"name":"(anonymous_0)","decl":{"start":{"line":20,"column":0},"end":{"line":20,"column":11}},"loc":{"start":{"line":20,"column":27},"end":{"line":20,"column":52}}},"1":{"name":"(anonymous_1)","decl":{"start":{"line":24,"column":0},"end":{"line":24,"column":11}},"loc":{"start":{"line":24,"column":24},"end":{"line":24,"column":53}}},"2":{"name":"(anonymous_2)","decl":{"start":{"line":28,"column":0},"end":{"line":28,"column":11}},"loc":{"start":{"line":28,"column":25},"end":{"line":28,"column":64}}},"3":{"name":"(anonymous_3)","decl":{"start":{"line":32,"column":0},"end":{"line":32,"column":11}},"loc":{"start":{"line":32,"column":24},"end":{"line":32,"column":52}}},"4":{"name":"(anonymous_4)","decl":{"start":{"line":36,"column":0},"end":{"line":36,"column":11}},"loc":{"start":{"line":36,"column":29},"end":{"line":36,"column":72}}},"5":{"name":"(anonymous_5)","decl":{"start":{"line":40,"column":0},"end":{"line":40,"column":11}},"loc":{"start":{"line":40,"column":20},"end":{"line":40,"column":61}}},"6":{"name":"(anonymous_6)","decl":{"start":{"line":44,"column":0},"end":{"line":44,"column":11}},"loc":{"start":{"line":44,"column":21},"end":{"line":44,"column":44}}},"7":{"name":"isFieldSettingOfType","decl":{"start":{"line":47,"column":0},"end":{"line":47,"column":60}},"loc":{"start":{"line":47,"column":100},"end":{"line":49,"column":1}}}},"branchMap":{"0":{"loc":{"start":{"line":20,"column":12},"end":{"line":20,"column":27}},"type":"binary-expr","locations":[{"start":{"line":20,"column":12},"end":{"line":20,"column":27}},{"start":{"line":20,"column":12},"end":{"line":20,"column":27}}]},"1":{"loc":{"start":{"line":24,"column":12},"end":{"line":24,"column":24}},"type":"binary-expr","locations":[{"start":{"line":24,"column":12},"end":{"line":24,"column":24}},{"start":{"line":24,"column":12},"end":{"line":24,"column":24}}]},"2":{"loc":{"start":{"line":28,"column":12},"end":{"line":28,"column":25}},"type":"binary-expr","locations":[{"start":{"line":28,"column":12},"end":{"line":28,"column":25}},{"start":{"line":28,"column":12},"end":{"line":28,"column":25}}]},"3":{"loc":{"start":{"line":32,"column":12},"end":{"line":32,"column":24}},"type":"binary-expr","locations":[{"start":{"line":32,"column":12},"end":{"line":32,"column":24}},{"start":{"line":32,"column":12},"end":{"line":32,"column":24}}]},"4":{"loc":{"start":{"line":36,"column":12},"end":{"line":36,"column":29}},"type":"binary-expr","locations":[{"start":{"line":36,"column":12},"end":{"line":36,"column":29}},{"start":{"line":36,"column":12},"end":{"line":36,"column":29}}]},"5":{"loc":{"start":{"line":40,"column":12},"end":{"line":40,"column":20}},"type":"binary-expr","locations":[{"start":{"line":40,"column":12},"end":{"line":40,"column":20}},{"start":{"line":40,"column":12},"end":{"line":40,"column":20}}]},"6":{"loc":{"start":{"line":44,"column":12},"end":{"line":44,"column":21}},"type":"binary-expr","locations":[{"start":{"line":44,"column":12},"end":{"line":44,"column":21}},{"start":{"line":44,"column":12},"end":{"line":44,"column":21}}]}},"s":{"0":1,"1":1,"2":1,"3":1,"4":1,"5":1,"6":1,"7":1,"8":1,"9":1,"10":1,"11":1,"12":1,"13":1,"14":1,"15":1,"16":1,"17":1,"18":1,"19":1,"20":1,"21":1,"22":1,"23":1,"24":1,"25":1,"26":1,"27":1,"28":1,"29":1,"30":174888,"31":1,"32":1,"33":1,"34":1,"35":1,"36":1,"37":1,"38":1,"39":1,"40":1,"41":1,"42":1,"43":1,"44":1,"45":1},"f":{"0":1,"1":1,"2":1,"3":1,"4":1,"5":1,"6":1,"7":174888},"b":{"0":[1,1],"1":[1,1],"2":[1,1],"3":[1,1],"4":[1,1],"5":[1,1],"6":[1,1]}}
,"C:\\Development\\sn-client-js\\src\\ODataHelper.ts": {"path":"C:\\Development\\sn-client-js\\src\\ODataHelper.ts","statementMap":{"0":{"start":{"line":14,"column":21},"end":{"line":14,"column":102}},"1":{"start":{"line":15,"column":13},"end":{"line":15,"column":37}},"2":{"start":{"line":17,"column":13},"end":{"line":26,"column":6}},"3":{"start":{"line":19,"column":8},"end":{"line":23,"column":11}},"4":{"start":{"line":20,"column":12},"end":{"line":22,"column":13}},"5":{"start":{"line":21,"column":16},"end":{"line":21,"column":32}},"6":{"start":{"line":24,"column":8},"end":{"line":24,"column":69}},"7":{"start":{"line":24,"column":42},"end":{"line":24,"column":67}},"8":{"start":{"line":25,"column":8},"end":{"line":25,"column":83}},"9":{"start":{"line":37,"column":13},"end":{"line":68,"column":6}},"10":{"start":{"line":39,"column":8},"end":{"line":41,"column":9}},"11":{"start":{"line":40,"column":12},"end":{"line":40,"column":22}},"12":{"start":{"line":43,"column":8},"end":{"line":47,"column":9}},"13":{"start":{"line":44,"column":12},"end":{"line":44,"column":39}},"14":{"start":{"line":46,"column":12},"end":{"line":46,"column":132}},"15":{"start":{"line":48,"column":8},"end":{"line":48,"column":70}},"16":{"start":{"line":49,"column":8},"end":{"line":49,"column":79}},"17":{"start":{"line":50,"column":8},"end":{"line":50,"column":71}},"18":{"start":{"line":51,"column":8},"end":{"line":51,"column":55}},"19":{"start":{"line":53,"column":60},"end":{"line":53,"column":62}},"20":{"start":{"line":55,"column":8},"end":{"line":65,"column":9}},"21":{"start":{"line":56,"column":25},"end":{"line":56,"column":73}},"22":{"start":{"line":57,"column":32},"end":{"line":57,"column":52}},"23":{"start":{"line":58,"column":30},"end":{"line":58,"column":40}},"24":{"start":{"line":59,"column":12},"end":{"line":61,"column":13}},"25":{"start":{"line":60,"column":16},"end":{"line":60,"column":90}},"26":{"start":{"line":60,"column":52},"end":{"line":60,"column":78}},"27":{"start":{"line":62,"column":12},"end":{"line":64,"column":13}},"28":{"start":{"line":63,"column":16},"end":{"line":63,"column":60}},"29":{"start":{"line":67,"column":8},"end":{"line":67,"column":69}},"30":{"start":{"line":67,"column":35},"end":{"line":67,"column":57}},"31":{"start":{"line":75,"column":13},"end":{"line":94,"column":2}},"32":{"start":{"line":76,"column":4},"end":{"line":78,"column":5}},"33":{"start":{"line":77,"column":8},"end":{"line":77,"column":53}},"34":{"start":{"line":79,"column":4},"end":{"line":81,"column":5}},"35":{"start":{"line":80,"column":8},"end":{"line":80,"column":20}},"36":{"start":{"line":83,"column":30},"end":{"line":83,"column":51}},"37":{"start":{"line":84,"column":17},"end":{"line":84,"column":54}},"38":{"start":{"line":85,"column":23},"end":{"line":85,"column":59}},"39":{"start":{"line":88,"column":4},"end":{"line":92,"column":5}},"40":{"start":{"line":89,"column":8},"end":{"line":89,"column":42}},"41":{"start":{"line":91,"column":8},"end":{"line":91,"column":41}},"42":{"start":{"line":93,"column":4},"end":{"line":93,"column":15}},"43":{"start":{"line":100,"column":13},"end":{"line":102,"column":2}},"44":{"start":{"line":101,"column":4},"end":{"line":101,"column":29}},"45":{"start":{"line":108,"column":13},"end":{"line":110,"column":2}},"46":{"start":{"line":109,"column":4},"end":{"line":109,"column":77}},"47":{"start":{"line":116,"column":13},"end":{"line":128,"column":2}},"48":{"start":{"line":117,"column":24},"end":{"line":125,"column":5}},"49":{"start":{"line":118,"column":8},"end":{"line":120,"column":9}},"50":{"start":{"line":119,"column":12},"end":{"line":119,"column":54}},"51":{"start":{"line":121,"column":8},"end":{"line":123,"column":9}},"52":{"start":{"line":122,"column":12},"end":{"line":122,"column":50}},"53":{"start":{"line":124,"column":8},"end":{"line":124,"column":20}},"54":{"start":{"line":127,"column":4},"end":{"line":127,"column":43}}},"fnMap":{"0":{"name":"(anonymous_0)","decl":{"start":{"line":18,"column":6},"end":{"line":18,"column":27}},"loc":{"start":{"line":18,"column":66},"end":{"line":26,"column":5}}},"1":{"name":"(anonymous_1)","decl":{"start":{"line":19,"column":23},"end":{"line":19,"column":24}},"loc":{"start":{"line":19,"column":33},"end":{"line":23,"column":9}}},"2":{"name":"(anonymous_2)","decl":{"start":{"line":24,"column":31},"end":{"line":24,"column":32}},"loc":{"start":{"line":24,"column":42},"end":{"line":24,"column":67}}},"3":{"name":"(anonymous_3)","decl":{"start":{"line":38,"column":4},"end":{"line":38,"column":25}},"loc":{"start":{"line":38,"column":85},"end":{"line":68,"column":5}}},"4":{"name":"(anonymous_4)","decl":{"start":{"line":60,"column":45},"end":{"line":60,"column":46}},"loc":{"start":{"line":60,"column":52},"end":{"line":60,"column":78}}},"5":{"name":"(anonymous_5)","decl":{"start":{"line":67,"column":28},"end":{"line":67,"column":29}},"loc":{"start":{"line":67,"column":35},"end":{"line":67,"column":57}}},"6":{"name":"(anonymous_6)","decl":{"start":{"line":75,"column":61},"end":{"line":75,"column":62}},"loc":{"start":{"line":75,"column":86},"end":{"line":94,"column":1}}},"7":{"name":"(anonymous_7)","decl":{"start":{"line":100,"column":57},"end":{"line":100,"column":58}},"loc":{"start":{"line":100,"column":72},"end":{"line":102,"column":1}}},"8":{"name":"(anonymous_8)","decl":{"start":{"line":108,"column":53},"end":{"line":108,"column":54}},"loc":{"start":{"line":108,"column":62},"end":{"line":110,"column":1}}},"9":{"name":"(anonymous_9)","decl":{"start":{"line":116,"column":25},"end":{"line":116,"column":26}},"loc":{"start":{"line":116,"column":47},"end":{"line":128,"column":1}}},"10":{"name":"(anonymous_10)","decl":{"start":{"line":117,"column":24},"end":{"line":117,"column":25}},"loc":{"start":{"line":117,"column":41},"end":{"line":125,"column":5}}}},"branchMap":{"0":{"loc":{"start":{"line":20,"column":12},"end":{"line":22,"column":13}},"type":"if","locations":[{"start":{"line":20,"column":12},"end":{"line":22,"column":13}},{"start":{"line":20,"column":12},"end":{"line":22,"column":13}}]},"1":{"loc":{"start":{"line":24,"column":42},"end":{"line":24,"column":47}},"type":"binary-expr","locations":[{"start":{"line":24,"column":42},"end":{"line":24,"column":47}},{"start":{"line":24,"column":51},"end":{"line":24,"column":67}}]},"2":{"loc":{"start":{"line":39,"column":8},"end":{"line":41,"column":9}},"type":"if","locations":[{"start":{"line":39,"column":8},"end":{"line":41,"column":9}},{"start":{"line":39,"column":8},"end":{"line":41,"column":9}}]},"3":{"loc":{"start":{"line":43,"column":8},"end":{"line":47,"column":9}},"type":"if","locations":[{"start":{"line":43,"column":8},"end":{"line":47,"column":9}},{"start":{"line":43,"column":8},"end":{"line":47,"column":9}}]},"4":{"loc":{"start":{"line":43,"column":12},"end":{"line":43,"column":43}},"type":"binary-expr","locations":[{"start":{"line":43,"column":12},"end":{"line":43,"column":43}},{"start":{"line":43,"column":47},"end":{"line":43,"column":77}},{"start":{"line":43,"column":81},"end":{"line":43,"column":105}}]},"5":{"loc":{"start":{"line":46,"column":85},"end":{"line":46,"column":99}},"type":"binary-expr","locations":[{"start":{"line":46,"column":85},"end":{"line":46,"column":99}},{"start":{"line":46,"column":103},"end":{"line":46,"column":123}}]},"6":{"loc":{"start":{"line":48,"column":27},"end":{"line":48,"column":43}},"type":"binary-expr","locations":[{"start":{"line":48,"column":27},"end":{"line":48,"column":43}},{"start":{"line":48,"column":47},"end":{"line":48,"column":69}}]},"7":{"loc":{"start":{"line":49,"column":30},"end":{"line":49,"column":49}},"type":"binary-expr","locations":[{"start":{"line":49,"column":30},"end":{"line":49,"column":49}},{"start":{"line":49,"column":53},"end":{"line":49,"column":78}}]},"8":{"loc":{"start":{"line":50,"column":25},"end":{"line":50,"column":39}},"type":"binary-expr","locations":[{"start":{"line":50,"column":25},"end":{"line":50,"column":39}},{"start":{"line":50,"column":43},"end":{"line":50,"column":70}}]},"9":{"loc":{"start":{"line":51,"column":22},"end":{"line":51,"column":33}},"type":"binary-expr","locations":[{"start":{"line":51,"column":22},"end":{"line":51,"column":33}},{"start":{"line":51,"column":37},"end":{"line":51,"column":54}}]},"10":{"loc":{"start":{"line":56,"column":58},"end":{"line":56,"column":67}},"type":"cond-expr","locations":[{"start":{"line":56,"column":58},"end":{"line":56,"column":67}},{"start":{"line":56,"column":70},"end":{"line":56,"column":73}}]},"11":{"loc":{"start":{"line":59,"column":12},"end":{"line":61,"column":13}},"type":"if","locations":[{"start":{"line":59,"column":12},"end":{"line":61,"column":13}},{"start":{"line":59,"column":12},"end":{"line":61,"column":13}}]},"12":{"loc":{"start":{"line":59,"column":16},"end":{"line":59,"column":43}},"type":"binary-expr","locations":[{"start":{"line":59,"column":16},"end":{"line":59,"column":43}},{"start":{"line":59,"column":47},"end":{"line":59,"column":64}},{"start":{"line":59,"column":68},"end":{"line":59,"column":89}}]},"13":{"loc":{"start":{"line":60,"column":52},"end":{"line":60,"column":58}},"type":"binary-expr","locations":[{"start":{"line":60,"column":52},"end":{"line":60,"column":58}},{"start":{"line":60,"column":62},"end":{"line":60,"column":73}},{"start":{"line":60,"column":77},"end":{"line":60,"column":78}}]},"14":{"loc":{"start":{"line":62,"column":12},"end":{"line":64,"column":13}},"type":"if","locations":[{"start":{"line":62,"column":12},"end":{"line":64,"column":13}},{"start":{"line":62,"column":12},"end":{"line":64,"column":13}}]},"15":{"loc":{"start":{"line":62,"column":16},"end":{"line":62,"column":20}},"type":"binary-expr","locations":[{"start":{"line":62,"column":16},"end":{"line":62,"column":20}},{"start":{"line":62,"column":24},"end":{"line":62,"column":35}},{"start":{"line":62,"column":39},"end":{"line":62,"column":57}}]},"16":{"loc":{"start":{"line":76,"column":4},"end":{"line":78,"column":5}},"type":"if","locations":[{"start":{"line":76,"column":4},"end":{"line":78,"column":5}},{"start":{"line":76,"column":4},"end":{"line":78,"column":5}}]},"17":{"loc":{"start":{"line":76,"column":8},"end":{"line":76,"column":35}},"type":"binary-expr","locations":[{"start":{"line":76,"column":8},"end":{"line":76,"column":35}},{"start":{"line":76,"column":39},"end":{"line":76,"column":60}},{"start":{"line":76,"column":64},"end":{"line":76,"column":80}}]},"18":{"loc":{"start":{"line":79,"column":4},"end":{"line":81,"column":5}},"type":"if","locations":[{"start":{"line":79,"column":4},"end":{"line":81,"column":5}},{"start":{"line":79,"column":4},"end":{"line":81,"column":5}}]},"19":{"loc":{"start":{"line":88,"column":4},"end":{"line":92,"column":5}},"type":"if","locations":[{"start":{"line":88,"column":4},"end":{"line":92,"column":5}},{"start":{"line":88,"column":4},"end":{"line":92,"column":5}}]},"20":{"loc":{"start":{"line":109,"column":11},"end":{"line":109,"column":34}},"type":"binary-expr","locations":[{"start":{"line":109,"column":11},"end":{"line":109,"column":34}},{"start":{"line":109,"column":38},"end":{"line":109,"column":76}}]},"21":{"loc":{"start":{"line":118,"column":8},"end":{"line":120,"column":9}},"type":"if","locations":[{"start":{"line":118,"column":8},"end":{"line":120,"column":9}},{"start":{"line":118,"column":8},"end":{"line":120,"column":9}}]},"22":{"loc":{"start":{"line":121,"column":8},"end":{"line":123,"column":9}},"type":"if","locations":[{"start":{"line":121,"column":8},"end":{"line":123,"column":9}},{"start":{"line":121,"column":8},"end":{"line":123,"column":9}}]}},"s":{"0":1,"1":1,"2":1,"3":34,"4":68,"5":3,"6":34,"7":68,"8":34,"9":1,"10":63,"11":27,"12":36,"13":2,"14":34,"15":36,"16":36,"17":36,"18":36,"19":36,"20":36,"21":198,"22":198,"23":198,"24":198,"25":36,"26":200,"27":198,"28":107,"29":36,"30":107,"31":1,"32":44,"33":1,"34":43,"35":2,"36":41,"37":41,"38":41,"39":41,"40":16,"41":25,"42":41,"43":1,"44":106,"45":1,"46":45,"47":1,"48":407,"49":823,"50":3,"51":823,"52":245,"53":823,"54":407},"f":{"0":34,"1":68,"2":68,"3":63,"4":200,"5":107,"6":44,"7":106,"8":45,"9":407,"10":823},"b":{"0":[3,65],"1":[68,55],"2":[27,36],"3":[2,34],"4":[36,36,36],"5":[34,14],"6":[36,35],"7":[36,36],"8":[36,31],"9":[36,36],"10":[152,46],"11":[36,162],"12":[198,43,36],"13":[200,4,196],"14":[107,91],"15":[198,198,139],"16":[1,43],"17":[44,44,43],"18":[2,41],"19":[16,25],"20":[45,3],"21":[3,820],"22":[245,578]}}
,"C:\\Development\\sn-client-js\\src\\Resources.ts": {"path":"C:\\Development\\sn-client-js\\src\\Resources.ts","statementMap":{"0":{"start":{"line":17,"column":1},"end":{"line":17,"column":21}},"1":{"start":{"line":18,"column":1},"end":{"line":18,"column":32}},"2":{"start":{"line":19,"column":1},"end":{"line":19,"column":40}},"3":{"start":{"line":20,"column":1},"end":{"line":20,"column":27}},"4":{"start":{"line":21,"column":1},"end":{"line":21,"column":32}},"5":{"start":{"line":22,"column":1},"end":{"line":22,"column":32}},"6":{"start":{"line":23,"column":1},"end":{"line":23,"column":32}},"7":{"start":{"line":24,"column":1},"end":{"line":24,"column":31}},"8":{"start":{"line":25,"column":1},"end":{"line":25,"column":35}},"9":{"start":{"line":26,"column":1},"end":{"line":26,"column":27}},"10":{"start":{"line":27,"column":1},"end":{"line":27,"column":36}},"11":{"start":{"line":28,"column":1},"end":{"line":28,"column":27}},"12":{"start":{"line":29,"column":1},"end":{"line":29,"column":28}},"13":{"start":{"line":30,"column":1},"end":{"line":30,"column":26}},"14":{"start":{"line":31,"column":1},"end":{"line":31,"column":35}},"15":{"start":{"line":32,"column":1},"end":{"line":32,"column":43}},"16":{"start":{"line":33,"column":1},"end":{"line":33,"column":40}},"17":{"start":{"line":34,"column":1},"end":{"line":34,"column":25}},"18":{"start":{"line":35,"column":1},"end":{"line":35,"column":27}},"19":{"start":{"line":36,"column":1},"end":{"line":36,"column":35}},"20":{"start":{"line":37,"column":1},"end":{"line":37,"column":44}},"21":{"start":{"line":38,"column":1},"end":{"line":38,"column":26}},"22":{"start":{"line":39,"column":1},"end":{"line":39,"column":33}},"23":{"start":{"line":40,"column":1},"end":{"line":40,"column":43}},"24":{"start":{"line":41,"column":1},"end":{"line":41,"column":42}},"25":{"start":{"line":42,"column":1},"end":{"line":42,"column":26}},"26":{"start":{"line":43,"column":1},"end":{"line":43,"column":33}},"27":{"start":{"line":44,"column":1},"end":{"line":44,"column":41}},"28":{"start":{"line":45,"column":1},"end":{"line":45,"column":37}},"29":{"start":{"line":46,"column":1},"end":{"line":46,"column":29}},"30":{"start":{"line":47,"column":1},"end":{"line":47,"column":28}},"31":{"start":{"line":48,"column":1},"end":{"line":48,"column":29}},"32":{"start":{"line":49,"column":1},"end":{"line":49,"column":36}},"33":{"start":{"line":50,"column":1},"end":{"line":50,"column":25}},"34":{"start":{"line":51,"column":1},"end":{"line":51,"column":29}},"35":{"start":{"line":52,"column":1},"end":{"line":52,"column":39}},"36":{"start":{"line":53,"column":1},"end":{"line":53,"column":31}},"37":{"start":{"line":54,"column":1},"end":{"line":54,"column":35}},"38":{"start":{"line":55,"column":1},"end":{"line":55,"column":33}},"39":{"start":{"line":56,"column":1},"end":{"line":56,"column":34}},"40":{"start":{"line":57,"column":1},"end":{"line":57,"column":29}},"41":{"start":{"line":58,"column":1},"end":{"line":58,"column":26}},"42":{"start":{"line":59,"column":1},"end":{"line":59,"column":29}},"43":{"start":{"line":60,"column":1},"end":{"line":60,"column":30}},"44":{"start":{"line":61,"column":1},"end":{"line":61,"column":35}},"45":{"start":{"line":62,"column":1},"end":{"line":62,"column":44}},"46":{"start":{"line":63,"column":1},"end":{"line":63,"column":29}},"47":{"start":{"line":64,"column":1},"end":{"line":64,"column":25}},"48":{"start":{"line":65,"column":1},"end":{"line":65,"column":26}},"49":{"start":{"line":66,"column":1},"end":{"line":66,"column":32}},"50":{"start":{"line":67,"column":1},"end":{"line":67,"column":31}},"51":{"start":{"line":68,"column":1},"end":{"line":68,"column":33}},"52":{"start":{"line":69,"column":1},"end":{"line":69,"column":25}},"53":{"start":{"line":70,"column":1},"end":{"line":70,"column":29}},"54":{"start":{"line":71,"column":1},"end":{"line":71,"column":29}},"55":{"start":{"line":72,"column":1},"end":{"line":72,"column":29}},"56":{"start":{"line":73,"column":1},"end":{"line":73,"column":25}},"57":{"start":{"line":74,"column":1},"end":{"line":74,"column":32}},"58":{"start":{"line":75,"column":1},"end":{"line":75,"column":42}},"59":{"start":{"line":76,"column":1},"end":{"line":76,"column":30}},"60":{"start":{"line":77,"column":1},"end":{"line":77,"column":41}},"61":{"start":{"line":78,"column":1},"end":{"line":78,"column":30}},"62":{"start":{"line":79,"column":1},"end":{"line":79,"column":31}}},"fnMap":{},"branchMap":{},"s":{"0":1,"1":1,"2":1,"3":1,"4":1,"5":1,"6":1,"7":1,"8":1,"9":1,"10":1,"11":1,"12":1,"13":1,"14":1,"15":1,"16":1,"17":1,"18":1,"19":1,"20":1,"21":1,"22":1,"23":1,"24":1,"25":1,"26":1,"27":1,"28":1,"29":1,"30":1,"31":1,"32":1,"33":1,"34":1,"35":1,"36":1,"37":1,"38":1,"39":1,"40":1,"41":1,"42":1,"43":1,"44":1,"45":1,"46":1,"47":1,"48":1,"49":1,"50":1,"51":1,"52":1,"53":1,"54":1,"55":1,"56":1,"57":1,"58":1,"59":1,"60":1,"61":1,"62":1},"f":{},"b":{}}
[...]
33},"end":{"line":277,"column":57}}]},"8":{"loc":{"start":{"line":280,"column":12},"end":{"line":282,"column":13}},"type":"if","locations":[{"start":{"line":280,"column":12},"end":{"line":282,"column":13}},{"start":{"line":280,"column":12},"end":{"line":282,"column":13}}]},"9":{"loc":{"start":{"line":287,"column":8},"end":{"line":303,"column":9}},"type":"if","locations":[{"start":{"line":287,"column":8},"end":{"line":303,"column":9}},{"start":{"line":287,"column":8},"end":{"line":303,"column":9}}]},"10":{"loc":{"start":{"line":295,"column":16},"end":{"line":300,"column":17}},"type":"if","locations":[{"start":{"line":295,"column":16},"end":{"line":300,"column":17}},{"start":{"line":295,"column":16},"end":{"line":300,"column":17}}]},"11":{"loc":{"start":{"line":414,"column":33},"end":{"line":414,"column":44}},"type":"binary-expr","locations":[{"start":{"line":414,"column":33},"end":{"line":414,"column":44}},{"start":{"line":414,"column":49},"end":{"line":414,"column":65}},{"start":{"line":414,"column":70},"end":{"line":414,"column":108}},{"start":{"line":414,"column":113},"end":{"line":414,"column":119}}]},"12":{"loc":{"start":{"line":416,"column":8},"end":{"line":429,"column":9}},"type":"if","locations":[{"start":{"line":416,"column":8},"end":{"line":429,"column":9}},{"start":{"line":416,"column":8},"end":{"line":429,"column":9}}]},"13":{"loc":{"start":{"line":418,"column":12},"end":{"line":425,"column":13}},"type":"if","locations":[{"start":{"line":418,"column":12},"end":{"line":425,"column":13}},{"start":{"line":418,"column":12},"end":{"line":425,"column":13}}]},"14":{"loc":{"start":{"line":461,"column":12},"end":{"line":461,"column":53}},"type":"cond-expr","locations":[{"start":{"line":461,"column":12},"end":{"line":461,"column":53}},{"start":{"line":462,"column":12},"end":{"line":462,"column":51}}]},"15":{"loc":{"start":{"line":493,"column":8},"end":{"line":495,"column":9}},"type":"if","locations":[{"start":{"line":493,"column":8},"end":{"line":495,"column":9}},{"start":{"line":493,"column":8},"end":{"line":495,"column":9}}]},"16":{"loc":{"start":{"line":549,"column":93},"end":{"line":549,"column":98}},"type":"default-arg","locations":[{"start":{"line":549,"column":93},"end":{"line":549,"column":98}}]},"17":{"loc":{"start":{"line":549,"column":114},"end":{"line":549,"column":144}},"type":"default-arg","locations":[{"start":{"line":549,"column":114},"end":{"line":549,"column":144}}]},"18":{"loc":{"start":{"line":557,"column":50},"end":{"line":557,"column":54}},"type":"binary-expr","locations":[{"start":{"line":557,"column":50},"end":{"line":557,"column":54}},{"start":{"line":557,"column":58},"end":{"line":557,"column":64}},{"start":{"line":557,"column":68},"end":{"line":557,"column":69}}]},"19":{"loc":{"start":{"line":564,"column":12},"end":{"line":572,"column":13}},"type":"if","locations":[{"start":{"line":564,"column":12},"end":{"line":572,"column":13}},{"start":{"line":564,"column":12},"end":{"line":572,"column":13}}]},"20":{"loc":{"start":{"line":591,"column":105},"end":{"line":591,"column":135}},"type":"default-arg","locations":[{"start":{"line":591,"column":105},"end":{"line":591,"column":135}}]},"21":{"loc":{"start":{"line":600,"column":54},"end":{"line":600,"column":60}},"type":"binary-expr","locations":[{"start":{"line":600,"column":54},"end":{"line":600,"column":60}},{"start":{"line":600,"column":64},"end":{"line":600,"column":65}}]},"22":{"loc":{"start":{"line":607,"column":12},"end":{"line":624,"column":13}},"type":"if","locations":[{"start":{"line":607,"column":12},"end":{"line":624,"column":13}},{"start":{"line":607,"column":12},"end":{"line":624,"column":13}}]},"23":{"loc":{"start":{"line":643,"column":104},"end":{"line":643,"column":134}},"type":"default-arg","locations":[{"start":{"line":643,"column":104},"end":{"line":643,"column":134}}]},"24":{"loc":{"start":{"line":652,"column":54},"end":{"line":652,"column":60}},"type":"binary-expr","locations":[{"start":{"line":652,"column":54},"end":{"line":652,"column":60}},{"start":{"line":652,"column":64},"end":{"line":652,"column":65}}]},"25":{"loc":{"start":{"line":660,"column":12},"end":{"line":668,"column":13}},"type":"if","locations":[{"start":{"line":660,"column":12},"end":{"line":668,"column":13}},{"start":{"line":660,"column":12},"end":{"line":668,"column":13}}]},"26":{"loc":{"start":{"line":689,"column":16},"end":{"line":715,"column":17}},"type":"if","locations":[{"start":{"line":689,"column":16},"end":{"line":715,"column":17}},{"start":{"line":689,"column":16},"end":{"line":715,"column":17}}]},"27":{"loc":{"start":{"line":693,"column":20},"end":{"line":713,"column":21}},"type":"if","locations":[{"start":{"line":693,"column":20},"end":{"line":713,"column":21}},{"start":{"line":693,"column":20},"end":{"line":713,"column":21}}]},"28":{"loc":{"start":{"line":706,"column":32},"end":{"line":711,"column":33}},"type":"if","locations":[{"start":{"line":706,"column":32},"end":{"line":711,"column":33}},{"start":{"line":706,"column":32},"end":{"line":711,"column":33}}]},"29":{"loc":{"start":{"line":740,"column":8},"end":{"line":742,"column":9}},"type":"if","locations":[{"start":{"line":740,"column":8},"end":{"line":742,"column":9}},{"start":{"line":740,"column":8},"end":{"line":742,"column":9}}]},"30":{"loc":{"start":{"line":744,"column":8},"end":{"line":746,"column":9}},"type":"if","locations":[{"start":{"line":744,"column":8},"end":{"line":746,"column":9}},{"start":{"line":744,"column":8},"end":{"line":746,"column":9}}]},"31":{"loc":{"start":{"line":748,"column":8},"end":{"line":750,"column":9}},"type":"if","locations":[{"start":{"line":748,"column":8},"end":{"line":750,"column":9}},{"start":{"line":748,"column":8},"end":{"line":750,"column":9}}]},"32":{"loc":{"start":{"line":752,"column":8},"end":{"line":754,"column":9}},"type":"if","locations":[{"start":{"line":752,"column":8},"end":{"line":754,"column":9}},{"start":{"line":752,"column":8},"end":{"line":754,"column":9}}]},"33":{"loc":{"start":{"line":756,"column":29},"end":{"line":756,"column":50}},"type":"binary-expr","locations":[{"start":{"line":756,"column":29},"end":{"line":756,"column":50}},{"start":{"line":756,"column":54},"end":{"line":756,"column":97}}]},"34":{"loc":{"start":{"line":758,"column":8},"end":{"line":760,"column":9}},"type":"if","locations":[{"start":{"line":758,"column":8},"end":{"line":760,"column":9}},{"start":{"line":758,"column":8},"end":{"line":760,"column":9}}]}},"s":{"0":1,"1":1,"2":1,"3":1,"4":1,"5":1,"6":1,"7":1,"8":1,"9":1,"10":1,"11":1,"12":388,"13":388,"14":388,"15":206,"16":388,"17":388,"18":3,"19":388,"20":388,"21":4,"22":4,"23":4,"24":388,"25":388,"26":388,"27":388,"28":388,"29":388,"30":143,"31":178,"32":156,"33":165,"34":165,"35":134,"36":35,"37":134,"38":7,"39":7,"40":7,"41":7,"42":5,"43":5,"44":5,"45":5,"46":3,"47":3,"48":2,"49":2,"50":2,"51":2,"52":2,"53":2,"54":1,"55":1,"56":2,"57":2,"58":2,"59":2,"60":2,"61":2,"62":2,"63":2,"64":2,"65":2,"66":2,"67":2,"68":3,"69":6,"70":6,"71":6,"72":6,"73":6,"74":6,"75":6,"76":6,"77":6,"78":6,"79":6,"80":6,"81":2,"82":4,"83":4,"84":2,"85":2,"86":5,"87":5,"88":4,"89":3,"90":2,"91":0,"92":1,"93":2,"94":2,"95":1,"96":1,"97":1,"98":1,"99":1,"100":1,"101":1,"102":1,"103":1,"104":7,"105":7,"106":2,"107":6,"108":5,"109":7,"110":6,"111":6,"112":6,"113":1,"114":1,"115":1,"116":1,"117":1,"118":1,"119":130,"120":1,"121":1,"122":1,"123":1,"124":1190,"125":1190,"126":1171,"127":1171,"128":56,"129":56,"130":1115,"131":1115,"132":19,"133":1190,"134":1190,"135":1190,"136":14,"137":14,"138":14,"139":9,"140":2,"141":2,"142":1,"143":1,"144":10,"145":9,"146":10,"147":4,"148":2,"149":1,"150":2,"151":1,"152":10,"153":4,"154":4,"155":4,"156":3,"157":2,"158":1,"159":1,"160":2,"161":1,"162":1,"163":4,"164":4,"165":4,"166":4,"167":3,"168":2,"169":1,"170":2,"171":1,"172":4,"173":388,"174":675,"175":305,"176":5,"177":5,"178":300,"179":2,"180":2,"181":2,"182":2,"183":1,"184":1,"185":1,"186":1,"187":1,"188":3231,"189":4929,"190":388,"191":4929,"192":388,"193":19400,"194":4929,"195":2833,"196":2096,"197":62015,"198":2096,"199":7,"200":2089,"201":2089,"202":2089,"203":1698,"204":2089,"205":2089,"206":1},"f":{"0":388,"1":206,"2":3,"3":4,"4":4,"5":143,"6":178,"7":156,"8":165,"9":134,"10":7,"11":5,"12":2,"13":2,"14":1,"15":2,"16":2,"17":2,"18":6,"19":6,"20":6,"21":4,"22":2,"23":5,"24":5,"25":4,"26":3,"27":2,"28":0,"29":1,"30":2,"31":2,"32":1,"33":1,"34":1,"35":1,"36":1,"37":1,"38":7,"39":7,"40":6,"41":1,"42":1,"43":1,"44":1,"45":130,"46":1,"47":1,"48":1,"49":1,"50":1190,"51":14,"52":9,"53":2,"54":10,"55":9,"56":4,"57":1,"58":1,"59":1,"60":4,"61":4,"62":3,"63":1,"64":1,"65":1,"66":1,"67":1,"68":4,"69":4,"70":3,"71":1,"72":1,"73":1,"74":388,"75":675,"76":305,"77":2,"78":2,"79":1,"80":3231,"81":4929,"82":19400,"83":62015},"b":{"0":[4,2],"1":[35,99],"2":[3,2],"3":[2],"4":[0,6],"5":[2,4],"6":[2,5],"7":[7,3],"8":[5,1],"9":[6,1],"10":[1,0],"11":[1190,1150,1039,111],"12":[1171,19],"13":[56,1115],"14":[1,13],"15":[1,1],"16":[5],"17":[10],"18":[9,1,0],"19":[2,2],"20":[4],"21":[4,0],"22":[2,1],"23":[4],"24":[4,0],"25":[2,1],"26":[5,300],"27":[2,298],"28":[1,1],"29":[388,4541],"30":[388,4541],"31":[2833,2096],"32":[7,2089],"33":[2089,1698],"34":[1698,391]}}
,"C:\\Development\\sn-client-js\\src\\Repository\\RepositoryEventHub.ts": {"path":"C:\\Development\\sn-client-js\\src\\Repository\\RepositoryEventHub.ts","statementMap":{"0":{"start":{"line":7,"column":0},"end":{"line":7,"column":38}},"1":{"start":{"line":14,"column":0},"end":{"line":168,"column":1}},"2":{"start":{"line":15,"column":17},"end":{"line":20,"column":5}},"3":{"start":{"line":22,"column":17},"end":{"line":32,"column":5}},"4":{"start":{"line":34,"column":17},"end":{"line":48,"column":5}},"5":{"start":{"line":50,"column":17},"end":{"line":63,"column":5}},"6":{"start":{"line":65,"column":17},"end":{"line":70,"column":5}},"7":{"start":{"line":72,"column":17},"end":{"line":81,"column":5}},"8":{"start":{"line":83,"column":17},"end":{"line":97,"column":5}},"9":{"start":{"line":99,"column":17},"end":{"line":113,"column":5}},"10":{"start":{"line":115,"column":17},"end":{"line":133,"column":5}},"11":{"start":{"line":135,"column":17},"end":{"line":148,"column":5}},"12":{"start":{"line":150,"column":17},"end":{"line":167,"column":5}},"13":{"start":{"line":171,"column":21},"end":{"line":171,"column":83}},"14":{"start":{"line":172,"column":21},"end":{"line":172,"column":93}},"15":{"start":{"line":173,"column":21},"end":{"line":173,"column":85}},"16":{"start":{"line":174,"column":21},"end":{"line":174,"column":105}},"17":{"start":{"line":175,"column":21},"end":{"line":175,"column":81}},"18":{"start":{"line":176,"column":21},"end":{"line":176,"column":83}},"19":{"start":{"line":177,"column":21},"end":{"line":177,"column":93}},"20":{"start":{"line":178,"column":21},"end":{"line":178,"column":112}},"21":{"start":{"line":179,"column":21},"end":{"line":179,"column":108}},"22":{"start":{"line":180,"column":21},"end":{"line":180,"column":86}},"23":{"start":{"line":181,"column":21},"end":{"line":181,"column":96}},"24":{"start":{"line":182,"column":21},"end":{"line":182,"column":92}},"25":{"start":{"line":187,"column":11},"end":{"line":206,"column":6}},"26":{"start":{"line":188,"column":53},"end":{"line":188,"column":91}},"27":{"start":{"line":189,"column":63},"end":{"line":189,"column":106}},"28":{"start":{"line":191,"column":55},"end":{"line":191,"column":94}},"29":{"start":{"line":192,"column":75},"end":{"line":192,"column":124}},"30":{"start":{"line":194,"column":51},"end":{"line":194,"column":88}},"31":{"start":{"line":196,"column":53},"end":{"line":196,"column":91}},"32":{"start":{"line":197,"column":63},"end":{"line":197,"column":106}},"33":{"start":{"line":199,"column":77},"end":{"line":199,"column":121}},"34":{"start":{"line":200,"column":73},"end":{"line":200,"column":115}},"35":{"start":{"line":202,"column":56},"end":{"line":202,"column":92}},"36":{"start":{"line":203,"column":66},"end":{"line":203,"column":107}},"37":{"start":{"line":205,"column":57},"end":{"line":205,"column":95}},"38":{"start":{"line":211,"column":11},"end":{"line":211,"column":108}},"39":{"start":{"line":216,"column":11},"end":{"line":216,"column":85}},"40":{"start":{"line":221,"column":11},"end":{"line":221,"column":77}},"41":{"start":{"line":226,"column":11},"end":{"line":226,"column":97}},"42":{"start":{"line":231,"column":11},"end":{"line":231,"column":73}},"43":{"start":{"line":236,"column":11},"end":{"line":236,"column":75}},"44":{"start":{"line":241,"column":11},"end":{"line":241,"column":85}},"45":{"start":{"line":246,"column":11},"end":{"line":246,"column":71}},"46":{"start":{"line":251,"column":11},"end":{"line":251,"column":81}},"47":{"start":{"line":256,"column":11},"end":{"line":256,"column":87}},"48":{"start":{"line":261,"column":11},"end":{"line":261,"column":83}},"49":{"start":{"line":266,"column":11},"end":{"line":266,"column":75}},"50":{"start":{"line":170,"column":0},"end":{"line":268,"column":1}}},"fnMap":{"0":{"name":"(anonymous_0)","decl":{"start":{"line":14,"column":0},"end":{"line":14,"column":16}},"loc":{"start":{"line":14,"column":28},"end":{"line":168,"column":1}}},"1":{"name":"(anonymous_1)","decl":{"start":{"line":170,"column":0},"end":{"line":null,"column":-1}},"loc":{"start":{"line":170,"column":0},"end":{"line":268,"column":1}}},"2":{"name":"(anonymous_2)","decl":{"start":{"line":188,"column":24},"end":{"line":188,"column":25}},"loc":{"start":{"line":188,"column":53},"end":{"line":188,"column":91}}},"3":{"name":"(anonymous_3)","decl":{"start":{"line":189,"column":29},"end":{"line":189,"column":30}},"loc":{"start":{"line":189,"column":63},"end":{"line":189,"column":106}}},"4":{"name":"(anonymous_4)","decl":{"start":{"line":191,"column":25},"end":{"line":191,"column":26}},"loc":{"start":{"line":191,"column":55},"end":{"line":191,"column":94}}},"5":{"name":"(anonymous_5)","decl":{"start":{"line":192,"column":35},"end":{"line":192,"column":36}},"loc":{"start":{"line":192,"column":75},"end":{"line":192,"column":124}}},"6":{"name":"(anonymous_6)","decl":{"start":{"line":194,"column":23},"end":{"line":194,"column":24}},"loc":{"start":{"line":194,"column":51},"end":{"line":194,"column":88}}},"7":{"name":"(anonymous_7)","decl":{"start":{"line":196,"column":24},"end":{"line":196,"column":25}},"loc":{"start":{"line":196,"column":53},"end":{"line":196,"column":91}}},"8":{"name":"(anonymous_8)","decl":{"start":{"line":197,"column":29},"end":{"line":197,"column":30}},"loc":{"start":{"line":197,"column":63},"end":{"line":197,"column":106}}},"9":{"name":"(anonymous_9)","decl":{"start":{"line":199,"column":30},"end":{"line":199,"column":31}},"loc":{"start":{"line":199,"column":77},"end":{"line":199,"column":121}}},"10":{"name":"(anonymous_10)","decl":{"start":{"line":200,"column":28},"end":{"line":200,"column":29}},"loc":{"start":{"line":200,"column":73},"end":{"line":200,"column":115}}},"11":{"name":"(anonymous_11)","decl":{"start":{"line":202,"column":22},"end":{"line":202,"column":23}},"loc":{"start":{"line":202,"column":56},"end":{"line":202,"column":92}}},"12":{"name":"(anonymous_12)","decl":{"start":{"line":203,"column":27},"end":{"line":203,"column":28}},"loc":{"start":{"line":203,"column":66},"end":{"line":203,"column":107}}},"13":{"name":"(anonymous_13)","decl":{"start":{"line":205,"column":24},"end":{"line":205,"column":25}},"loc":{"start":{"line":205,"column":57},"end":{"line":205,"column":95}}}},"branchMap":{"0":{"loc":{"start":{"line":14,"column":17},"end":{"line":14,"column":28}},"type":"binary-expr","locations":[{"start":{"line":14,"column":17},"end":{"line":14,"column":28}},{"start":{"line":14,"column":17},"end":{"line":14,"column":28}}]}},"s":{"0":1,"1":1,"2":1,"3":1,"4":1,"5":1,"6":1,"7":1,"8":1,"9":1,"10":1,"11":1,"12":1,"13":388,"14":388,"15":388,"16":388,"17":388,"18":388,"19":388,"20":388,"21":388,"22":388,"23":388,"24":388,"25":388,"26":8,"27":6,"28":5,"29":6,"30":1190,"31":2,"32":2,"33":15,"34":7,"35":2,"36":2,"37":10,"38":388,"39":388,"40":388,"41":388,"42":388,"43":388,"44":388,"45":388,"46":388,"47":388,"48":388,"49":388,"50":1},"f":{"0":1,"1":388,"2":8,"3":6,"4":5,"5":6,"6":1190,"7":2,"8":2,"9":15,"10":7,"11":2,"12":2,"13":10},"b":{"0":[1,1]}}
,"C:\\Development\\sn-client-js\\src\\Repository\\SnRepository.ts": {"path":"C:\\Development\\sn-client-js\\src\\Repository\\SnRepository.ts","statementMap":{"0":{"start":{"line":5,"column":0},"end":{"line":5,"column":57}},"1":{"start":{"line":6,"column":0},"end":{"line":6,"column":55}},"2":{"start":{"line":7,"column":0},"end":{"line":7,"column":72}},"3":{"start":{"line":8,"column":0},"end":{"line":8,"column":35}},"4":{"start":{"line":19,"column":8},"end":{"line":19,"column":73}},"5":{"start":{"line":14,"column":0},"end":{"line":21,"column":1}}},"fnMap":{"0":{"name":"(anonymous_0)","decl":{"start":{"line":18,"column":4},"end":{"line":18,"column":15}},"loc":{"start":{"line":18,"column":47},"end":{"line":20,"column":5}}}},"branchMap":{},"s":{"0":1,"1":1,"2":1,"3":1,"4":5,"5":1},"f":{"0":5},"b":{}}
,"C:\\Development\\sn-client-js\\src\\Repository\\UploadModels.ts": {"path":"C:\\Development\\sn-client-js\\src\\Repository\\UploadModels.ts","statementMap":{"0":{"start":{"line":11,"column":0},"end":{"line":32,"column":1}},"1":{"start":{"line":34,"column":0},"end":{"line":39,"column":1}},"2":{"start":{"line":41,"column":0},"end":{"line":50,"column":1}},"3":{"start":{"line":52,"column":0},"end":{"line":61,"column":1}},"4":{"start":{"line":63,"column":0},"end":{"line":80,"column":1}},"5":{"start":{"line":82,"column":0},"end":{"line":87,"column":1}},"6":{"start":{"line":108,"column":8},"end":{"line":108,"column":46}},"7":{"start":{"line":109,"column":8},"end":{"line":109,"column":34}},"8":{"start":{"line":110,"column":8},"end":{"line":110,"column":37}},"9":{"start":{"line":111,"column":8},"end":{"line":111,"column":35}},"10":{"start":{"line":89,"column":0},"end":{"line":113,"column":1}}},"fnMap":{"0":{"name":"(anonymous_0)","decl":{"start":{"line":107,"column":4},"end":{"line":107,"column":15}},"loc":{"start":{"line":107,"column":30},"end":{"line":112,"column":5}}}},"branchMap":{},"s":{"0":1,"1":1,"2":1,"3":1,"4":1,"5":1,"6":3,"7":3,"8":3,"9":3,"10":1},"f":{"0":3},"b":{}}
,"C:\\Development\\sn-client-js\\src\\Repository\\VersionInfoModels.ts": {"path":"C:\\Development\\sn-client-js\\src\\Repository\\VersionInfoModels.ts","statementMap":{"0":{"start":{"line":11,"column":0},"end":{"line":26,"column":1}},"1":{"start":{"line":15,"column":4},"end":{"line":15,"column":8}},"2":{"start":{"line":20,"column":4},"end":{"line":20,"column":9}},"3":{"start":{"line":25,"column":4},"end":{"line":25,"column":11}},"4":{"start":{"line":31,"column":0},"end":{"line":36,"column":1}},"5":{"start":{"line":41,"column":0},"end":{"line":46,"column":1}},"6":{"start":{"line":51,"column":0},"end":{"line":61,"column":1}},"7":{"start":{"line":66,"column":0},"end":{"line":77,"column":1}}},"fnMap":{"0":{"name":"(anonymous_0)","decl":{"start":{"line":11,"column":0},"end":{"line":11,"column":11}},"loc":{"start":{"line":11,"column":23},"end":{"line":26,"column":1}}}},"branchMap":{"0":{"loc":{"start":{"line":11,"column":12},"end":{"line":11,"column":23}},"type":"binary-expr","locations":[{"start":{"line":11,"column":12},"end":{"line":11,"column":23}},{"start":{"line":11,"column":12},"end":{"line":11,"column":23}}]}},"s":{"0":1,"1":1,"2":1,"3":1,"4":1,"5":1,"6":1,"7":1},"f":{"0":1},"b":{"0":[1,1]}}
,"C:\\Development\\sn-client-js\\src\\Repository\\index.ts": {"path":"C:\\Development\\sn-client-js\\src\\Repository\\index.ts","statementMap":{"0":{"start":{"line":8,"column":0},"end":{"line":8,"column":33}},"1":{"start":{"line":9,"column":0},"end":{"line":9,"column":31}},"2":{"start":{"line":10,"column":0},"end":{"line":10,"column":31}},"3":{"start":{"line":11,"column":0},"end":{"line":11,"column":37}},"4":{"start":{"line":12,"column":0},"end":{"line":12,"column":36}},"5":{"start":{"line":13,"column":0},"end":{"line":13,"column":30}}},"fnMap":{},"branchMap":{},"s":{"0":1,"1":1,"2":1,"3":1,"4":1,"5":1},"f":{},"b":{}}
}
