TN:
SF:C:\Development\sn-client-js\src\BinaryField.ts
FN:62,(anonymous_0)
FN:22,(anonymous_1)
FN:26,(anonymous_2)
FN:37,(anonymous_3)
FN:42,(anonymous_4)
FN:52,(anonymous_5)
FNF:6
FNH:6
FNDA:411,(anonymous_0)
FNDA:4,(anonymous_1)
FNDA:1,(anonymous_2)
FNDA:2,(anonymous_3)
FNDA:4,(anonymous_4)
FNDA:3,(anonymous_5)
DA:14,1
DA:21,411
DA:24,4
DA:26,1
DA:37,411
DA:43,4
DA:44,2
DA:46,2
DA:53,3
DA:62,411
DA:63,411
DA:64,411
LF:12
LH:12
BRDA:43,0,0,2
BRDA:43,0,1,2
BRDA:43,1,0,4
BRDA:43,1,1,2
BRF:4
BRH:4
end_of_record
TN:
SF:C:\Development\sn-client-js\src\Collection.ts
FN:29,(anonymous_0)
FN:20,(anonymous_1)
FN:42,(anonymous_2)
FN:54,(anonymous_3)
FN:55,(anonymous_4)
FN:65,(anonymous_5)
FN:86,(anonymous_6)
FN:88,(anonymous_7)
FN:93,(anonymous_8)
FN:140,(anonymous_9)
FN:141,(anonymous_10)
FN:166,(anonymous_11)
FN:172,(anonymous_12)
FN:173,(anonymous_13)
FN:212,(anonymous_14)
FN:220,(anonymous_15)
FN:222,(anonymous_16)
FN:262,(anonymous_17)
FN:267,(anonymous_18)
FN:287,(anonymous_19)
FN:311,(anonymous_20)
FN:313,(anonymous_21)
FNF:22
FNH:21
FNDA:20,(anonymous_0)
FNDA:10,(anonymous_1)
FNDA:3,(anonymous_2)
FNDA:1,(anonymous_3)
FNDA:1,(anonymous_4)
FNDA:1,(anonymous_5)
FNDA:2,(anonymous_6)
FNDA:2,(anonymous_7)
FNDA:1,(anonymous_8)
FNDA:5,(anonymous_9)
FNDA:10,(anonymous_10)
FNDA:2,(anonymous_11)
FNDA:1,(anonymous_12)
FNDA:1,(anonymous_13)
FNDA:2,(anonymous_14)
FNDA:2,(anonymous_15)
FNDA:2,(anonymous_16)
FNDA:2,(anonymous_17)
FNDA:2,(anonymous_18)
FNDA:2,(anonymous_19)
FNDA:1,(anonymous_20)
FNDA:0,(anonymous_21)
DA:12,1
DA:15,1
DA:17,1
DA:18,20
DA:21,10
DA:29,20
DA:30,20
DA:43,3
DA:55,1
DA:66,1
DA:87,2
DA:89,2
DA:91,2
DA:94,1
DA:100,2
DA:141,10
DA:142,5
DA:167,2
DA:168,2
DA:173,1
DA:174,1
DA:176,2
DA:213,2
DA:214,1
DA:217,1
DA:218,1
DA:220,2
DA:221,1
DA:222,2
DA:223,1
DA:224,1
DA:263,2
DA:264,1
DA:265,1
DA:267,2
DA:268,1
DA:269,1
DA:288,2
DA:289,2
DA:290,1
DA:292,2
DA:293,2
DA:294,2
DA:312,1
DA:313,1
DA:314,0
DA:316,1
LF:47
LH:46
BRDA:140,0,0,3
BRDA:141,1,0,10
BRDA:141,1,1,10
BRDA:213,2,0,1
BRDA:213,2,1,1
BRDA:263,3,0,1
BRDA:263,3,1,1
BRDA:289,4,0,1
BRDA:289,4,1,1
BRF:9
BRH:9
end_of_record
TN:
SF:C:\Development\sn-client-js\src\ComplexTypes.ts
FN:36,(anonymous_0)
FNF:1
FNH:1
FNDA:1,(anonymous_0)
DA:30,1
DA:37,1
DA:38,1
DA:39,1
DA:40,1
DA:44,1
DA:48,1
DA:52,1
DA:59,1
LF:9
LH:9
BRF:0
BRH:0
end_of_record
TN:
SF:C:\Development\sn-client-js\src\ContentReferences.ts
FN:15,(anonymous_0)
FN:20,(anonymous_1)
FN:39,(anonymous_2)
FN:40,(anonymous_3)
FN:43,(anonymous_4)
FN:44,(anonymous_5)
FN:55,(anonymous_6)
FN:55,(anonymous_7)
FN:57,(anonymous_8)
FN:58,(anonymous_9)
FN:141,(anonymous_10)
FN:94,(anonymous_11)
FN:104,(anonymous_12)
FN:111,(anonymous_13)
FN:114,(anonymous_14)
FN:124,(anonymous_15)
FN:132,(anonymous_16)
FN:222,(anonymous_17)
FN:170,(anonymous_18)
FN:180,(anonymous_19)
FN:188,(anonymous_20)
FN:189,(anonymous_21)
FN:192,(anonymous_22)
FN:202,(anonymous_23)
FN:204,(anonymous_24)
FN:205,(anonymous_25)
FN:212,(anonymous_26)
FN:216,(anonymous_27)
FNF:28
FNH:28
FNDA:13807,(anonymous_0)
FNDA:2,(anonymous_1)
FNDA:5,(anonymous_2)
FNDA:5,(anonymous_3)
FNDA:1,(anonymous_4)
FNDA:2,(anonymous_5)
FNDA:2,(anonymous_6)
FNDA:2,(anonymous_7)
FNDA:1,(anonymous_8)
FNDA:2,(anonymous_9)
FNDA:8900,(anonymous_10)
FNDA:2,(anonymous_11)
FNDA:14,(anonymous_12)
FNDA:1,(anonymous_13)
FNDA:1,(anonymous_14)
FNDA:327,(anonymous_15)
FNDA:9310,(anonymous_16)
FNDA:4907,(anonymous_17)
FNDA:2,(anonymous_18)
FNDA:9,(anonymous_19)
FNDA:2,(anonymous_20)
FNDA:2,(anonymous_21)
FNDA:2,(anonymous_22)
FNDA:211,(anonymous_23)
FNDA:3,(anonymous_24)
FNDA:3,(anonymous_25)
FNDA:5145,(anonymous_26)
FNDA:7,(anonymous_27)
DA:5,1
DA:7,1
DA:10,1
DA:11,1
DA:13,1
DA:15,1
DA:19,13807
DA:21,2
DA:40,5
DA:41,5
DA:42,5
DA:43,1
DA:44,1
DA:45,2
DA:46,2
DA:47,1
DA:50,1
DA:54,5
DA:55,2
DA:56,1
DA:57,1
DA:58,1
DA:59,2
DA:60,2
DA:61,1
DA:64,1
DA:68,5
DA:86,1
DA:95,2
DA:96,2
DA:105,14
DA:106,3
DA:108,11
DA:112,1
DA:114,11
DA:115,1
DA:118,11
DA:125,327
DA:133,9310
DA:134,12
DA:135,9298
DA:136,14
DA:138,9310
DA:142,8900
DA:143,8900
DA:144,8900
DA:145,8900
DA:146,8900
DA:161,1
DA:171,2
DA:172,2
DA:181,9
DA:182,2
DA:185,7
DA:189,2
DA:192,7
DA:193,2
DA:196,7
DA:203,211
DA:204,3
DA:205,3
DA:213,5145
DA:214,7
DA:215,5138
DA:216,8
DA:219,5145
DA:223,4907
DA:224,4907
DA:226,4907
DA:227,4907
DA:228,4907
LF:71
LH:71
BRDA:39,0,0,5
BRDA:39,1,0,5
BRDA:39,2,0,5
BRDA:42,3,0,1
BRDA:42,3,1,4
BRDA:42,4,0,5
BRDA:42,4,1,1
BRDA:44,5,0,1
BRDA:44,5,1,1
BRDA:46,6,0,1
BRDA:46,6,1,1
BRDA:54,7,0,1
BRDA:54,7,1,4
BRDA:54,8,0,5
BRDA:54,8,1,2
BRDA:56,9,0,1
BRDA:56,9,1,0
BRDA:60,10,0,1
BRDA:60,10,1,1
BRDA:105,11,0,3
BRDA:105,11,1,11
BRDA:105,12,0,14
BRDA:105,12,1,14
BRDA:109,13,0,11
BRDA:109,13,1,10
BRDA:112,14,0,1
BRDA:112,14,1,1
BRDA:112,14,2,1
BRDA:125,15,0,327
BRDA:125,15,1,3
BRDA:133,16,0,12
BRDA:133,16,1,9298
BRDA:135,17,0,14
BRDA:135,17,1,9284
BRDA:181,18,0,2
BRDA:181,18,1,7
BRDA:181,19,0,9
BRDA:181,19,1,9
BRDA:186,20,0,7
BRDA:186,20,1,6
BRDA:189,21,0,2
BRDA:189,21,1,2
BRDA:189,21,2,2
BRDA:189,21,3,0
BRDA:203,22,0,211
BRDA:203,22,1,3
BRDA:204,23,0,3
BRDA:204,23,1,3
BRDA:213,24,0,7
BRDA:213,24,1,5138
BRDA:215,25,0,8
BRDA:215,25,1,5130
BRF:52
BRH:50
end_of_record
TN:
SF:C:\Development\sn-client-js\src\ContentSerializer.ts
FN:32,(anonymous_0)
FN:45,(anonymous_1)
FN:52,(anonymous_2)
FNF:3
FNH:3
FNDA:1,(anonymous_0)
FNDA:1,(anonymous_1)
FNDA:2,(anonymous_2)
DA:9,1
DA:14,1
DA:25,1
DA:33,1
DA:34,1
DA:46,1
DA:53,2
LF:7
LH:7
BRF:0
BRH:0
end_of_record
TN:
SF:C:\Development\sn-client-js\src\ContentTypes.ts
FNF:0
FNH:0
DA:28,1
DA:57,1
DA:118,1
DA:128,1
DA:145,1
DA:154,1
DA:163,1
DA:173,1
DA:186,1
DA:195,1
DA:205,1
DA:215,1
DA:224,1
DA:233,1
DA:242,1
DA:252,1
DA:261,1
DA:284,1
DA:294,1
DA:303,1
DA:312,1
DA:321,1
DA:330,1
DA:339,1
DA:348,1
DA:358,1
DA:368,1
DA:379,1
DA:388,1
DA:400,1
DA:411,1
DA:420,1
DA:429,1
DA:438,1
DA:447,1
DA:456,1
DA:468,1
DA:477,1
DA:486,1
DA:500,1
DA:516,1
DA:533,1
DA:545,1
DA:555,1
DA:567,1
DA:576,1
DA:586,1
DA:598,1
DA:616,1
DA:627,1
LF:50
LH:50
BRF:0
BRH:0
end_of_record
TN:
SF:C:\Development\sn-client-js\src\ControlMapper.ts
FN:41,(anonymous_0)
FN:55,(anonymous_1)
FN:59,(anonymous_2)
FN:81,(anonymous_3)
FN:91,(anonymous_4)
FN:107,(anonymous_5)
FN:119,(anonymous_6)
FN:134,(anonymous_7)
FN:152,(anonymous_8)
FN:158,(anonymous_9)
FN:174,(anonymous_10)
FN:184,(anonymous_11)
FN:195,(anonymous_12)
FN:200,(anonymous_13)
FN:222,(anonymous_14)
FNF:15
FNH:15
FNDA:19,(anonymous_0)
FNDA:327,(anonymous_1)
FNDA:5386,(anonymous_2)
FNDA:1,(anonymous_3)
FNDA:56,(anonymous_4)
FNDA:2,(anonymous_5)
FNDA:275,(anonymous_6)
FNDA:1,(anonymous_7)
FNDA:273,(anonymous_8)
FNDA:1903,(anonymous_9)
FNDA:1,(anonymous_10)
FNDA:269,(anonymous_11)
FNDA:54,(anonymous_12)
FNDA:267,(anonymous_13)
FNDA:1,(anonymous_14)
DA:27,1
DA:33,1
DA:39,1
DA:42,19
DA:43,19
DA:44,19
DA:45,19
DA:46,19
DA:56,327
DA:58,327
DA:59,327
DA:60,5386
DA:62,5104
DA:64,141
DA:66,141
DA:70,327
DA:73,19
DA:82,1
DA:83,1
DA:92,56
DA:93,56
DA:94,0
DA:96,56
DA:99,19
DA:111,2
DA:112,2
DA:120,275
DA:121,275
DA:124,19
DA:141,1
DA:142,1
DA:158,1903
DA:160,273
DA:161,1
DA:163,272
DA:167,19
DA:175,1
DA:176,1
DA:185,269
DA:186,269
DA:199,54
DA:200,54
DA:201,267
DA:202,267
DA:203,267
DA:209,54
DA:223,1
LF:47
LH:46
BRDA:58,0,0,327
BRDA:58,0,1,0
BRDA:61,1,0,5104
BRDA:61,1,1,141
BRDA:61,1,2,141
BRDA:92,2,0,56
BRDA:92,2,1,55
BRDA:93,3,0,0
BRDA:93,3,1,56
BRDA:121,4,0,275
BRDA:121,4,1,4
BRDA:121,4,2,271
BRDA:160,5,0,1
BRDA:160,5,1,272
BRDA:185,6,0,269
BRDA:185,6,1,268
BRF:16
BRH:14
end_of_record
TN:
SF:C:\Development\sn-client-js\src\Enums.ts
FN:23,(anonymous_0)
FN:29,(anonymous_1)
FN:35,(anonymous_2)
FN:40,(anonymous_3)
FN:45,(anonymous_4)
FN:51,(anonymous_5)
FN:57,(anonymous_6)
FN:62,(anonymous_7)
FN:67,(anonymous_8)
FN:71,(anonymous_9)
FN:76,(anonymous_10)
FN:81,(anonymous_11)
FN:88,(anonymous_12)
FN:92,(anonymous_13)
FN:97,(anonymous_14)
FNF:15
FNH:15
FNDA:1,(anonymous_0)
FNDA:1,(anonymous_1)
FNDA:1,(anonymous_2)
FNDA:1,(anonymous_3)
FNDA:1,(anonymous_4)
FNDA:1,(anonymous_5)
FNDA:1,(anonymous_6)
FNDA:1,(anonymous_7)
FNDA:1,(anonymous_8)
FNDA:1,(anonymous_9)
FNDA:1,(anonymous_10)
FNDA:1,(anonymous_11)
FNDA:1,(anonymous_12)
FNDA:1,(anonymous_13)
FNDA:1,(anonymous_14)
DA:23,1
DA:24,1
DA:25,1
DA:26,1
DA:27,1
DA:29,1
DA:30,1
DA:31,1
DA:32,1
DA:33,1
DA:35,1
DA:36,1
DA:37,1
DA:38,1
DA:40,1
DA:41,1
DA:42,1
DA:43,1
DA:45,1
DA:46,1
DA:47,1
DA:48,1
DA:49,1
DA:51,1
DA:52,1
DA:53,1
DA:54,1
DA:55,1
DA:57,1
DA:58,1
DA:59,1
DA:60,1
DA:62,1
DA:63,1
DA:64,1
DA:65,1
DA:67,1
DA:68,1
DA:69,1
DA:71,1
DA:72,1
DA:73,1
DA:74,1
DA:76,1
DA:77,1
DA:78,1
DA:79,1
DA:81,1
DA:82,1
DA:83,1
DA:84,1
DA:85,1
DA:86,1
DA:88,1
DA:89,1
DA:90,1
DA:92,1
DA:93,1
DA:94,1
DA:95,1
DA:97,1
DA:98,1
DA:99,1
DA:100,1
LF:64
LH:64
BRDA:23,0,0,1
BRDA:23,0,1,1
BRDA:29,1,0,1
BRDA:29,1,1,1
BRDA:35,2,0,1
BRDA:35,2,1,1
BRDA:40,3,0,1
BRDA:40,3,1,1
BRDA:45,4,0,1
BRDA:45,4,1,1
BRDA:51,5,0,1
BRDA:51,5,1,1
BRDA:57,6,0,1
BRDA:57,6,1,1
BRDA:62,7,0,1
BRDA:62,7,1,1
BRDA:67,8,0,1
BRDA:67,8,1,1
BRDA:71,9,0,1
BRDA:71,9,1,1
BRDA:76,10,0,1
BRDA:76,10,1,1
BRDA:81,11,0,1
BRDA:81,11,1,1
BRDA:88,12,0,1
BRDA:88,12,1,1
BRDA:92,13,0,1
BRDA:92,13,1,1
BRDA:97,14,0,1
BRDA:97,14,1,1
BRF:30
BRH:30
end_of_record
TN:
SF:C:\Development\sn-client-js\src\FieldSettings.ts
FN:20,(anonymous_0)
FN:24,(anonymous_1)
FN:28,(anonymous_2)
FN:32,(anonymous_3)
FN:36,(anonymous_4)
FN:40,(anonymous_5)
FN:44,(anonymous_6)
FN:47,isFieldSettingOfType
FNF:8
FNH:8
FNDA:1,(anonymous_0)
FNDA:1,(anonymous_1)
FNDA:1,(anonymous_2)
FNDA:1,(anonymous_3)
FNDA:1,(anonymous_4)
FNDA:1,(anonymous_5)
FNDA:1,(anonymous_6)
FNDA:174888,isFieldSettingOfType
DA:20,1
DA:24,1
DA:28,1
DA:32,1
DA:36,1
DA:40,1
DA:44,1
DA:47,1
DA:48,174888
DA:51,1
DA:71,1
DA:79,1
DA:85,1
DA:90,1
DA:94,1
DA:101,1
DA:106,1
DA:116,1
DA:122,1
DA:132,1
DA:142,1
DA:149,1
DA:157,1
LF:23
LH:23
BRDA:20,0,0,1
BRDA:20,0,1,1
BRDA:24,1,0,1
BRDA:24,1,1,1
BRDA:28,2,0,1
BRDA:28,2,1,1
BRDA:32,3,0,1
BRDA:32,3,1,1
BRDA:36,4,0,1
BRDA:36,4,1,1
BRDA:40,5,0,1
BRDA:40,5,1,1
BRDA:44,6,0,1
BRDA:44,6,1,1
BRF:14
BRH:14
end_of_record
TN:
SF:C:\Development\sn-client-js\src\ODataHelper.ts
FN:18,(anonymous_0)
FN:19,(anonymous_1)
FN:24,(anonymous_2)
FN:38,(anonymous_3)
FN:60,(anonymous_4)
FN:67,(anonymous_5)
FN:75,(anonymous_6)
FN:100,(anonymous_7)
FN:108,(anonymous_8)
FN:116,(anonymous_9)
FN:117,(anonymous_10)
FNF:11
FNH:11
FNDA:34,(anonymous_0)
FNDA:68,(anonymous_1)
FNDA:68,(anonymous_2)
FNDA:63,(anonymous_3)
FNDA:200,(anonymous_4)
FNDA:107,(anonymous_5)
FNDA:44,(anonymous_6)
FNDA:106,(anonymous_7)
FNDA:45,(anonymous_8)
FNDA:407,(anonymous_9)
FNDA:823,(anonymous_10)
DA:14,1
DA:15,1
DA:17,1
DA:19,34
DA:20,68
DA:21,3
DA:24,68
DA:25,34
DA:37,1
DA:39,63
DA:40,27
DA:43,36
DA:44,2
DA:46,34
DA:48,36
DA:49,36
DA:50,36
DA:51,36
DA:53,36
DA:55,36
DA:56,198
DA:57,198
DA:58,198
DA:59,198
DA:60,200
DA:62,198
DA:63,107
DA:67,107
DA:75,1
DA:76,44
DA:77,1
DA:79,43
DA:80,2
DA:83,41
DA:84,41
DA:85,41
DA:88,41
DA:89,16
DA:91,25
DA:93,41
DA:100,1
DA:101,106
DA:108,1
DA:109,45
DA:116,1
DA:117,407
DA:118,823
DA:119,3
DA:121,823
DA:122,245
DA:124,823
DA:127,407
LF:52
LH:52
BRDA:20,0,0,3
BRDA:20,0,1,65
BRDA:24,1,0,68
BRDA:24,1,1,55
BRDA:39,2,0,27
BRDA:39,2,1,36
BRDA:43,3,0,2
BRDA:43,3,1,34
BRDA:43,4,0,36
BRDA:43,4,1,36
BRDA:43,4,2,36
BRDA:46,5,0,34
BRDA:46,5,1,14
BRDA:48,6,0,36
BRDA:48,6,1,35
BRDA:49,7,0,36
BRDA:49,7,1,36
BRDA:50,8,0,36
BRDA:50,8,1,31
BRDA:51,9,0,36
BRDA:51,9,1,36
BRDA:56,10,0,152
BRDA:56,10,1,46
BRDA:59,11,0,36
BRDA:59,11,1,162
BRDA:59,12,0,198
BRDA:59,12,1,43
BRDA:59,12,2,36
BRDA:60,13,0,200
BRDA:60,13,1,4
BRDA:60,13,2,196
BRDA:62,14,0,107
BRDA:62,14,1,91
BRDA:62,15,0,198
BRDA:62,15,1,198
BRDA:62,15,2,139
BRDA:76,16,0,1
BRDA:76,16,1,43
BRDA:76,17,0,44
BRDA:76,17,1,44
BRDA:76,17,2,43
BRDA:79,18,0,2
BRDA:79,18,1,41
BRDA:88,19,0,16
BRDA:88,19,1,25
BRDA:109,20,0,45
BRDA:109,20,1,3
BRDA:118,21,0,3
BRDA:118,21,1,820
BRDA:121,22,0,245
BRDA:121,22,1,578
BRF:51
BRH:51
end_of_record
TN:
SF:C:\Development\sn-client-js\src\Resources.ts
FNF:0
FNH:0
DA:17,1
DA:18,1
DA:19,1
DA:20,1
DA:21,1
DA:22,1
DA:23,1
DA:24,1
DA:25,1
DA:26,1
DA:27,1
DA:28,1
DA:29,1
DA:30,1
DA:31,1
DA:32,1
DA:33,1
DA:34,1
DA:35,1
DA:36,1
DA:37,1
DA:38,1
DA:39,1
DA:40,1
DA:41,1
DA:42,1
DA:43,1
DA:44,1
DA:45,1
DA:46,1
DA:47,1
DA:48,1
DA:49,1
DA:50,1
DA:51,1
DA:52,1
DA:53,1
DA:54,1
DA:55,1
DA:56,1
DA:57,1
DA:58,1
DA:59,1
DA:60,1
DA:61,1
DA:62,1
DA:63,1
DA:64,1
DA:65,1
DA:66,1
DA:67,1
DA:68,1
DA:69,1
DA:70,1
DA:71,1
DA:72,1
DA:73,1
DA:74,1
DA:75,1
DA:76,1
DA:77,1
DA:78,1
DA:79,1
LF:63
LH:63
BRF:0
BRH:0
end_of_record
TN:
SF:C:\Development\sn-client-js\src\Retrier.ts
FN:12,(anonymous_6)
FN:19,(anonymous_7)
FN:22,(anonymous_8)
FN:31,(anonymous_9)
FN:34,(anonymous_10)
FN:43,(anonymous_11)
FN:46,(anonymous_12)
FN:96,(anonymous_13)
FN:92,(anonymous_14)
FN:101,(anonymous_15)
FN:102,(anonymous_17)
FN:113,(anonymous_18)
FN:126,(anonymous_19)
FN:138,(anonymous_21)
FNF:14
FNH:14
FNDA:7,(anonymous_6)
FNDA:32,(anonymous_7)
FNDA:1,(anonymous_8)
FNDA:26,(anonymous_9)
FNDA:1,(anonymous_10)
FNDA:7,(anonymous_11)
FNDA:2,(anonymous_12)
FNDA:7,(anonymous_13)
FNDA:7,(anonymous_14)
FNDA:26,(anonymous_15)
FNDA:26,(anonymous_17)
FNDA:5,(anonymous_18)
FNDA:8,(anonymous_19)
FNDA:7,(anonymous_21)
DA:12,1
DA:14,1
DA:15,7
DA:20,32
DA:23,1
DA:26,1
DA:32,26
DA:35,1
DA:38,1
DA:44,7
DA:47,2
DA:84,1
DA:86,7
DA:93,7
DA:97,7
DA:98,7
DA:102,26
DA:103,26
DA:114,5
DA:115,1
DA:117,4
DA:118,4
DA:128,8
DA:129,1
DA:132,7
DA:133,7
DA:134,7
DA:136,7
DA:138,7
DA:139,7
DA:140,4
DA:144,7
DA:145,29
DA:146,29
DA:147,1
DA:149,29
DA:150,29
DA:151,26
DA:155,7
DA:156,3
DA:157,1
DA:160,4
DA:161,1
DA:164,7
LF:44
LH:44
BRDA:20,0,0,32
BRDA:20,0,1,0
BRDA:32,1,0,3
BRDA:32,1,1,23
BRDA:44,2,0,2
BRDA:44,2,1,5
BRDA:114,3,0,1
BRDA:114,3,1,4
BRDA:128,4,0,1
BRDA:128,4,1,7
BRDA:139,5,0,4
BRDA:139,5,1,3
BRDA:144,6,0,36
BRDA:144,6,1,33
BRDA:144,6,2,32
BRDA:146,7,0,1
BRDA:146,7,1,28
BRDA:150,8,0,26
BRDA:150,8,1,3
BRDA:155,9,0,3
BRDA:155,9,1,4
BRDA:156,10,0,1
BRDA:156,10,1,2
BRDA:156,11,0,3
BRDA:156,11,1,3
BRDA:160,12,0,1
BRDA:160,12,1,3
BRF:27
BRH:26
end_of_record
TN:
SF:C:\Development\sn-client-js\src\SN.ts
FNF:0
FNH:0
DA:8,1
DA:9,1
DA:10,1
DA:12,1
DA:13,1
DA:14,1
DA:15,1
DA:16,1
DA:17,1
DA:18,1
DA:19,1
DA:21,1
DA:22,1
DA:23,1
DA:24,1
DA:25,1
DA:26,1
DA:27,1
DA:28,1
DA:29,1
DA:30,1
DA:31,1
DA:32,1
DA:33,1
DA:34,1
DA:35,1
DA:36,1
DA:37,1
DA:38,1
DA:39,1
DA:40,1
DA:41,1
DA:44,1
DA:45,1
DA:46,1
LF:35
LH:35
BRF:0
BRH:0
end_of_record
TN:
SF:C:\Development\sn-client-js\src\Schemas.ts
FN:17,(anonymous_0)
FNF:1
FNH:1
FNDA:7,(anonymous_0)
DA:15,1
DA:17,1
DA:18,7
DA:26,1
DA:39,1
LF:5
LH:5
BRDA:18,0,0,7
BRDA:18,0,1,6
BRDA:18,0,2,4
BRDA:18,0,3,3
BRDA:18,0,4,5
BRF:5
BRH:5
end_of_record
TN:
SF:C:\Development\sn-client-js\src\Security.ts
FN:12,(anonymous_0)
FN:16,(anonymous_1)
FN:59,(anonymous_2)
FN:64,(anonymous_3)
FNF:4
FNH:4
FNDA:1,(anonymous_0)
FNDA:1,(anonymous_1)
FNDA:1,(anonymous_2)
FNDA:1,(anonymous_3)
DA:12,1
DA:16,1
DA:20,1
DA:59,1
DA:64,1
LF:5
LH:5
BRDA:12,0,0,1
BRDA:12,0,1,1
BRDA:16,1,0,1
BRDA:16,1,1,1
BRDA:59,2,0,1
BRDA:59,2,1,1
BRDA:64,3,0,1
BRDA:64,3,1,1
BRF:8
BRH:8
end_of_record
TN:
SF:C:\Development\sn-client-js\src\Authentication\JwtService.ts
FN:128,(anonymous_0)
FN:132,(anonymous_1)
FN:27,(anonymous_2)
FN:40,(anonymous_3)
FN:50,(anonymous_4)
FN:60,(anonymous_5)
FN:68,(anonymous_6)
FN:87,(anonymous_7)
FN:104,(anonymous_8)
FN:114,(anonymous_9)
FN:117,(anonymous_10)
FN:121,(anonymous_11)
FN:142,(anonymous_12)
FN:173,(anonymous_13)
FN:187,(anonymous_14)
FN:190,(anonymous_15)
FN:202,(anonymous_16)
FN:210,(anonymous_17)
FNF:18
FNH:18
FNDA:38,(anonymous_0)
FNDA:92,(anonymous_1)
FNDA:3,(anonymous_2)
FNDA:2,(anonymous_3)
FNDA:3,(anonymous_4)
FNDA:43,(anonymous_5)
FNDA:10,(anonymous_6)
FNDA:44,(anonymous_7)
FNDA:2,(anonymous_8)
FNDA:1,(anonymous_9)
FNDA:1,(anonymous_10)
FNDA:1,(anonymous_11)
FNDA:2,(anonymous_12)
FNDA:4,(anonymous_13)
FNDA:2,(anonymous_14)
FNDA:2,(anonymous_15)
FNDA:1,(anonymous_16)
FNDA:1,(anonymous_17)
DA:5,1
DA:6,1
DA:7,1
DA:9,1
DA:10,1
DA:16,1
DA:18,38
DA:20,38
DA:28,3
DA:29,3
DA:30,1
DA:32,2
DA:41,2
DA:42,1
DA:44,1
DA:51,3
DA:52,2
DA:54,1
DA:61,43
DA:69,10
DA:75,38
DA:80,38
DA:88,44
DA:89,2
DA:90,2
DA:92,42
DA:93,40
DA:94,40
DA:96,2
DA:97,2
DA:105,2
DA:114,2
DA:115,1
DA:116,1
DA:118,1
DA:121,2
DA:128,38
DA:130,38
DA:132,38
DA:133,92
DA:134,5
DA:136,87
DA:139,38
DA:143,2
DA:144,2
DA:145,2
DA:146,1
DA:147,1
DA:149,1
DA:150,1
DA:174,4
DA:176,4
DA:177,4
DA:179,4
DA:188,2
DA:189,2
DA:191,2
DA:192,2
DA:195,4
DA:203,1
DA:204,1
DA:205,1
DA:207,1
DA:210,1
LF:64
LH:64
BRDA:81,0,0,28
BRDA:81,0,1,10
BRDA:133,1,0,5
BRDA:133,1,1,87
BRDA:29,2,0,1
BRDA:29,2,1,2
BRDA:41,3,0,1
BRDA:41,3,1,1
BRDA:51,4,0,2
BRDA:51,4,1,1
BRDA:51,5,0,3
BRDA:51,5,1,2
BRDA:52,6,0,2
BRDA:52,6,1,1
BRDA:88,7,0,2
BRDA:88,7,1,42
BRDA:92,8,0,40
BRDA:92,8,1,2
BRDA:145,9,0,1
BRDA:145,9,1,1
BRF:20
BRH:20
end_of_record
TN:
SF:C:\Development\sn-client-js\src\Authentication\LoginResponse.ts
FNF:0
FNH:0
DA:10,1
LF:1
LH:1
BRF:0
BRH:0
end_of_record
TN:
SF:C:\Development\sn-client-js\src\Authentication\LoginState.ts
FN:8,(anonymous_0)
FNF:1
FNH:1
FNDA:1,(anonymous_0)
DA:8,1
DA:12,1
DA:16,1
DA:20,1
LF:4
LH:4
BRDA:8,0,0,1
BRDA:8,0,1,1
BRF:2
BRH:2
end_of_record
TN:
SF:C:\Development\sn-client-js\src\Authentication\RefreshResponse.ts
FNF:0
FNH:0
DA:10,1
LF:1
LH:1
BRF:0
BRH:0
end_of_record
TN:
SF:C:\Development\sn-client-js\src\Authentication\Token.ts
FN:107,(anonymous_0)
FN:11,(anonymous_1)
FN:27,(anonymous_2)
FN:36,(anonymous_3)
FN:43,(anonymous_4)
FN:50,(anonymous_5)
FN:57,(anonymous_6)
FN:64,(anonymous_7)
FN:72,(anonymous_8)
FN:80,(anonymous_9)
FN:91,(anonymous_10)
FN:103,(anonymous_11)
FNF:12
FNH:12
FNDA:250,(anonymous_0)
FNDA:418,(anonymous_1)
FNDA:214,(anonymous_2)
FNDA:5,(anonymous_3)
FNDA:1,(anonymous_4)
FNDA:200,(anonymous_5)
FNDA:13,(anonymous_6)
FNDA:198,(anonymous_7)
FNDA:1,(anonymous_8)
FNDA:72,(anonymous_9)
FNDA:75,(anonymous_10)
FNDA:179,(anonymous_11)
DA:9,1
DA:12,418
DA:13,418
DA:15,360
DA:28,214
DA:29,214
DA:30,214
DA:37,5
DA:44,1
DA:51,200
DA:58,13
DA:65,198
DA:66,198
DA:73,1
DA:81,72
DA:92,75
DA:93,71
DA:104,179
DA:107,250
LF:19
LH:19
BRDA:66,0,0,198
BRDA:66,0,1,198
BRDA:66,0,2,12
BRF:3
BRH:3
end_of_record
TN:
SF:C:\Development\sn-client-js\src\Authentication\TokenPersist.ts
FN:8,(anonymous_0)
FNF:1
FNH:1
FNDA:1,(anonymous_0)
DA:8,1
DA:12,1
DA:16,1
LF:3
LH:3
BRDA:8,0,0,1
BRDA:8,0,1,1
BRF:2
BRH:2
end_of_record
TN:
SF:C:\Development\sn-client-js\src\Authentication\TokenStore.ts
FN:24,(anonymous_0)
FN:52,(anonymous_1)
FN:56,(anonymous_2)
FN:60,(anonymous_3)
FN:61,(anonymous_4)
FN:69,(anonymous_5)
FN:82,(anonymous_6)
FN:107,(anonymous_7)
FN:132,(anonymous_8)
FN:135,(anonymous_9)
FN:142,(anonymous_10)
FN:145,(anonymous_11)
FNF:12
FNH:12
FNDA:44,(anonymous_0)
FNDA:250,(anonymous_1)
FNDA:8,(anonymous_2)
FNDA:8,(anonymous_3)
FNDA:4,(anonymous_4)
FNDA:4,(anonymous_5)
FNDA:219,(anonymous_6)
FNDA:31,(anonymous_7)
FNDA:160,(anonymous_8)
FNDA:11,(anonymous_9)
FNDA:59,(anonymous_10)
FNDA:9,(anonymous_11)
DA:4,1
DA:14,1
DA:24,44
DA:25,44
DA:26,44
DA:27,44
DA:28,44
DA:29,44
DA:30,44
DA:31,44
DA:33,44
DA:34,40
DA:35,4
DA:36,2
DA:38,2
DA:45,44
DA:53,250
DA:57,8
DA:58,8
DA:59,4
DA:60,8
DA:61,4
DA:62,4
DA:63,4
DA:66,4
DA:70,4
DA:71,4
DA:72,2
DA:74,4
DA:83,219
DA:84,219
DA:85,219
DA:87,203
DA:89,4
DA:91,4
DA:94,8
DA:99,4
DA:108,31
DA:109,31
DA:110,31
DA:112,23
DA:113,23
DA:115,2
DA:116,2
DA:118,2
DA:119,2
DA:121,2
DA:122,2
DA:124,2
DA:125,2
DA:133,160
DA:136,11
DA:143,59
DA:146,9
LF:54
LH:54
BRDA:27,0,0,42
BRDA:27,1,0,0
BRDA:27,1,1,42
BRDA:28,2,0,42
BRDA:28,3,0,0
BRDA:28,3,1,42
BRDA:29,4,0,42
BRDA:29,5,0,0
BRDA:29,5,1,42
BRDA:30,6,0,44
BRDA:30,6,1,2
BRDA:31,7,0,44
BRDA:31,7,1,2
BRDA:33,8,0,40
BRDA:33,8,1,4
BRDA:33,9,0,44
BRDA:33,9,1,42
BRDA:35,10,0,2
BRDA:35,10,1,2
BRDA:36,11,0,1
BRDA:36,11,1,1
BRDA:38,12,0,1
BRDA:38,12,1,1
BRDA:58,13,0,4
BRDA:58,13,1,4
BRDA:58,14,0,8
BRDA:58,14,1,8
BRDA:62,15,0,4
BRDA:62,15,1,0
BRDA:71,16,0,2
BRDA:71,16,1,2
BRDA:86,17,0,203
BRDA:86,17,1,4
BRDA:86,17,2,4
BRDA:86,17,3,4
BRDA:86,17,4,8
BRDA:87,18,0,35
BRDA:87,18,1,168
BRDA:111,19,0,23
BRDA:111,19,1,2
BRDA:111,19,2,2
BRDA:111,19,3,2
BRDA:111,19,4,2
BRF:43
BRH:39
end_of_record
TN:
SF:C:\Development\sn-client-js\src\Authentication\TokenStoreType.ts
FN:8,(anonymous_0)
FNF:1
FNH:1
FNDA:1,(anonymous_0)
DA:8,1
DA:13,1
DA:18,1
DA:23,1
DA:28,1
DA:32,1
LF:6
LH:6
BRDA:8,0,0,1
BRDA:8,0,1,1
BRF:2
BRH:2
end_of_record
TN:
SF:C:\Development\sn-client-js\src\Authentication\index.ts
FNF:0
FNH:0
DA:12,1
DA:13,1
DA:14,1
DA:15,1
DA:16,1
DA:17,1
DA:18,1
DA:19,1
LF:8
LH:8
BRF:0
BRH:0
end_of_record
TN:
SF:C:\Development\sn-client-js\src\Config\index.ts
FNF:0
FNH:0
DA:6,1
DA:7,1
DA:8,1
DA:9,1
DA:10,1
LF:5
LH:5
BRF:0
BRH:0
end_of_record
TN:
SF:C:\Development\sn-client-js\src\Config\snconfigbehavior.ts
FN:8,(anonymous_0)
FNF:1
FNH:1
FNDA:1,(anonymous_0)
DA:8,1
DA:13,1
DA:18,1
DA:23,1
DA:29,1
LF:5
LH:5
BRDA:8,0,0,1
BRDA:8,0,1,1
BRF:2
BRH:2
end_of_record
TN:
SF:C:\Development\sn-client-js\src\Config\snconfigfielddecorator.ts
FN:14,(anonymous_0)
FN:15,(anonymous_1)
FNF:2
FNH:2
FNDA:11,(anonymous_0)
FNDA:11,(anonymous_1)
DA:6,1
DA:14,1
DA:15,11
DA:16,11
DA:17,11
DA:18,11
LF:6
LH:6
BRF:0
BRH:0
end_of_record
TN:
SF:C:\Development\sn-client-js\src\Config\snconfigfieldmodel.ts
FN:10,(anonymous_0)
FNF:1
FNH:1
FNDA:1,(anonymous_0)
DA:5,1
DA:10,1
DA:35,1
LF:3
LH:3
BRF:0
BRH:0
end_of_record
TN:
SF:C:\Development\sn-client-js\src\Config\snconfigfieldmodelstore.ts
FN:23,(anonymous_0)
FN:38,(anonymous_1)
FN:50,(anonymous_2)
FN:58,(anonymous_3)
FNF:4
FNH:4
FNDA:15,(anonymous_0)
FNDA:2,(anonymous_1)
FNDA:14,(anonymous_2)
FNDA:1,(anonymous_3)
DA:5,1
DA:11,1
DA:16,1
DA:24,15
DA:25,1
DA:27,14
DA:28,1
DA:30,13
DA:39,2
DA:40,2
DA:41,1
DA:43,1
DA:51,14
DA:59,1
DA:60,1
DA:61,0
DA:62,0
DA:63,0
DA:66,1
LF:19
LH:16
BRDA:24,0,0,1
BRDA:24,0,1,14
BRDA:27,1,0,1
BRDA:27,1,1,13
BRDA:40,2,0,1
BRDA:40,2,1,1
BRDA:62,3,0,0
BRDA:62,3,1,0
BRDA:62,4,0,0
BRDA:62,4,1,0
BRDA:62,4,2,0
BRF:11
BRH:6
end_of_record
TN:
SF:C:\Development\sn-client-js\src\Config\snconfigmodel.ts
FN:146,(anonymous_2)
FN:18,(anonymous_3)
FNF:2
FNH:2
FNDA:727,(anonymous_2)
FNDA:734,(anonymous_3)
DA:7,1
DA:8,1
DA:13,1
DA:19,734
DA:20,36
DA:22,698
DA:28,1
DA:38,727
DA:49,727
DA:59,727
DA:69,727
DA:79,727
DA:89,727
DA:99,727
DA:109,727
DA:119,727
DA:129,727
DA:139,727
DA:147,727
LF:19
LH:19
BRDA:147,0,0,727
BRDA:147,0,1,392
BRDA:19,1,0,36
BRDA:19,1,1,698
BRDA:20,2,0,36
BRDA:20,2,1,36
BRDA:20,2,2,11
BRDA:20,2,3,25
BRF:8
BRH:8
end_of_record
TN:
SF:C:\Development\sn-client-js\src\Content\ContentInternal.ts
FN:204,(anonymous_0)
FN:1686,(anonymous_1)
FN:1703,(anonymous_2)
FN:26,(anonymous_3)
FN:34,(anonymous_4)
FN:37,(anonymous_5)
FN:59,(anonymous_6)
FN:66,(anonymous_7)
FN:71,(anonymous_8)
FN:81,(anonymous_9)
FN:88,(anonymous_10)
FN:117,(anonymous_11)
FN:119,(anonymous_12)
FN:140,(anonymous_13)
FN:149,(anonymous_14)
FN:156,(anonymous_15)
FN:159,(anonymous_16)
FN:167,(anonymous_17)
FN:168,(anonymous_18)
FN:170,(anonymous_19)
FN:181,(anonymous_20)
FN:183,(anonymous_21)
FN:192,(anonymous_22)
FN:222,(anonymous_23)
FN:227,(anonymous_24)
FN:233,(anonymous_25)
FN:257,(anonymous_26)
FN:273,(anonymous_27)
FN:298,(anonymous_28)
FN:307,(anonymous_29)
FN:307,(anonymous_30)
FN:313,(anonymous_31)
FN:319,(anonymous_32)
FN:319,(anonymous_33)
FN:336,(anonymous_34)
FN:347,(anonymous_35)
FN:349,(anonymous_36)
FN:366,(anonymous_37)
FN:370,(anonymous_38)
FN:372,(anonymous_39)
FN:403,(anonymous_40)
FN:407,(anonymous_41)
FN:410,(anonymous_42)
FN:422,(anonymous_43)
FN:433,(anonymous_44)
FN:437,(anonymous_45)
FN:438,(anonymous_46)
FN:439,(anonymous_47)
FN:454,(anonymous_48)
FN:463,(anonymous_49)
FN:464,(anonymous_50)
FN:483,(anonymous_51)
FN:489,(anonymous_52)
FN:496,(anonymous_53)
FN:513,(anonymous_54)
FN:529,(anonymous_55)
FN:545,(anonymous_56)
FN:562,(anonymous_57)
FN:578,(anonymous_58)
FN:594,(anonymous_59)
FN:616,(anonymous_60)
FN:624,(anonymous_61)
FN:625,(anonymous_62)
FN:647,(anonymous_63)
FN:669,(anonymous_64)
FN:686,(anonymous_65)
FN:704,(anonymous_66)
FN:725,(anonymous_67)
FN:742,(anonymous_68)
FN:760,(anonymous_69)
FN:779,(anonymous_70)
FN:798,(anonymous_71)
FN:817,(anonymous_72)
FN:836,(anonymous_73)
FN:860,(anonymous_74)
FN:884,(anonymous_75)
FN:892,(anonymous_76)
FN:917,(anonymous_77)
FN:936,(anonymous_78)
FN:954,(anonymous_79)
FN:966,(anonymous_80)
FN:980,(anonymous_81)
FN:1024,(anonymous_82)
FN:1050,(anonymous_83)
FN:1072,(anonymous_84)
FN:1104,(anonymous_85)
FN:1130,(anonymous_86)
FN:1151,(anonymous_87)
FN:1169,(anonymous_88)
FN:1188,(anonymous_89)
FN:1208,(anonymous_90)
FN:1225,(anonymous_91)
FN:1242,(anonymous_92)
FN:1260,(anonymous_93)
FN:1279,(anonymous_94)
FN:1296,(anonymous_95)
FN:1316,(anonymous_96)
FN:1335,(anonymous_97)
FN:1353,(anonymous_98)
FN:1371,(anonymous_99)
FN:1390,(anonymous_100)
FN:1413,(anonymous_101)
FN:1436,(anonymous_102)
FN:1459,(anonymous_103)
FN:1482,(anonymous_104)
FN:1503,(anonymous_105)
FN:1523,(anonymous_106)
FN:1542,(anonymous_107)
FN:1561,(anonymous_108)
FN:1570,(anonymous_109)
FN:1581,(anonymous_110)
FN:1593,(anonymous_111)
FN:1606,(anonymous_112)
FN:1623,(anonymous_113)
FN:1630,(anonymous_114)
FN:1639,(anonymous_115)
FN:1648,(anonymous_116)
FN:1658,(anonymous_117)
FN:1669,(anonymous_118)
FNF:119
FNH:117
FNDA:1351,(anonymous_0)
FNDA:2,(anonymous_1)
FNDA:2,(anonymous_2)
FNDA:82,(anonymous_3)
FNDA:67,(anonymous_4)
FNDA:2588,(anonymous_5)
FNDA:124,(anonymous_6)
FNDA:20,(anonymous_7)
FNDA:65,(anonymous_8)
FNDA:5,(anonymous_9)
FNDA:15,(anonymous_10)
FNDA:54,(anonymous_11)
FNDA:3184,(anonymous_12)
FNDA:8,(anonymous_13)
FNDA:2,(anonymous_14)
FNDA:2,(anonymous_15)
FNDA:120,(anonymous_16)
FNDA:1416,(anonymous_17)
FNDA:87416,(anonymous_18)
FNDA:14417,(anonymous_19)
FNDA:87416,(anonymous_20)
FNDA:417,(anonymous_21)
FNDA:36,(anonymous_22)
FNDA:4,(anonymous_23)
FNDA:1,(anonymous_24)
FNDA:1,(anonymous_25)
FNDA:4,(anonymous_26)
FNDA:22,(anonymous_27)
FNDA:1,(anonymous_28)
FNDA:1,(anonymous_29)
FNDA:1,(anonymous_30)
FNDA:2,(anonymous_31)
FNDA:2,(anonymous_32)
FNDA:1,(anonymous_33)
FNDA:4,(anonymous_34)
FNDA:3,(anonymous_35)
FNDA:3,(anonymous_36)
FNDA:2,(anonymous_37)
FNDA:2,(anonymous_38)
FNDA:1,(anonymous_39)
FNDA:22,(anonymous_40)
FNDA:9,(anonymous_41)
FNDA:6,(anonymous_42)
FNDA:3,(anonymous_43)
FNDA:60,(anonymous_44)
FNDA:51,(anonymous_45)
FNDA:51,(anonymous_46)
FNDA:7,(anonymous_47)
FNDA:6,(anonymous_48)
FNDA:240,(anonymous_49)
FNDA:3,(anonymous_50)
FNDA:1,(anonymous_51)
FNDA:5,(anonymous_52)
FNDA:1,(anonymous_53)
FNDA:2,(anonymous_54)
FNDA:2,(anonymous_55)
FNDA:2,(anonymous_56)
FNDA:2,(anonymous_57)
FNDA:2,(anonymous_58)
FNDA:2,(anonymous_59)
FNDA:4,(anonymous_60)
FNDA:1,(anonymous_61)
FNDA:1,(anonymous_62)
FNDA:2,(anonymous_63)
FNDA:2,(anonymous_64)
FNDA:1,(anonymous_65)
FNDA:2,(anonymous_66)
FNDA:1,(anonymous_67)
FNDA:1,(anonymous_68)
FNDA:1,(anonymous_69)
FNDA:2,(anonymous_70)
FNDA:1,(anonymous_71)
FNDA:2,(anonymous_72)
FNDA:2,(anonymous_73)
FNDA:7,(anonymous_74)
FNDA:1,(anonymous_75)
FNDA:1,(anonymous_76)
FNDA:1,(anonymous_77)
FNDA:1,(anonymous_78)
FNDA:1,(anonymous_79)
FNDA:2896,(anonymous_80)
FNDA:1349,(anonymous_81)
FNDA:2,(anonymous_82)
FNDA:2,(anonymous_83)
FNDA:2,(anonymous_84)
FNDA:2,(anonymous_85)
FNDA:2,(anonymous_86)
FNDA:2,(anonymous_87)
FNDA:1,(anonymous_88)
FNDA:2,(anonymous_89)
FNDA:3,(anonymous_90)
FNDA:1,(anonymous_91)
FNDA:1,(anonymous_92)
FNDA:2,(anonymous_93)
FNDA:2,(anonymous_94)
FNDA:1,(anonymous_95)
FNDA:1,(anonymous_96)
FNDA:1,(anonymous_97)
FNDA:1,(anonymous_98)
FNDA:1,(anonymous_99)
FNDA:1,(anonymous_100)
FNDA:1,(anonymous_101)
FNDA:1,(anonymous_102)
FNDA:1,(anonymous_103)
FNDA:1,(anonymous_104)
FNDA:1,(anonymous_105)
FNDA:1,(anonymous_106)
FNDA:1,(anonymous_107)
FNDA:1,(anonymous_108)
FNDA:10,(anonymous_109)
FNDA:0,(anonymous_110)
FNDA:0,(anonymous_111)
FNDA:13,(anonymous_112)
FNDA:2,(anonymous_113)
FNDA:5,(anonymous_114)
FNDA:5,(anonymous_115)
FNDA:6,(anonymous_116)
FNDA:6,(anonymous_117)
FNDA:32,(anonymous_118)
DA:5,1
DA:6,1
DA:7,1
DA:8,1
DA:12,1
DA:16,1
DA:19,1
DA:24,1
DA:27,82
DA:30,1351
DA:35,67
DA:38,2588
DA:54,1351
DA:60,124
DA:67,20
DA:70,1351
DA:72,65
DA:73,65
DA:74,65
DA:75,65
DA:82,5
DA:89,15
DA:91,15
DA:93,85
DA:94,85
DA:96,12
DA:97,1
DA:98,1
DA:100,11
DA:101,1
DA:102,1
DA:104,10
DA:107,9
DA:111,15
DA:118,54
DA:119,54
DA:120,3184
DA:121,3184
DA:122,3184
DA:123,532
DA:126,3184
DA:127,2
DA:130,3184
DA:131,258
DA:134,54
DA:141,8
DA:144,1351
DA:150,2
DA:157,2
DA:158,2
DA:159,120
DA:161,2
DA:165,1351
DA:168,87416
DA:169,1416
DA:170,1416
DA:171,14417
DA:172,14417
DA:173,13769
DA:175,648
DA:179,14417
DA:181,87416
DA:183,1416
DA:184,417
DA:185,417
DA:186,410
DA:187,410
DA:193,36
DA:194,35
DA:196,1
DA:204,1351
DA:205,1351
DA:206,1351
DA:207,1351
DA:223,4
DA:224,3
DA:225,3
DA:226,3
DA:227,3
DA:228,1
DA:232,1
DA:234,1
DA:239,1
DA:241,3
DA:243,1
DA:258,4
DA:259,4
DA:260,2
DA:263,2
DA:264,2
DA:265,2
DA:267,2
DA:268,2
DA:270,2
DA:274,22
DA:276,22
DA:277,10
DA:278,2
DA:279,2
DA:284,2
DA:287,8
DA:288,1
DA:289,1
DA:294,1
DA:296,7
DA:297,2
DA:299,1
DA:300,1
DA:305,1
DA:307,2
DA:308,1
DA:310,2
DA:312,5
DA:314,2
DA:315,2
DA:316,2
DA:319,5
DA:320,1
DA:322,5
DA:327,12
DA:329,7
DA:330,1
DA:331,1
DA:332,1
DA:335,6
DA:337,4
DA:338,1
DA:340,3
DA:341,3
DA:342,3
DA:343,3
DA:344,3
DA:347,6
DA:348,3
DA:350,3
DA:352,6
DA:356,5
DA:358,1
DA:360,4
DA:361,1
DA:363,3
DA:365,3
DA:367,2
DA:368,2
DA:370,3
DA:371,2
DA:373,1
DA:376,3
DA:405,22
DA:406,22
DA:407,17
DA:408,9
DA:409,9
DA:411,6
DA:413,17
DA:423,3
DA:424,1
DA:426,2
DA:427,1
DA:430,1
DA:432,1
DA:433,1
DA:434,60
DA:437,51
DA:438,51
DA:439,7
DA:442,1
DA:456,6
DA:457,1
DA:459,5
DA:460,1
DA:463,240
DA:464,3
DA:465,4
DA:485,1
DA:486,1
DA:490,5
DA:497,1
DA:514,2
DA:530,2
DA:546,2
DA:563,2
DA:579,2
DA:595,2
DA:617,4
DA:618,1
DA:621,3
DA:625,1
DA:648,2
DA:670,2
DA:687,1
DA:706,2
DA:709,2
DA:726,1
DA:743,1
DA:761,1
DA:780,2
DA:799,1
DA:818,2
DA:837,2
DA:862,7
DA:863,1
DA:866,6
DA:867,1
DA:870,5
DA:871,1
DA:874,4
DA:875,1
DA:878,3
DA:881,3
DA:882,3
DA:884,3
DA:885,1
DA:886,1
DA:887,1
DA:893,1
DA:900,3
DA:918,1
DA:937,1
DA:955,1
DA:967,2896
DA:981,1349
DA:982,1349
DA:983,1349
DA:985,1349
DA:1025,2
DA:1026,1
DA:1029,1
DA:1051,2
DA:1082,2
DA:1083,2
DA:1084,1
DA:1086,2
DA:1105,2
DA:1131,2
DA:1152,2
DA:1170,1
DA:1189,2
DA:1209,3
DA:1226,1
DA:1243,1
DA:1261,2
DA:1280,2
DA:1297,1
DA:1317,1
DA:1336,1
DA:1354,1
DA:1372,1
DA:1391,1
DA:1414,1
DA:1437,1
DA:1460,1
DA:1483,1
DA:1504,1
DA:1524,1
DA:1543,1
DA:1562,1
DA:1571,10
DA:1582,0
DA:1583,0
DA:1594,0
DA:1595,0
DA:1607,13
DA:1608,1
DA:1611,12
DA:1612,1
DA:1614,11
DA:1615,11
DA:1616,11
DA:1624,2
DA:1631,5
DA:1640,5
DA:1649,6
DA:1650,2
DA:1652,4
DA:1659,6
DA:1660,2
DA:1662,4
DA:1670,32
DA:1671,1
DA:1673,31
DA:1674,29
DA:1675,2
DA:1676,1
DA:1678,1
DA:1686,1351
DA:1702,1351
DA:1704,2
DA:1705,1
DA:1707,1
LF:290
LH:286
BRDA:1704,0,0,1
BRDA:1704,0,1,1
BRDA:82,1,0,1
BRDA:82,1,1,4
BRDA:94,2,0,12
BRDA:94,2,1,73
BRDA:96,3,0,1
BRDA:96,3,1,11
BRDA:97,4,0,1
BRDA:97,4,1,0
BRDA:100,5,0,1
BRDA:100,5,1,10
BRDA:101,6,0,1
BRDA:101,6,1,0
BRDA:104,7,0,1
BRDA:104,7,1,9
BRDA:122,8,0,532
BRDA:122,8,1,2652
BRDA:122,9,0,3184
BRDA:122,9,1,761
BRDA:126,10,0,2
BRDA:126,10,1,3182
BRDA:126,11,0,3184
BRDA:126,11,1,761
BRDA:130,12,0,258
BRDA:130,12,1,2926
BRDA:130,13,0,3184
BRDA:130,13,1,2782
BRDA:130,13,2,2951
BRDA:130,13,3,402
BRDA:159,14,0,120
BRDA:159,14,1,4
BRDA:172,15,0,13769
BRDA:172,15,1,648
BRDA:173,16,0,4893
BRDA:173,16,1,8876
BRDA:176,17,0,238
BRDA:176,17,1,410
BRDA:185,18,0,410
BRDA:185,18,1,7
BRDA:193,19,0,35
BRDA:193,19,1,1
BRDA:223,20,0,3
BRDA:223,20,1,1
BRDA:230,21,0,1
BRDA:230,21,1,1
BRDA:236,22,0,1
BRDA:236,22,1,1
BRDA:259,23,0,2
BRDA:259,23,1,2
BRDA:264,24,0,2
BRDA:264,24,1,0
BRDA:267,25,0,2
BRDA:267,25,1,0
BRDA:276,26,0,10
BRDA:276,26,1,12
BRDA:277,27,0,2
BRDA:277,27,1,8
BRDA:287,28,0,1
BRDA:287,28,1,7
BRDA:296,29,0,2
BRDA:296,29,1,5
BRDA:327,30,0,7
BRDA:327,30,1,5
BRDA:329,31,0,1
BRDA:329,31,1,6
BRDA:337,32,0,1
BRDA:337,32,1,3
BRDA:356,33,0,1
BRDA:356,33,1,4
BRDA:360,34,0,1
BRDA:360,34,1,3
BRDA:423,35,0,1
BRDA:423,35,1,2
BRDA:426,36,0,1
BRDA:426,36,1,1
BRDA:426,37,0,2
BRDA:426,37,1,1
BRDA:432,38,0,1
BRDA:432,38,1,0
BRDA:434,39,0,60
BRDA:434,39,1,0
BRDA:434,39,2,60
BRDA:434,39,3,60
BRDA:442,40,0,1
BRDA:442,40,1,0
BRDA:456,41,0,1
BRDA:456,41,1,5
BRDA:459,42,0,1
BRDA:459,42,1,4
BRDA:459,43,0,5
BRDA:459,43,1,1
BRDA:463,44,0,240
BRDA:463,44,1,4
BRDA:465,45,0,4
BRDA:465,45,1,0
BRDA:617,46,0,1
BRDA:617,46,1,3
BRDA:707,47,0,1
BRDA:707,47,1,1
BRDA:709,48,0,1
BRDA:709,48,1,1
BRDA:781,49,0,1
BRDA:781,49,1,1
BRDA:818,50,0,2
BRDA:818,50,1,0
BRDA:840,51,0,1
BRDA:840,51,1,1
BRDA:841,52,0,0
BRDA:841,52,1,2
BRDA:862,53,0,1
BRDA:862,53,1,6
BRDA:866,54,0,1
BRDA:866,54,1,5
BRDA:870,55,0,1
BRDA:870,55,1,4
BRDA:874,56,0,1
BRDA:874,56,1,3
BRDA:982,57,0,1349
BRDA:982,57,1,0
BRDA:1025,58,0,1
BRDA:1025,58,1,1
BRDA:1052,59,0,1
BRDA:1052,59,1,1
BRDA:1083,60,0,1
BRDA:1083,60,1,1
BRDA:1083,61,0,2
BRDA:1083,61,1,1
BRDA:1106,62,0,1
BRDA:1106,62,1,1
BRDA:1132,63,0,1
BRDA:1132,63,1,1
BRDA:1151,64,0,1
BRDA:1190,65,0,1
BRDA:1190,65,1,1
BRDA:1209,66,0,1
BRDA:1209,66,1,2
BRDA:1209,67,0,1
BRDA:1209,67,1,2
BRDA:1262,68,0,1
BRDA:1262,68,1,1
BRDA:1607,69,0,1
BRDA:1607,69,1,12
BRDA:1611,70,0,1
BRDA:1611,70,1,11
BRDA:1631,71,0,5
BRDA:1631,71,1,3
BRDA:1631,71,2,3
BRDA:1631,71,3,3
BRDA:1631,71,4,2
BRDA:1640,72,0,5
BRDA:1640,72,1,3
BRDA:1640,72,2,3
BRDA:1640,72,3,3
BRDA:1640,72,4,2
BRDA:1649,73,0,2
BRDA:1649,73,1,4
BRDA:1649,74,0,6
BRDA:1649,74,1,5
BRDA:1652,75,0,4
BRDA:1652,75,1,2
BRDA:1652,75,2,2
BRDA:1659,76,0,2
BRDA:1659,76,1,4
BRDA:1659,77,0,6
BRDA:1659,77,1,5
BRDA:1662,78,0,4
BRDA:1662,78,1,2
BRDA:1662,78,2,2
BRDA:1670,79,0,1
BRDA:1670,79,1,31
BRDA:1673,80,0,29
BRDA:1673,80,1,2
BRDA:1675,81,0,1
BRDA:1675,81,1,1
BRF:175
BRH:164
end_of_record
TN:
SF:C:\Development\sn-client-js\src\Content\Types.ts
FN:25,(anonymous_0)
FN:33,(anonymous_1)
FN:41,(anonymous_2)
FN:49,(anonymous_3)
FN:50,(anonymous_4)
FN:57,(anonymous_5)
FNF:6
FNH:6
FNDA:14458,(anonymous_0)
FNDA:9312,(anonymous_1)
FNDA:42,(anonymous_2)
FNDA:5141,(anonymous_3)
FNDA:10,(anonymous_4)
FNDA:36,(anonymous_5)
DA:7,1
DA:25,1
DA:26,14458
DA:33,1
DA:34,9312
DA:41,1
DA:42,42
DA:49,1
DA:50,5141
DA:57,1
DA:58,36
LF:11
LH:11
BRDA:26,0,0,14458
BRDA:26,0,1,689
BRDA:26,0,2,21
BRDA:26,0,3,20
BRDA:26,0,4,14438
BRDA:34,1,0,9312
BRDA:34,1,1,436
BRDA:34,1,2,27
BRDA:34,1,3,26
BRDA:34,1,4,25
BRDA:34,1,5,9287
BRDA:50,2,0,5141
BRDA:50,2,1,248
BRDA:50,2,2,9
BRDA:50,2,3,5132
BRDA:58,3,0,36
BRDA:58,3,1,36
BRDA:58,3,2,36
BRDA:58,3,3,36
BRDA:58,3,4,35
BRDA:58,3,5,35
BRDA:58,3,6,35
BRDA:58,3,7,1
BRF:23
BRH:23
end_of_record
TN:
SF:C:\Development\sn-client-js\src\Content\index.ts
FNF:0
FNH:0
DA:47,1
DA:48,1
LF:2
LH:2
BRF:0
BRH:0
end_of_record
TN:
SF:C:\Development\sn-client-js\src\HttpProviders\BaseHttpProvider.ts
FN:10,(anonymous_0)
FN:18,(anonymous_1)
FN:27,(anonymous_2)
FN:36,(anonymous_3)
FN:42,(anonymous_4)
FN:56,(anonymous_5)
FNF:6
FNH:6
FNDA:396,(anonymous_0)
FNDA:27,(anonymous_1)
FNDA:88,(anonymous_2)
FNDA:144,(anonymous_3)
FNDA:1,(anonymous_4)
FNDA:14,(anonymous_5)
DA:10,1
DA:11,396
DA:19,27
DA:28,88
DA:37,144
DA:38,144
DA:39,4
DA:42,144
DA:43,1
DA:46,144
DA:48,144
DA:57,14
DA:59,14
LF:13
LH:13
BRDA:36,0,0,143
BRDA:37,1,0,144
BRDA:37,1,1,137
BRDA:57,2,0,14
BRDA:57,2,1,3
BRF:5
BRH:5
end_of_record
TN:
SF:C:\Development\sn-client-js\src\HttpProviders\RxAjaxHttpProvider.ts
FN:18,(anonymous_0)
FN:35,(anonymous_1)
FN:56,(anonymous_2)
FN:60,(anonymous_3)
FN:66,(anonymous_4)
FN:71,(anonymous_5)
FNF:6
FNH:6
FNDA:3,(anonymous_0)
FNDA:4,(anonymous_1)
FNDA:4,(anonymous_2)
FNDA:9,(anonymous_3)
FNDA:1,(anonymous_4)
FNDA:1,(anonymous_5)
DA:5,1
DA:7,1
DA:9,1
DA:10,1
DA:12,1
DA:17,1
DA:19,3
DA:20,3
DA:21,3
DA:23,3
DA:24,3
DA:27,3
DA:28,3
DA:29,3
DA:31,3
DA:32,3
DA:35,3
DA:36,4
DA:38,3
DA:40,2
DA:41,2
DA:42,1
DA:44,1
DA:46,2
DA:48,1
DA:52,3
DA:53,3
DA:57,4
DA:61,9
DA:62,9
DA:63,9
DA:68,1
DA:69,1
DA:70,1
DA:71,1
LF:35
LH:35
BRDA:36,0,0,3
BRDA:36,0,1,1
BRDA:39,1,0,2
BRDA:39,1,1,1
BRDA:68,2,0,1
BRDA:68,2,1,1
BRF:6
BRH:6
end_of_record
TN:
SF:C:\Development\sn-client-js\src\HttpProviders\index.ts
FNF:0
FNH:0
DA:6,1
DA:7,1
LF:2
LH:2
BRF:0
BRH:0
end_of_record
TN:
SF:C:\Development\sn-client-js\src\ODataApi\CustomAction.ts
FN:18,(anonymous_0)
FNF:1
FNH:1
FNDA:102,(anonymous_0)
DA:10,1
DA:14,102
DA:15,102
DA:16,102
DA:17,102
DA:19,102
DA:20,102
DA:21,102
DA:22,102
DA:23,102
DA:24,102
DA:25,34
DA:27,102
DA:28,59
LF:14
LH:14
BRDA:22,0,0,102
BRDA:22,0,1,17
BRDA:23,1,0,102
BRDA:23,1,1,98
BRDA:24,2,0,34
BRDA:24,2,1,68
BRDA:27,3,0,59
BRDA:27,3,1,43
BRF:8
BRH:8
end_of_record
TN:
SF:C:\Development\sn-client-js\src\ODataApi\ODataApi.ts
FN:27,(anonymous_0)
FN:112,(anonymous_1)
FN:48,(anonymous_2)
FN:70,(anonymous_3)
FN:95,(anonymous_4)
FN:101,(anonymous_5)
FN:132,(anonymous_6)
FN:136,(anonymous_7)
FN:157,(anonymous_8)
FN:160,(anonymous_9)
FN:172,(anonymous_10)
FN:203,(anonymous_11)
FN:209,(anonymous_12)
FN:221,(anonymous_13)
FN:227,(anonymous_14)
FN:238,(anonymous_15)
FN:244,(anonymous_16)
FNF:17
FNH:17
FNDA:388,(anonymous_0)
FNDA:4,(anonymous_1)
FNDA:33,(anonymous_2)
FNDA:17,(anonymous_3)
FNDA:9,(anonymous_4)
FNDA:5,(anonymous_5)
FNDA:9,(anonymous_6)
FNDA:4,(anonymous_7)
FNDA:3,(anonymous_8)
FNDA:1,(anonymous_9)
FNDA:89,(anonymous_10)
FNDA:3,(anonymous_11)
FNDA:1,(anonymous_12)
FNDA:11,(anonymous_13)
FNDA:4,(anonymous_14)
FNDA:1,(anonymous_15)
FNDA:1,(anonymous_16)
DA:9,1
DA:10,1
DA:18,1
DA:28,388
DA:50,33
DA:72,17
DA:98,9
DA:99,9
DA:101,5
DA:112,388
DA:113,4
DA:134,9
DA:135,9
DA:136,4
DA:158,3
DA:159,3
DA:160,1
DA:174,89
DA:175,89
DA:176,89
DA:177,89
DA:178,89
DA:179,63
DA:180,26
DA:181,25
DA:183,1
DA:184,1
DA:190,1
DA:192,88
DA:193,85
DA:196,88
DA:197,1
DA:198,1
DA:201,88
DA:202,13
DA:203,13
DA:204,3
DA:210,1
DA:217,13
DA:219,75
DA:220,60
DA:221,60
DA:222,11
DA:228,4
DA:235,60
DA:237,15
DA:238,15
DA:239,1
DA:245,1
DA:252,15
LF:50
LH:50
BRDA:174,0,0,89
BRDA:174,0,1,87
BRDA:176,1,0,3
BRDA:176,1,1,86
BRDA:178,2,0,63
BRDA:178,2,1,26
BRDA:180,3,0,25
BRDA:180,3,1,1
BRDA:192,4,0,85
BRDA:192,4,1,3
BRDA:196,5,0,1
BRDA:196,5,1,87
BRDA:201,6,0,13
BRDA:201,6,1,75
BRDA:201,7,0,88
BRDA:201,7,1,88
BRDA:219,8,0,60
BRDA:219,8,1,15
BRDA:219,9,0,75
BRDA:219,9,1,60
BRF:20
BRH:20
end_of_record
TN:
SF:C:\Development\sn-client-js\src\ODataApi\ODataBatchResponse.ts
FNF:0
FNH:0
DA:11,1
LF:1
LH:1
BRF:0
BRH:0
end_of_record
TN:
SF:C:\Development\sn-client-js\src\ODataApi\ODataCollectionResponse.ts
FNF:0
FNH:0
DA:10,1
LF:1
LH:1
BRF:0
BRH:0
end_of_record
TN:
SF:C:\Development\sn-client-js\src\ODataApi\ODataParams.ts
FNF:0
FNH:0
DA:19,1
LF:1
LH:1
BRF:0
BRH:0
end_of_record
TN:
SF:C:\Development\sn-client-js\src\ODataApi\ODataRequestOptions.ts
FNF:0
FNH:0
DA:10,1
LF:1
LH:1
BRF:0
BRH:0
end_of_record
TN:
SF:C:\Development\sn-client-js\src\ODataApi\ODataResponse.ts
FNF:0
FNH:0
DA:10,1
LF:1
LH:1
BRF:0
BRH:0
end_of_record
TN:
SF:C:\Development\sn-client-js\src\ODataApi\index.ts
FNF:0
FNH:0
DA:7,1
DA:8,1
DA:9,1
DA:10,1
DA:11,1
DA:12,1
DA:13,1
LF:7
LH:7
BRF:0
BRH:0
end_of_record
TN:
SF:C:\Development\sn-client-js\src\Query\Query.ts
FN:38,(anonymous_0)
FN:26,(anonymous_1)
FN:34,(anonymous_2)
FN:35,(anonymous_3)
FN:50,(anonymous_4)
FN:56,(anonymous_5)
FN:58,(anonymous_6)
FN:69,(anonymous_7)
FN:86,(anonymous_8)
FNF:9
FNH:9
FNDA:39,(anonymous_0)
FNDA:85,(anonymous_1)
FNDA:39,(anonymous_2)
FNDA:84,(anonymous_3)
FNDA:4,(anonymous_4)
FNDA:4,(anonymous_5)
FNDA:5,(anonymous_6)
FNDA:9,(anonymous_7)
FNDA:4,(anonymous_8)
DA:6,1
DA:19,1
DA:20,39
DA:27,85
DA:35,84
DA:39,39
DA:40,39
DA:51,4
DA:52,4
DA:57,4
DA:58,5
DA:68,1
DA:70,9
DA:71,9
DA:72,9
DA:73,9
DA:87,4
LF:17
LH:17
BRDA:50,0,0,0
BRDA:72,1,0,2
BRF:2
BRH:1
end_of_record
TN:
SF:C:\Development\sn-client-js\src\Query\QueryResult.ts
FNF:0
FNH:0
DA:9,1
LF:1
LH:1
BRF:0
BRH:0
end_of_record
TN:
SF:C:\Development\sn-client-js\src\Query\QuerySegment.ts
FN:61,(anonymous_0)
FN:18,(anonymous_1)
FN:29,(anonymous_2)
FN:38,(anonymous_3)
FN:48,(anonymous_4)
FN:57,(anonymous_5)
FN:65,(anonymous_6)
FN:82,(anonymous_7)
FN:92,(anonymous_8)
FN:103,(anonymous_9)
FN:115,(anonymous_10)
FN:125,(anonymous_11)
FN:136,(anonymous_12)
FN:148,(anonymous_13)
FN:161,(anonymous_14)
FN:172,(anonymous_15)
FN:183,(anonymous_16)
FN:192,(anonymous_17)
FN:202,(anonymous_18)
FN:208,(anonymous_19)
FN:220,(anonymous_20)
FN:228,(anonymous_21)
FN:233,(anonymous_22)
FNF:23
FNH:23
FNDA:124,(anonymous_0)
FNDA:38,(anonymous_1)
FNDA:3,(anonymous_2)
FNDA:9,(anonymous_3)
FNDA:7,(anonymous_4)
FNDA:84,(anonymous_5)
FNDA:19,(anonymous_6)
FNDA:1,(anonymous_7)
FNDA:4,(anonymous_8)
FNDA:2,(anonymous_9)
FNDA:3,(anonymous_10)
FNDA:6,(anonymous_11)
FNDA:19,(anonymous_12)
FNDA:3,(anonymous_13)
FNDA:3,(anonymous_14)
FNDA:2,(anonymous_15)
FNDA:2,(anonymous_16)
FNDA:4,(anonymous_17)
FNDA:1,(anonymous_18)
FNDA:50,(anonymous_19)
FNDA:12,(anonymous_20)
FNDA:4,(anonymous_21)
FNDA:16,(anonymous_22)
DA:5,1
DA:11,1
DA:19,38
DA:30,3
DA:31,3
DA:39,9
DA:40,9
DA:49,7
DA:50,7
DA:58,84
DA:61,124
DA:66,19
DA:67,19
DA:75,1
DA:83,1
DA:84,1
DA:93,4
DA:94,4
DA:95,4
DA:104,2
DA:105,2
DA:106,2
DA:116,3
DA:117,3
DA:126,6
DA:127,6
DA:137,19
DA:138,19
DA:149,3
DA:150,3
DA:162,3
DA:163,3
DA:173,2
DA:174,2
DA:184,2
DA:185,2
DA:193,4
DA:194,4
DA:195,4
DA:203,1
DA:204,1
DA:205,1
DA:209,50
DA:210,50
DA:215,1
DA:221,12
DA:222,12
DA:229,4
DA:230,4
DA:234,16
DA:235,16
LF:51
LH:51
BRDA:19,0,0,25
BRDA:19,0,1,13
BRDA:29,1,0,2
BRDA:30,2,0,1
BRDA:30,2,1,2
BRDA:93,3,0,1
BRDA:93,3,1,3
BRDA:104,4,0,1
BRDA:104,4,1,1
BRDA:161,5,0,2
BRDA:161,6,0,2
BRDA:162,7,0,1
BRDA:162,7,1,2
BRDA:162,8,0,1
BRDA:162,8,1,2
BRDA:172,9,0,1
BRDA:173,10,0,1
BRDA:173,10,1,1
BRDA:183,11,0,1
BRDA:184,12,0,1
BRDA:184,12,1,1
BRF:21
BRH:21
end_of_record
TN:
SF:C:\Development\sn-client-js\src\Query\index.ts
FNF:0
FNH:0
DA:10,1
DA:11,1
DA:12,1
LF:3
LH:3
BRF:0
BRH:0
end_of_record
TN:
SF:C:\Development\sn-client-js\src\Repository\ActionModel.ts
FNF:0
FNH:0
DA:8,1
LF:1
LH:1
BRF:0
BRH:0
end_of_record
TN:
SF:C:\Development\sn-client-js\src\Repository\BaseRepository.ts
FN:341,(anonymous_6)
FN:482,(anonymous_7)
FN:533,(anonymous_8)
FN:676,(anonymous_9)
FN:679,(anonymous_10)
FN:33,(anonymous_11)
FN:37,(anonymous_12)
FN:38,(anonymous_13)
FN:50,(anonymous_14)
FN:58,(anonymous_15)
FN:72,(anonymous_16)
FN:83,(anonymous_17)
FN:96,(anonymous_18)
FN:97,(anonymous_19)
FN:113,(anonymous_20)
FN:146,(anonymous_21)
FN:160,(anonymous_22)
FN:162,(anonymous_23)
FN:183,(anonymous_24)
FN:187,(anonymous_25)
FN:206,(anonymous_26)
FN:228,(anonymous_27)
FN:232,(anonymous_28)
FN:240,(anonymous_29)
FN:241,(anonymous_31)
FN:242,(anonymous_32)
FN:247,(anonymous_33)
FN:249,(anonymous_34)
FN:250,(anonymous_35)
FN:251,(anonymous_36)
FN:255,(anonymous_37)
FN:256,(anonymous_39)
FN:261,(anonymous_40)
FN:261,(anonymous_41)
FN:263,(anonymous_42)
FN:264,(anonymous_43)
FN:264,(anonymous_44)
FN:270,(anonymous_45)
FN:274,(anonymous_46)
FN:286,(anonymous_48)
FN:289,(anonymous_50)
FN:294,(anonymous_51)
FN:294,(anonymous_52)
FN:299,(anonymous_53)
FN:315,(anonymous_54)
FN:322,(anonymous_55)
FN:370,(anonymous_56)
FN:387,(anonymous_57)
FN:395,(anonymous_58)
FN:396,(anonymous_59)
FN:411,(anonymous_60)
FN:455,(anonymous_61)
FN:470,(anonymous_62)
FN:491,(anonymous_63)
FN:549,(anonymous_64)
FN:557,(anonymous_65)
FN:563,(anonymous_66)
FN:565,(anonymous_67)
FN:569,(anonymous_68)
FN:573,(anonymous_69)
FN:591,(anonymous_70)
FN:600,(anonymous_71)
FN:606,(anonymous_72)
FN:608,(anonymous_73)
FN:610,(anonymous_74)
FN:616,(anonymous_75)
FN:618,(anonymous_76)
FN:625,(anonymous_77)
FN:643,(anonymous_78)
FN:652,(anonymous_79)
FN:659,(anonymous_80)
FN:661,(anonymous_81)
FN:665,(anonymous_82)
FN:669,(anonymous_83)
FN:686,(anonymous_84)
FN:687,(anonymous_85)
FN:688,(anonymous_86)
FN:695,(anonymous_87)
FN:705,(anonymous_88)
FN:722,(anonymous_89)
FN:735,(anonymous_90)
FN:739,(anonymous_91)
FN:745,(anonymous_92)
FN:751,(anonymous_93)
FNF:84
FNH:83
FNDA:388,(anonymous_6)
FNDA:206,(anonymous_7)
FNDA:3,(anonymous_8)
FNDA:4,(anonymous_9)
FNDA:4,(anonymous_10)
FNDA:143,(anonymous_11)
FNDA:178,(anonymous_12)
FNDA:156,(anonymous_13)
FNDA:165,(anonymous_14)
FNDA:134,(anonymous_15)
FNDA:7,(anonymous_16)
FNDA:5,(anonymous_17)
FNDA:2,(anonymous_18)
FNDA:2,(anonymous_19)
FNDA:1,(anonymous_20)
FNDA:2,(anonymous_21)
FNDA:2,(anonymous_22)
FNDA:2,(anonymous_23)
FNDA:6,(anonymous_24)
FNDA:6,(anonymous_25)
FNDA:6,(anonymous_26)
FNDA:4,(anonymous_27)
FNDA:2,(anonymous_28)
FNDA:5,(anonymous_29)
FNDA:5,(anonymous_31)
FNDA:4,(anonymous_32)
FNDA:3,(anonymous_33)
FNDA:2,(anonymous_34)
FNDA:0,(anonymous_35)
FNDA:1,(anonymous_36)
FNDA:2,(anonymous_37)
FNDA:2,(anonymous_39)
FNDA:1,(anonymous_40)
FNDA:1,(anonymous_41)
FNDA:1,(anonymous_42)
FNDA:1,(anonymous_43)
FNDA:1,(anonymous_44)
FNDA:1,(anonymous_45)
FNDA:7,(anonymous_46)
FNDA:7,(anonymous_48)
FNDA:6,(anonymous_50)
FNDA:1,(anonymous_51)
FNDA:1,(anonymous_52)
FNDA:1,(anonymous_53)
FNDA:1,(anonymous_54)
FNDA:130,(anonymous_55)
FNDA:1,(anonymous_56)
FNDA:1,(anonymous_57)
FNDA:1,(anonymous_58)
FNDA:1,(anonymous_59)
FNDA:1190,(anonymous_60)
FNDA:14,(anonymous_61)
FNDA:9,(anonymous_62)
FNDA:2,(anonymous_63)
FNDA:10,(anonymous_64)
FNDA:9,(anonymous_65)
FNDA:4,(anonymous_66)
FNDA:1,(anonymous_67)
FNDA:1,(anonymous_68)
FNDA:1,(anonymous_69)
FNDA:4,(anonymous_70)
FNDA:4,(anonymous_71)
FNDA:3,(anonymous_72)
FNDA:1,(anonymous_73)
FNDA:1,(anonymous_74)
FNDA:1,(anonymous_75)
FNDA:1,(anonymous_76)
FNDA:1,(anonymous_77)
FNDA:4,(anonymous_78)
FNDA:4,(anonymous_79)
FNDA:3,(anonymous_80)
FNDA:1,(anonymous_81)
FNDA:1,(anonymous_82)
FNDA:1,(anonymous_83)
FNDA:388,(anonymous_84)
FNDA:675,(anonymous_85)
FNDA:305,(anonymous_86)
FNDA:2,(anonymous_87)
FNDA:2,(anonymous_88)
FNDA:1,(anonymous_89)
FNDA:3231,(anonymous_90)
FNDA:4929,(anonymous_91)
FNDA:19400,(anonymous_92)
FNDA:62015,(anonymous_93)
DA:6,1
DA:8,1
DA:9,1
DA:10,1
DA:11,1
DA:12,1
DA:13,1
DA:15,1
DA:16,1
DA:17,1
DA:18,1
DA:19,1
DA:24,1
DA:27,388
DA:34,143
DA:38,178
DA:56,165
DA:57,165
DA:59,134
DA:60,35
DA:62,134
DA:73,7
DA:74,7
DA:81,7
DA:82,7
DA:84,5
DA:85,5
DA:86,5
DA:88,5
DA:91,3
DA:92,3
DA:97,2
DA:98,2
DA:102,2
DA:109,2
DA:110,2
DA:111,2
DA:114,1
DA:122,1
DA:132,2
DA:133,2
DA:147,2
DA:148,2
DA:155,2
DA:159,2
DA:161,2
DA:163,2
DA:165,2
DA:166,2
DA:172,2
DA:173,2
DA:179,3
DA:185,6
DA:186,6
DA:189,6
DA:190,6
DA:192,6
DA:194,6
DA:207,6
DA:214,6
DA:215,6
DA:221,6
DA:222,6
DA:225,6
DA:226,2
DA:228,4
DA:233,2
DA:234,2
DA:241,5
DA:242,5
DA:243,4
DA:247,3
DA:249,2
DA:250,0
DA:251,1
DA:256,2
DA:257,2
DA:261,1
DA:262,1
DA:263,1
DA:264,1
DA:265,1
DA:266,1
DA:269,1
DA:270,1
DA:276,7
DA:277,7
DA:278,2
DA:280,6
DA:281,5
DA:287,7
DA:289,6
DA:291,6
DA:294,1
DA:295,1
DA:296,1
DA:317,1
DA:318,1
DA:323,130
DA:345,388
DA:346,388
DA:349,388
DA:350,388
DA:352,388
DA:371,1
DA:388,1
DA:396,1
DA:400,388
DA:414,1190
DA:416,1190
DA:417,1171
DA:418,1171
DA:419,56
DA:421,56
DA:423,1115
DA:424,1115
DA:428,19
DA:431,1190
DA:432,1190
DA:433,1190
DA:460,14
DA:464,14
DA:468,14
DA:471,9
DA:481,388
DA:483,206
DA:492,2
DA:493,2
DA:494,1
DA:496,1
DA:499,388
DA:532,388
DA:533,3
DA:550,10
DA:557,9
DA:563,10
DA:564,4
DA:565,2
DA:566,1
DA:569,2
DA:570,1
DA:576,10
DA:592,4
DA:600,4
DA:606,4
DA:607,3
DA:608,2
DA:609,1
DA:610,1
DA:616,2
DA:617,1
DA:618,1
DA:628,4
DA:644,4
DA:652,4
DA:659,4
DA:660,3
DA:661,2
DA:662,1
DA:665,2
DA:666,1
DA:672,4
DA:675,388
DA:676,388
DA:677,4
DA:680,4
DA:681,4
DA:685,388
DA:687,675
DA:689,305
DA:690,5
DA:691,5
DA:693,300
DA:694,2
DA:695,2
DA:706,2
DA:707,1
DA:708,1
DA:710,1
DA:723,1
DA:724,1
DA:736,3231
DA:740,4929
DA:741,388
DA:744,4929
DA:745,19400
DA:748,4929
DA:749,2833
DA:751,62015
DA:752,2096
DA:753,7
DA:755,2089
DA:756,2089
DA:758,2089
DA:759,1698
DA:761,2089
DA:762,2089
LF:197
LH:196
BRDA:681,0,0,4
BRDA:681,0,1,2
BRDA:59,1,0,35
BRDA:59,1,1,99
BRDA:88,2,0,3
BRDA:88,2,1,2
BRDA:183,3,0,2
BRDA:190,4,0,0
BRDA:190,4,1,6
BRDA:225,5,0,2
BRDA:225,5,1,4
BRDA:277,6,0,2
BRDA:277,6,1,5
BRDA:277,7,0,7
BRDA:277,7,1,3
BRDA:280,8,0,5
BRDA:280,8,1,1
BRDA:287,9,0,6
BRDA:287,9,1,1
BRDA:295,10,0,1
BRDA:295,10,1,0
BRDA:414,11,0,1190
BRDA:414,11,1,1150
BRDA:414,11,2,1039
BRDA:414,11,3,111
BRDA:416,12,0,1171
BRDA:416,12,1,19
BRDA:418,13,0,56
BRDA:418,13,1,1115
BRDA:461,14,0,1
BRDA:461,14,1,13
BRDA:493,15,0,1
BRDA:493,15,1,1
BRDA:549,16,0,5
BRDA:549,17,0,10
BRDA:557,18,0,9
BRDA:557,18,1,1
BRDA:557,18,2,0
BRDA:564,19,0,2
BRDA:564,19,1,2
BRDA:591,20,0,4
BRDA:600,21,0,4
BRDA:600,21,1,0
BRDA:607,22,0,2
BRDA:607,22,1,1
BRDA:643,23,0,4
BRDA:652,24,0,4
BRDA:652,24,1,0
BRDA:660,25,0,2
BRDA:660,25,1,1
BRDA:689,26,0,5
BRDA:689,26,1,300
BRDA:693,27,0,2
BRDA:693,27,1,298
BRDA:706,28,0,1
BRDA:706,28,1,1
BRDA:740,29,0,388
BRDA:740,29,1,4541
BRDA:744,30,0,388
BRDA:744,30,1,4541
BRDA:748,31,0,2833
BRDA:748,31,1,2096
BRDA:752,32,0,7
BRDA:752,32,1,2089
BRDA:756,33,0,2089
BRDA:756,33,1,1698
BRDA:758,34,0,1698
BRDA:758,34,1,391
BRF:68
BRH:63
end_of_record
TN:
SF:C:\Development\sn-client-js\src\Repository\RepositoryEventHub.ts
FN:14,(anonymous_0)
FN:170,(anonymous_1)
FN:188,(anonymous_2)
FN:189,(anonymous_3)
FN:191,(anonymous_4)
FN:192,(anonymous_5)
FN:194,(anonymous_6)
FN:196,(anonymous_7)
FN:197,(anonymous_8)
FN:199,(anonymous_9)
FN:200,(anonymous_10)
FN:202,(anonymous_11)
FN:203,(anonymous_12)
FN:205,(anonymous_13)
FNF:14
FNH:14
FNDA:1,(anonymous_0)
FNDA:388,(anonymous_1)
FNDA:8,(anonymous_2)
FNDA:6,(anonymous_3)
FNDA:5,(anonymous_4)
FNDA:6,(anonymous_5)
FNDA:1190,(anonymous_6)
FNDA:2,(anonymous_7)
FNDA:2,(anonymous_8)
FNDA:15,(anonymous_9)
FNDA:7,(anonymous_10)
FNDA:2,(anonymous_11)
FNDA:2,(anonymous_12)
FNDA:10,(anonymous_13)
DA:7,1
DA:14,1
DA:15,1
DA:22,1
DA:34,1
DA:50,1
DA:65,1
DA:72,1
DA:83,1
DA:99,1
DA:115,1
DA:135,1
DA:150,1
DA:170,1
DA:171,388
DA:172,388
DA:173,388
DA:174,388
DA:175,388
DA:176,388
DA:177,388
DA:178,388
DA:179,388
DA:180,388
DA:181,388
DA:182,388
DA:187,388
DA:188,8
DA:189,6
DA:191,5
DA:192,6
DA:194,1190
DA:196,2
DA:197,2
DA:199,15
DA:200,7
DA:202,2
DA:203,2
DA:205,10
DA:211,388
DA:216,388
DA:221,388
DA:226,388
DA:231,388
DA:236,388
DA:241,388
DA:246,388
DA:251,388
DA:256,388
DA:261,388
DA:266,388
LF:51
LH:51
BRDA:14,0,0,1
BRDA:14,0,1,1
BRF:2
BRH:2
end_of_record
TN:
SF:C:\Development\sn-client-js\src\Repository\SnRepository.ts
FN:18,(anonymous_0)
FNF:1
FNH:1
FNDA:5,(anonymous_0)
DA:5,1
DA:6,1
DA:7,1
DA:8,1
DA:14,1
DA:19,5
LF:6
LH:6
BRF:0
BRH:0
end_of_record
TN:
SF:C:\Development\sn-client-js\src\Repository\UploadModels.ts
FN:107,(anonymous_0)
FNF:1
FNH:1
FNDA:3,(anonymous_0)
DA:11,1
DA:34,1
DA:41,1
DA:52,1
DA:63,1
DA:82,1
DA:89,1
DA:108,3
DA:109,3
DA:110,3
DA:111,3
LF:11
LH:11
BRF:0
BRH:0
end_of_record
TN:
SF:C:\Development\sn-client-js\src\Repository\VersionInfoModels.ts
FN:11,(anonymous_0)
FNF:1
FNH:1
FNDA:1,(anonymous_0)
DA:11,1
DA:15,1
DA:20,1
DA:25,1
DA:31,1
DA:41,1
DA:51,1
DA:66,1
LF:8
LH:8
BRDA:11,0,0,1
BRDA:11,0,1,1
BRF:2
BRH:2
end_of_record
TN:
SF:C:\Development\sn-client-js\src\Repository\index.ts
FNF:0
FNH:0
DA:8,1
DA:9,1
DA:10,1
DA:11,1
DA:12,1
DA:13,1
LF:6
LH:6
BRF:0
BRH:0
end_of_record
